<?xml version="1.0" encoding="UTF-8"?>
<!-- Generated by org.testng.reporters.JUnitReportReporter -->
<testsuite hostname="Svetlanas-MacBook-Pro.local" name="javatest.com.epam.cdp.testngtests.PowSqrtTest" tests="14" failures="0" timestamp="23 Jun 2017 23:12:44 GMT" time="0.005" errors="1">
  <testcase name="testPowByDouble" time="0.001" classname="javatest.com.epam.cdp.testngtests.PowSqrtTest"/>
  <testcase name="testSqrtOfDouble" time="0.000" classname="javatest.com.epam.cdp.testngtests.PowSqrtTest"/>
  <testcase name="testPowByOne" time="0.001" classname="javatest.com.epam.cdp.testngtests.PowSqrtTest"/>
  <testcase name="testSqrtOfOne" time="0.000" classname="javatest.com.epam.cdp.testngtests.PowSqrtTest"/>
  <testcase name="testPowByInt" time="0.000" classname="javatest.com.epam.cdp.testngtests.PowSqrtTest"/>
  <testcase name="testSqrtOfOne" time="0.000" classname="javatest.com.epam.cdp.testngtests.PowSqrtTest"/>
  <testcase name="testPowByInt" time="0.001" classname="javatest.com.epam.cdp.testngtests.PowSqrtTest"/>
  <testcase name="testSqrtOfZero" time="0.000" classname="javatest.com.epam.cdp.testngtests.PowSqrtTest"/>
  <testcase name="testSqrtOfInt" time="0.000" classname="javatest.com.epam.cdp.testngtests.PowSqrtTest"/>
  <testcase name="testSqrtOfInt" time="0.000" classname="javatest.com.epam.cdp.testngtests.PowSqrtTest"/>
  <testcase name="testSqrtOfNeg" time="0.001" classname="javatest.com.epam.cdp.testngtests.PowSqrtTest">
    <error type="java.lang.AssertionError" message="expected [-1.732] but found [1.732]">
      <![CDATA[java.lang.AssertionError: expected [-1.732] but found [1.732]
	at org.testng.Assert.fail(Assert.java:94)
	at org.testng.Assert.failNotEquals(Assert.java:494)
	at org.testng.Assert.assertEquals(Assert.java:123)
	at org.testng.Assert.assertEquals(Assert.java:165)
	at javatest.com.epam.cdp.testngtests.PowSqrtTest.testSqrtOfNeg(PowSqrtTest.java:69)
	at sun.reflect.NativeMethodAccessorImpl.invoke0(Native Method)
	at sun.reflect.NativeMethodAccessorImpl.invoke(NativeMethodAccessorImpl.java:62)
	at sun.reflect.DelegatingMethodAccessorImpl.invoke(DelegatingMethodAccessorImpl.java:43)
	at java.lang.reflect.Method.invoke(Method.java:497)
	at org.testng.internal.MethodInvocationHelper.invokeMethod(MethodInvocationHelper.java:80)
	at org.testng.internal.Invoker.invokeMethod(Invoker.java:714)
	at org.testng.internal.Invoker.invokeTestMethod(Invoker.java:901)
	at org.testng.internal.Invoker.invokeTestMethods(Invoker.java:1231)
	at org.testng.internal.TestMethodWorker.invokeTestMethods(TestMethodWorker.java:127)
	at org.testng.internal.TestMethodWorker.run(TestMethodWorker.java:111)
	at org.testng.TestRunner.privateRun(TestRunner.java:767)
	at org.testng.TestRunner.run(TestRunner.java:617)
	at org.testng.SuiteRunner.runTest(SuiteRunner.java:334)
	at org.testng.SuiteRunner.runSequentially(SuiteRunner.java:329)
	at org.testng.SuiteRunner.privateRun(SuiteRunner.java:291)
	at org.testng.SuiteRunner.run(SuiteRunner.java:240)
	at org.testng.SuiteRunnerWorker.runSuite(SuiteRunnerWorker.java:52)
	at org.testng.SuiteRunnerWorker.run(SuiteRunnerWorker.java:86)
	at org.testng.TestNG.runSuitesSequentially(TestNG.java:1198)
	at org.testng.TestNG.runSuitesSequentially(TestNG.java:1194)
	at org.testng.TestNG.runSuitesLocally(TestNG.java:1123)
	at org.testng.TestNG.run(TestNG.java:1031)
	at javatest.com.epam.cdp.testngtests.TestRunner.main(TestRunner.java:28)
]]>
    </error>
  </testcase> <!-- testSqrtOfNeg -->
  <testcase name="testPowByZero" time="0.000" classname="javatest.com.epam.cdp.testngtests.PowSqrtTest"/>
  <testcase name="testPowByZero" time="0.001" classname="javatest.com.epam.cdp.testngtests.PowSqrtTest"/>
  <testcase name="testPowByNeg" time="0.000" classname="javatest.com.epam.cdp.testngtests.PowSqrtTest"/>
</testsuite> <!-- javatest.com.epam.cdp.testngtests.PowSqrtTest -->
