<html>
<head>
<title>TestNG:  Calculator - all-tests</title>
<link href="../testng.css" rel="stylesheet" type="text/css" />
<link href="../my-testng.css" rel="stylesheet" type="text/css" />

<style type="text/css">
.log { display: none;} 
.stack-trace { display: none;} 
</style>
<script type="text/javascript">
<!--
function flip(e) {
  current = e.style.display;
  if (current == 'block') {
    e.style.display = 'none';
    return 0;
  }
  else {
    e.style.display = 'block';
    return 1;
  }
}

function toggleBox(szDivId, elem, msg1, msg2)
{
  var res = -1;  if (document.getElementById) {
    res = flip(document.getElementById(szDivId));
  }
  else if (document.all) {
    // this is the way old msie versions work
    res = flip(document.all[szDivId]);
  }
  if(elem) {
    if(res == 0) elem.innerHTML = msg1; else elem.innerHTML = msg2;
  }

}

function toggleAllBoxes() {
  if (document.getElementsByTagName) {
    d = document.getElementsByTagName('div');
    for (i = 0; i < d.length; i++) {
      if (d[i].className == 'log') {
        flip(d[i]);
      }
    }
  }
}

// -->
</script>

</head>
<body>
<h2 align='center'>Calculator - all-tests</h2><table border='1' align="center">
<tr>
<td>Tests passed/Failed/Skipped:</td><td>46/12/0</td>
</tr><tr>
<td>Started on:</td><td>Fri Jun 23 16:12:43 PDT 2017</td>
</tr>
<tr><td>Total time:</td><td>0 seconds (53 ms)</td>
</tr><tr>
<td>Included groups:</td><td></td>
</tr><tr>
<td>Excluded groups:</td><td></td>
</tr>
</table><p/>
<small><i>(Hover the method name to see the test class name)</i></small><p/>
<table width='100%' border='1' class='invocation-failed'>
<tr><td colspan='4' align='center'><b>FAILED TESTS</b></td></tr>
<tr><td><b>Test method</b></td>
<td width="30%"><b>Exception</b></td>
<td width="10%"><b>Time (seconds)</b></td>
<td><b>Instance</b></td>
</tr>
<tr>
<td title='javatest.com.epam.cdp.testngtests.MultTest.DoubleMultTest()'><b>DoubleMultTest</b><br>Test class: javatest.com.epam.cdp.testngtests.MultTest<br>Parameters: -1, 0.34, -0.34</td>
<td><div><pre>java.lang.AssertionError: expected [-0.34] but found [-1.0]
	at javatest.com.epam.cdp.testngtests.MultTest.DoubleMultTest(MultTest.java:41)
	at javatest.com.epam.cdp.testngtests.TestRunner.main(TestRunner.java:28)
... Removed 26 stack frames</pre></div><a href='#' onClick='toggleBox("stack-trace55909012", this, "Click to show all stack frames", "Click to hide stack frames")'>Click to show all stack frames</a>
<div class='stack-trace' id='stack-trace55909012'><pre>java.lang.AssertionError: expected [-0.34] but found [-1.0]
	at org.testng.Assert.fail(Assert.java:94)
	at org.testng.Assert.failNotEquals(Assert.java:494)
	at org.testng.Assert.assertEquals(Assert.java:123)
	at org.testng.Assert.assertEquals(Assert.java:165)
	at javatest.com.epam.cdp.testngtests.MultTest.DoubleMultTest(MultTest.java:41)
	at sun.reflect.NativeMethodAccessorImpl.invoke0(Native Method)
	at sun.reflect.NativeMethodAccessorImpl.invoke(NativeMethodAccessorImpl.java:62)
	at sun.reflect.DelegatingMethodAccessorImpl.invoke(DelegatingMethodAccessorImpl.java:43)
	at java.lang.reflect.Method.invoke(Method.java:497)
	at org.testng.internal.MethodInvocationHelper.invokeMethod(MethodInvocationHelper.java:80)
	at org.testng.internal.Invoker.invokeMethod(Invoker.java:714)
	at org.testng.internal.Invoker.invokeTestMethod(Invoker.java:901)
	at org.testng.internal.Invoker.invokeTestMethods(Invoker.java:1231)
	at org.testng.internal.TestMethodWorker.invokeTestMethods(TestMethodWorker.java:127)
	at org.testng.internal.TestMethodWorker.run(TestMethodWorker.java:111)
	at org.testng.TestRunner.privateRun(TestRunner.java:767)
	at org.testng.TestRunner.run(TestRunner.java:617)
	at org.testng.SuiteRunner.runTest(SuiteRunner.java:334)
	at org.testng.SuiteRunner.runSequentially(SuiteRunner.java:329)
	at org.testng.SuiteRunner.privateRun(SuiteRunner.java:291)
	at org.testng.SuiteRunner.run(SuiteRunner.java:240)
	at org.testng.SuiteRunnerWorker.runSuite(SuiteRunnerWorker.java:52)
	at org.testng.SuiteRunnerWorker.run(SuiteRunnerWorker.java:86)
	at org.testng.TestNG.runSuitesSequentially(TestNG.java:1198)
	at org.testng.TestNG.runSuitesSequentially(TestNG.java:1194)
	at org.testng.TestNG.runSuitesLocally(TestNG.java:1123)
	at org.testng.TestNG.run(TestNG.java:1031)
	at javatest.com.epam.cdp.testngtests.TestRunner.main(TestRunner.java:28)
</pre></div></td>
<td>0</td>
<td>javatest.com.epam.cdp.testngtests.MultTest@18e8568</td></tr>
<tr>
<td title='javatest.com.epam.cdp.testngtests.TrigonometryTest.cos0()'><b>cos0</b><br>Test class: javatest.com.epam.cdp.testngtests.TrigonometryTest</td>
<td><div><pre>java.lang.AssertionError: expected [1.0] but found [0.0]
	at javatest.com.epam.cdp.testngtests.TrigonometryTest.cos0(TrigonometryTest.java:33)
	at javatest.com.epam.cdp.testngtests.TestRunner.main(TestRunner.java:28)
... Removed 26 stack frames</pre></div><a href='#' onClick='toggleBox("stack-trace1020923989", this, "Click to show all stack frames", "Click to hide stack frames")'>Click to show all stack frames</a>
<div class='stack-trace' id='stack-trace1020923989'><pre>java.lang.AssertionError: expected [1.0] but found [0.0]
	at org.testng.Assert.fail(Assert.java:94)
	at org.testng.Assert.failNotEquals(Assert.java:494)
	at org.testng.Assert.assertEquals(Assert.java:123)
	at org.testng.Assert.assertEquals(Assert.java:165)
	at javatest.com.epam.cdp.testngtests.TrigonometryTest.cos0(TrigonometryTest.java:33)
	at sun.reflect.NativeMethodAccessorImpl.invoke0(Native Method)
	at sun.reflect.NativeMethodAccessorImpl.invoke(NativeMethodAccessorImpl.java:62)
	at sun.reflect.DelegatingMethodAccessorImpl.invoke(DelegatingMethodAccessorImpl.java:43)
	at java.lang.reflect.Method.invoke(Method.java:497)
	at org.testng.internal.MethodInvocationHelper.invokeMethod(MethodInvocationHelper.java:80)
	at org.testng.internal.Invoker.invokeMethod(Invoker.java:714)
	at org.testng.internal.Invoker.invokeTestMethod(Invoker.java:901)
	at org.testng.internal.Invoker.invokeTestMethods(Invoker.java:1231)
	at org.testng.internal.TestMethodWorker.invokeTestMethods(TestMethodWorker.java:127)
	at org.testng.internal.TestMethodWorker.run(TestMethodWorker.java:111)
	at org.testng.TestRunner.privateRun(TestRunner.java:767)
	at org.testng.TestRunner.run(TestRunner.java:617)
	at org.testng.SuiteRunner.runTest(SuiteRunner.java:334)
	at org.testng.SuiteRunner.runSequentially(SuiteRunner.java:329)
	at org.testng.SuiteRunner.privateRun(SuiteRunner.java:291)
	at org.testng.SuiteRunner.run(SuiteRunner.java:240)
	at org.testng.SuiteRunnerWorker.runSuite(SuiteRunnerWorker.java:52)
	at org.testng.SuiteRunnerWorker.run(SuiteRunnerWorker.java:86)
	at org.testng.TestNG.runSuitesSequentially(TestNG.java:1198)
	at org.testng.TestNG.runSuitesSequentially(TestNG.java:1194)
	at org.testng.TestNG.runSuitesLocally(TestNG.java:1123)
	at org.testng.TestNG.run(TestNG.java:1031)
	at javatest.com.epam.cdp.testngtests.TestRunner.main(TestRunner.java:28)
</pre></div></td>
<td>0</td>
<td>javatest.com.epam.cdp.testngtests.TrigonometryTest@27082746</td></tr>
<tr>
<td title='javatest.com.epam.cdp.testngtests.TrigonometryTest.cos60()'><b>cos60</b><br>Test class: javatest.com.epam.cdp.testngtests.TrigonometryTest</td>
<td><div><pre>java.lang.AssertionError: expected [0.5] but found [0.0]
	at javatest.com.epam.cdp.testngtests.TrigonometryTest.cos60(TrigonometryTest.java:39)
	at javatest.com.epam.cdp.testngtests.TestRunner.main(TestRunner.java:28)
... Removed 26 stack frames</pre></div><a href='#' onClick='toggleBox("stack-trace1068934215", this, "Click to show all stack frames", "Click to hide stack frames")'>Click to show all stack frames</a>
<div class='stack-trace' id='stack-trace1068934215'><pre>java.lang.AssertionError: expected [0.5] but found [0.0]
	at org.testng.Assert.fail(Assert.java:94)
	at org.testng.Assert.failNotEquals(Assert.java:494)
	at org.testng.Assert.assertEquals(Assert.java:123)
	at org.testng.Assert.assertEquals(Assert.java:165)
	at javatest.com.epam.cdp.testngtests.TrigonometryTest.cos60(TrigonometryTest.java:39)
	at sun.reflect.NativeMethodAccessorImpl.invoke0(Native Method)
	at sun.reflect.NativeMethodAccessorImpl.invoke(NativeMethodAccessorImpl.java:62)
	at sun.reflect.DelegatingMethodAccessorImpl.invoke(DelegatingMethodAccessorImpl.java:43)
	at java.lang.reflect.Method.invoke(Method.java:497)
	at org.testng.internal.MethodInvocationHelper.invokeMethod(MethodInvocationHelper.java:80)
	at org.testng.internal.Invoker.invokeMethod(Invoker.java:714)
	at org.testng.internal.Invoker.invokeTestMethod(Invoker.java:901)
	at org.testng.internal.Invoker.invokeTestMethods(Invoker.java:1231)
	at org.testng.internal.TestMethodWorker.invokeTestMethods(TestMethodWorker.java:127)
	at org.testng.internal.TestMethodWorker.run(TestMethodWorker.java:111)
	at org.testng.TestRunner.privateRun(TestRunner.java:767)
	at org.testng.TestRunner.run(TestRunner.java:617)
	at org.testng.SuiteRunner.runTest(SuiteRunner.java:334)
	at org.testng.SuiteRunner.runSequentially(SuiteRunner.java:329)
	at org.testng.SuiteRunner.privateRun(SuiteRunner.java:291)
	at org.testng.SuiteRunner.run(SuiteRunner.java:240)
	at org.testng.SuiteRunnerWorker.runSuite(SuiteRunnerWorker.java:52)
	at org.testng.SuiteRunnerWorker.run(SuiteRunnerWorker.java:86)
	at org.testng.TestNG.runSuitesSequentially(TestNG.java:1198)
	at org.testng.TestNG.runSuitesSequentially(TestNG.java:1194)
	at org.testng.TestNG.runSuitesLocally(TestNG.java:1123)
	at org.testng.TestNG.run(TestNG.java:1031)
	at javatest.com.epam.cdp.testngtests.TestRunner.main(TestRunner.java:28)
</pre></div></td>
<td>0</td>
<td>javatest.com.epam.cdp.testngtests.TrigonometryTest@27082746</td></tr>
<tr>
<td title='javatest.com.epam.cdp.testngtests.TrigonometryTest.ctg0()'><b>ctg0</b><br>Test class: javatest.com.epam.cdp.testngtests.TrigonometryTest</td>
<td><div><pre>org.testng.TestException: 
Method TrigonometryTest.ctg0()[pri:0, instance:javatest.com.epam.cdp.testngtests.TrigonometryTest@27082746] should have thrown an exception of class java.lang.NumberFormatException
	at javatest.com.epam.cdp.testngtests.TestRunner.main(TestRunner.java:28)
Method TrigonometryTest.ctg0()[pri:0, instance:javatest.com.epam.cdp.testngtests.TrigonometryTest@27082746] should have thrown an exception of class java.lang.NumberFormatException
	... 15 more
... Removed 22 stack frames</pre></div><a href='#' onClick='toggleBox("stack-trace1798286609", this, "Click to show all stack frames", "Click to hide stack frames")'>Click to show all stack frames</a>
<div class='stack-trace' id='stack-trace1798286609'><pre>org.testng.TestException: 
Expected exception java.lang.NumberFormatException but got org.testng.TestException: 
Method TrigonometryTest.ctg0()[pri:0, instance:javatest.com.epam.cdp.testngtests.TrigonometryTest@27082746] should have thrown an exception of class java.lang.NumberFormatException
	at org.testng.internal.Invoker.handleInvocationResults(Invoker.java:1497)
	at org.testng.internal.Invoker.invokeTestMethods(Invoker.java:1245)
	at org.testng.internal.TestMethodWorker.invokeTestMethods(TestMethodWorker.java:127)
	at org.testng.internal.TestMethodWorker.run(TestMethodWorker.java:111)
	at org.testng.TestRunner.privateRun(TestRunner.java:767)
	at org.testng.TestRunner.run(TestRunner.java:617)
	at org.testng.SuiteRunner.runTest(SuiteRunner.java:334)
	at org.testng.SuiteRunner.runSequentially(SuiteRunner.java:329)
	at org.testng.SuiteRunner.privateRun(SuiteRunner.java:291)
	at org.testng.SuiteRunner.run(SuiteRunner.java:240)
	at org.testng.SuiteRunnerWorker.runSuite(SuiteRunnerWorker.java:52)
	at org.testng.SuiteRunnerWorker.run(SuiteRunnerWorker.java:86)
	at org.testng.TestNG.runSuitesSequentially(TestNG.java:1198)
	at org.testng.TestNG.runSuitesSequentially(TestNG.java:1194)
	at org.testng.TestNG.runSuitesLocally(TestNG.java:1123)
	at org.testng.TestNG.run(TestNG.java:1031)
	at javatest.com.epam.cdp.testngtests.TestRunner.main(TestRunner.java:28)
Caused by: org.testng.TestException: 
Method TrigonometryTest.ctg0()[pri:0, instance:javatest.com.epam.cdp.testngtests.TrigonometryTest@27082746] should have thrown an exception of class java.lang.NumberFormatException
	at org.testng.internal.Invoker.handleInvocationResults(Invoker.java:1512)
	at org.testng.internal.Invoker.invokeMethod(Invoker.java:754)
	at org.testng.internal.Invoker.invokeTestMethod(Invoker.java:901)
	at org.testng.internal.Invoker.invokeTestMethods(Invoker.java:1231)
	... 15 more
</pre></div></td>
<td>0</td>
<td>javatest.com.epam.cdp.testngtests.TrigonometryTest@27082746</td></tr>
<tr>
<td title='javatest.com.epam.cdp.testngtests.TrigonometryTest.sin30()'><b>sin30</b><br>Test class: javatest.com.epam.cdp.testngtests.TrigonometryTest</td>
<td><div><pre>java.lang.AssertionError: expected [0.5] but found [-0.9880316240928618]
	at javatest.com.epam.cdp.testngtests.TrigonometryTest.sin30(TrigonometryTest.java:20)
	at javatest.com.epam.cdp.testngtests.TestRunner.main(TestRunner.java:28)
... Removed 26 stack frames</pre></div><a href='#' onClick='toggleBox("stack-trace1121172875", this, "Click to show all stack frames", "Click to hide stack frames")'>Click to show all stack frames</a>
<div class='stack-trace' id='stack-trace1121172875'><pre>java.lang.AssertionError: expected [0.5] but found [-0.9880316240928618]
	at org.testng.Assert.fail(Assert.java:94)
	at org.testng.Assert.failNotEquals(Assert.java:494)
	at org.testng.Assert.assertEquals(Assert.java:123)
	at org.testng.Assert.assertEquals(Assert.java:165)
	at javatest.com.epam.cdp.testngtests.TrigonometryTest.sin30(TrigonometryTest.java:20)
	at sun.reflect.NativeMethodAccessorImpl.invoke0(Native Method)
	at sun.reflect.NativeMethodAccessorImpl.invoke(NativeMethodAccessorImpl.java:62)
	at sun.reflect.DelegatingMethodAccessorImpl.invoke(DelegatingMethodAccessorImpl.java:43)
	at java.lang.reflect.Method.invoke(Method.java:497)
	at org.testng.internal.MethodInvocationHelper.invokeMethod(MethodInvocationHelper.java:80)
	at org.testng.internal.Invoker.invokeMethod(Invoker.java:714)
	at org.testng.internal.Invoker.invokeTestMethod(Invoker.java:901)
	at org.testng.internal.Invoker.invokeTestMethods(Invoker.java:1231)
	at org.testng.internal.TestMethodWorker.invokeTestMethods(TestMethodWorker.java:127)
	at org.testng.internal.TestMethodWorker.run(TestMethodWorker.java:111)
	at org.testng.TestRunner.privateRun(TestRunner.java:767)
	at org.testng.TestRunner.run(TestRunner.java:617)
	at org.testng.SuiteRunner.runTest(SuiteRunner.java:334)
	at org.testng.SuiteRunner.runSequentially(SuiteRunner.java:329)
	at org.testng.SuiteRunner.privateRun(SuiteRunner.java:291)
	at org.testng.SuiteRunner.run(SuiteRunner.java:240)
	at org.testng.SuiteRunnerWorker.runSuite(SuiteRunnerWorker.java:52)
	at org.testng.SuiteRunnerWorker.run(SuiteRunnerWorker.java:86)
	at org.testng.TestNG.runSuitesSequentially(TestNG.java:1198)
	at org.testng.TestNG.runSuitesSequentially(TestNG.java:1194)
	at org.testng.TestNG.runSuitesLocally(TestNG.java:1123)
	at org.testng.TestNG.run(TestNG.java:1031)
	at javatest.com.epam.cdp.testngtests.TestRunner.main(TestRunner.java:28)
</pre></div></td>
<td>0</td>
<td>javatest.com.epam.cdp.testngtests.TrigonometryTest@27082746</td></tr>
<tr>
<td title='javatest.com.epam.cdp.testngtests.TrigonometryTest.sin90()'><b>sin90</b><br>Test class: javatest.com.epam.cdp.testngtests.TrigonometryTest</td>
<td><div><pre>java.lang.AssertionError: expected [1.0] but found [0.8939966636005579]
	at javatest.com.epam.cdp.testngtests.TrigonometryTest.sin90(TrigonometryTest.java:27)
	at javatest.com.epam.cdp.testngtests.TestRunner.main(TestRunner.java:28)
... Removed 26 stack frames</pre></div><a href='#' onClick='toggleBox("stack-trace1595953398", this, "Click to show all stack frames", "Click to hide stack frames")'>Click to show all stack frames</a>
<div class='stack-trace' id='stack-trace1595953398'><pre>java.lang.AssertionError: expected [1.0] but found [0.8939966636005579]
	at org.testng.Assert.fail(Assert.java:94)
	at org.testng.Assert.failNotEquals(Assert.java:494)
	at org.testng.Assert.assertEquals(Assert.java:123)
	at org.testng.Assert.assertEquals(Assert.java:165)
	at javatest.com.epam.cdp.testngtests.TrigonometryTest.sin90(TrigonometryTest.java:27)
	at sun.reflect.NativeMethodAccessorImpl.invoke0(Native Method)
	at sun.reflect.NativeMethodAccessorImpl.invoke(NativeMethodAccessorImpl.java:62)
	at sun.reflect.DelegatingMethodAccessorImpl.invoke(DelegatingMethodAccessorImpl.java:43)
	at java.lang.reflect.Method.invoke(Method.java:497)
	at org.testng.internal.MethodInvocationHelper.invokeMethod(MethodInvocationHelper.java:80)
	at org.testng.internal.Invoker.invokeMethod(Invoker.java:714)
	at org.testng.internal.Invoker.invokeTestMethod(Invoker.java:901)
	at org.testng.internal.Invoker.invokeTestMethods(Invoker.java:1231)
	at org.testng.internal.TestMethodWorker.invokeTestMethods(TestMethodWorker.java:127)
	at org.testng.internal.TestMethodWorker.run(TestMethodWorker.java:111)
	at org.testng.TestRunner.privateRun(TestRunner.java:767)
	at org.testng.TestRunner.run(TestRunner.java:617)
	at org.testng.SuiteRunner.runTest(SuiteRunner.java:334)
	at org.testng.SuiteRunner.runSequentially(SuiteRunner.java:329)
	at org.testng.SuiteRunner.privateRun(SuiteRunner.java:291)
	at org.testng.SuiteRunner.run(SuiteRunner.java:240)
	at org.testng.SuiteRunnerWorker.runSuite(SuiteRunnerWorker.java:52)
	at org.testng.SuiteRunnerWorker.run(SuiteRunnerWorker.java:86)
	at org.testng.TestNG.runSuitesSequentially(TestNG.java:1198)
	at org.testng.TestNG.runSuitesSequentially(TestNG.java:1194)
	at org.testng.TestNG.runSuitesLocally(TestNG.java:1123)
	at org.testng.TestNG.run(TestNG.java:1031)
	at javatest.com.epam.cdp.testngtests.TestRunner.main(TestRunner.java:28)
</pre></div></td>
<td>0</td>
<td>javatest.com.epam.cdp.testngtests.TrigonometryTest@27082746</td></tr>
<tr>
<td title='javatest.com.epam.cdp.testngtests.LongDivTest.testDivByInt()'><b>testDivByInt</b><br>Test class: javatest.com.epam.cdp.testngtests.LongDivTest</td>
<td><div><pre>java.lang.AssertionError: expected [75] but found [75.0]
	at javatest.com.epam.cdp.testngtests.LongDivTest.testDivByInt(LongDivTest.java:24)
	at javatest.com.epam.cdp.testngtests.TestRunner.main(TestRunner.java:28)
... Removed 26 stack frames</pre></div><a href='#' onClick='toggleBox("stack-trace760563749", this, "Click to show all stack frames", "Click to hide stack frames")'>Click to show all stack frames</a>
<div class='stack-trace' id='stack-trace760563749'><pre>java.lang.AssertionError: expected [75] but found [75.0]
	at org.testng.Assert.fail(Assert.java:94)
	at org.testng.Assert.failNotEquals(Assert.java:494)
	at org.testng.Assert.assertEquals(Assert.java:123)
	at org.testng.Assert.assertEquals(Assert.java:165)
	at javatest.com.epam.cdp.testngtests.LongDivTest.testDivByInt(LongDivTest.java:24)
	at sun.reflect.NativeMethodAccessorImpl.invoke0(Native Method)
	at sun.reflect.NativeMethodAccessorImpl.invoke(NativeMethodAccessorImpl.java:62)
	at sun.reflect.DelegatingMethodAccessorImpl.invoke(DelegatingMethodAccessorImpl.java:43)
	at java.lang.reflect.Method.invoke(Method.java:497)
	at org.testng.internal.MethodInvocationHelper.invokeMethod(MethodInvocationHelper.java:80)
	at org.testng.internal.Invoker.invokeMethod(Invoker.java:714)
	at org.testng.internal.Invoker.invokeTestMethod(Invoker.java:901)
	at org.testng.internal.Invoker.invokeTestMethods(Invoker.java:1231)
	at org.testng.internal.TestMethodWorker.invokeTestMethods(TestMethodWorker.java:127)
	at org.testng.internal.TestMethodWorker.run(TestMethodWorker.java:111)
	at org.testng.TestRunner.privateRun(TestRunner.java:767)
	at org.testng.TestRunner.run(TestRunner.java:617)
	at org.testng.SuiteRunner.runTest(SuiteRunner.java:334)
	at org.testng.SuiteRunner.runSequentially(SuiteRunner.java:329)
	at org.testng.SuiteRunner.privateRun(SuiteRunner.java:291)
	at org.testng.SuiteRunner.run(SuiteRunner.java:240)
	at org.testng.SuiteRunnerWorker.runSuite(SuiteRunnerWorker.java:52)
	at org.testng.SuiteRunnerWorker.run(SuiteRunnerWorker.java:86)
	at org.testng.TestNG.runSuitesSequentially(TestNG.java:1198)
	at org.testng.TestNG.runSuitesSequentially(TestNG.java:1194)
	at org.testng.TestNG.runSuitesLocally(TestNG.java:1123)
	at org.testng.TestNG.run(TestNG.java:1031)
	at javatest.com.epam.cdp.testngtests.TestRunner.main(TestRunner.java:28)
</pre></div></td>
<td>0</td>
<td>javatest.com.epam.cdp.testngtests.LongDivTest@42f30e0a</td></tr>
<tr>
<td title='javatest.com.epam.cdp.testngtests.LongDivTest.testDivByLong()'><b>testDivByLong</b><br>Test class: javatest.com.epam.cdp.testngtests.LongDivTest</td>
<td><div><pre>java.lang.AssertionError: expected [1.33] but found [1.0]
	at javatest.com.epam.cdp.testngtests.LongDivTest.testDivByLong(LongDivTest.java:30)
	at javatest.com.epam.cdp.testngtests.TestRunner.main(TestRunner.java:28)
... Removed 26 stack frames</pre></div><a href='#' onClick='toggleBox("stack-trace1810132623", this, "Click to show all stack frames", "Click to hide stack frames")'>Click to show all stack frames</a>
<div class='stack-trace' id='stack-trace1810132623'><pre>java.lang.AssertionError: expected [1.33] but found [1.0]
	at org.testng.Assert.fail(Assert.java:94)
	at org.testng.Assert.failNotEquals(Assert.java:494)
	at org.testng.Assert.assertEquals(Assert.java:123)
	at org.testng.Assert.assertEquals(Assert.java:165)
	at javatest.com.epam.cdp.testngtests.LongDivTest.testDivByLong(LongDivTest.java:30)
	at sun.reflect.NativeMethodAccessorImpl.invoke0(Native Method)
	at sun.reflect.NativeMethodAccessorImpl.invoke(NativeMethodAccessorImpl.java:62)
	at sun.reflect.DelegatingMethodAccessorImpl.invoke(DelegatingMethodAccessorImpl.java:43)
	at java.lang.reflect.Method.invoke(Method.java:497)
	at org.testng.internal.MethodInvocationHelper.invokeMethod(MethodInvocationHelper.java:80)
	at org.testng.internal.Invoker.invokeMethod(Invoker.java:714)
	at org.testng.internal.Invoker.invokeTestMethod(Invoker.java:901)
	at org.testng.internal.Invoker.invokeTestMethods(Invoker.java:1231)
	at org.testng.internal.TestMethodWorker.invokeTestMethods(TestMethodWorker.java:127)
	at org.testng.internal.TestMethodWorker.run(TestMethodWorker.java:111)
	at org.testng.TestRunner.privateRun(TestRunner.java:767)
	at org.testng.TestRunner.run(TestRunner.java:617)
	at org.testng.SuiteRunner.runTest(SuiteRunner.java:334)
	at org.testng.SuiteRunner.runSequentially(SuiteRunner.java:329)
	at org.testng.SuiteRunner.privateRun(SuiteRunner.java:291)
	at org.testng.SuiteRunner.run(SuiteRunner.java:240)
	at org.testng.SuiteRunnerWorker.runSuite(SuiteRunnerWorker.java:52)
	at org.testng.SuiteRunnerWorker.run(SuiteRunnerWorker.java:86)
	at org.testng.TestNG.runSuitesSequentially(TestNG.java:1198)
	at org.testng.TestNG.runSuitesSequentially(TestNG.java:1194)
	at org.testng.TestNG.runSuitesLocally(TestNG.java:1123)
	at org.testng.TestNG.run(TestNG.java:1031)
	at javatest.com.epam.cdp.testngtests.TestRunner.main(TestRunner.java:28)
</pre></div></td>
<td>0</td>
<td>javatest.com.epam.cdp.testngtests.LongDivTest@42f30e0a</td></tr>
<tr>
<td title='javatest.com.epam.cdp.testngtests.LongDivTest.testDivByOne()'><b>testDivByOne</b><br>Test class: javatest.com.epam.cdp.testngtests.LongDivTest</td>
<td><div><pre>java.lang.AssertionError: expected [340] but found [340.0]
	at javatest.com.epam.cdp.testngtests.LongDivTest.testDivByOne(LongDivTest.java:18)
	at javatest.com.epam.cdp.testngtests.TestRunner.main(TestRunner.java:28)
... Removed 26 stack frames</pre></div><a href='#' onClick='toggleBox("stack-trace152005629", this, "Click to show all stack frames", "Click to hide stack frames")'>Click to show all stack frames</a>
<div class='stack-trace' id='stack-trace152005629'><pre>java.lang.AssertionError: expected [340] but found [340.0]
	at org.testng.Assert.fail(Assert.java:94)
	at org.testng.Assert.failNotEquals(Assert.java:494)
	at org.testng.Assert.assertEquals(Assert.java:123)
	at org.testng.Assert.assertEquals(Assert.java:165)
	at javatest.com.epam.cdp.testngtests.LongDivTest.testDivByOne(LongDivTest.java:18)
	at sun.reflect.NativeMethodAccessorImpl.invoke0(Native Method)
	at sun.reflect.NativeMethodAccessorImpl.invoke(NativeMethodAccessorImpl.java:62)
	at sun.reflect.DelegatingMethodAccessorImpl.invoke(DelegatingMethodAccessorImpl.java:43)
	at java.lang.reflect.Method.invoke(Method.java:497)
	at org.testng.internal.MethodInvocationHelper.invokeMethod(MethodInvocationHelper.java:80)
	at org.testng.internal.Invoker.invokeMethod(Invoker.java:714)
	at org.testng.internal.Invoker.invokeTestMethod(Invoker.java:901)
	at org.testng.internal.Invoker.invokeTestMethods(Invoker.java:1231)
	at org.testng.internal.TestMethodWorker.invokeTestMethods(TestMethodWorker.java:127)
	at org.testng.internal.TestMethodWorker.run(TestMethodWorker.java:111)
	at org.testng.TestRunner.privateRun(TestRunner.java:767)
	at org.testng.TestRunner.run(TestRunner.java:617)
	at org.testng.SuiteRunner.runTest(SuiteRunner.java:334)
	at org.testng.SuiteRunner.runSequentially(SuiteRunner.java:329)
	at org.testng.SuiteRunner.privateRun(SuiteRunner.java:291)
	at org.testng.SuiteRunner.run(SuiteRunner.java:240)
	at org.testng.SuiteRunnerWorker.runSuite(SuiteRunnerWorker.java:52)
	at org.testng.SuiteRunnerWorker.run(SuiteRunnerWorker.java:86)
	at org.testng.TestNG.runSuitesSequentially(TestNG.java:1198)
	at org.testng.TestNG.runSuitesSequentially(TestNG.java:1194)
	at org.testng.TestNG.runSuitesLocally(TestNG.java:1123)
	at org.testng.TestNG.run(TestNG.java:1031)
	at javatest.com.epam.cdp.testngtests.TestRunner.main(TestRunner.java:28)
</pre></div></td>
<td>0</td>
<td>javatest.com.epam.cdp.testngtests.LongDivTest@42f30e0a</td></tr>
<tr>
<td title='javatest.com.epam.cdp.testngtests.PowSqrtTest.testSqrtOfNeg()'><b>testSqrtOfNeg</b><br>Test class: javatest.com.epam.cdp.testngtests.PowSqrtTest</td>
<td><div><pre>java.lang.AssertionError: expected [-1.732] but found [1.732]
	at javatest.com.epam.cdp.testngtests.PowSqrtTest.testSqrtOfNeg(PowSqrtTest.java:69)
	at javatest.com.epam.cdp.testngtests.TestRunner.main(TestRunner.java:28)
... Removed 26 stack frames</pre></div><a href='#' onClick='toggleBox("stack-trace194494468", this, "Click to show all stack frames", "Click to hide stack frames")'>Click to show all stack frames</a>
<div class='stack-trace' id='stack-trace194494468'><pre>java.lang.AssertionError: expected [-1.732] but found [1.732]
	at org.testng.Assert.fail(Assert.java:94)
	at org.testng.Assert.failNotEquals(Assert.java:494)
	at org.testng.Assert.assertEquals(Assert.java:123)
	at org.testng.Assert.assertEquals(Assert.java:165)
	at javatest.com.epam.cdp.testngtests.PowSqrtTest.testSqrtOfNeg(PowSqrtTest.java:69)
	at sun.reflect.NativeMethodAccessorImpl.invoke0(Native Method)
	at sun.reflect.NativeMethodAccessorImpl.invoke(NativeMethodAccessorImpl.java:62)
	at sun.reflect.DelegatingMethodAccessorImpl.invoke(DelegatingMethodAccessorImpl.java:43)
	at java.lang.reflect.Method.invoke(Method.java:497)
	at org.testng.internal.MethodInvocationHelper.invokeMethod(MethodInvocationHelper.java:80)
	at org.testng.internal.Invoker.invokeMethod(Invoker.java:714)
	at org.testng.internal.Invoker.invokeTestMethod(Invoker.java:901)
	at org.testng.internal.Invoker.invokeTestMethods(Invoker.java:1231)
	at org.testng.internal.TestMethodWorker.invokeTestMethods(TestMethodWorker.java:127)
	at org.testng.internal.TestMethodWorker.run(TestMethodWorker.java:111)
	at org.testng.TestRunner.privateRun(TestRunner.java:767)
	at org.testng.TestRunner.run(TestRunner.java:617)
	at org.testng.SuiteRunner.runTest(SuiteRunner.java:334)
	at org.testng.SuiteRunner.runSequentially(SuiteRunner.java:329)
	at org.testng.SuiteRunner.privateRun(SuiteRunner.java:291)
	at org.testng.SuiteRunner.run(SuiteRunner.java:240)
	at org.testng.SuiteRunnerWorker.runSuite(SuiteRunnerWorker.java:52)
	at org.testng.SuiteRunnerWorker.run(SuiteRunnerWorker.java:86)
	at org.testng.TestNG.runSuitesSequentially(TestNG.java:1198)
	at org.testng.TestNG.runSuitesSequentially(TestNG.java:1194)
	at org.testng.TestNG.runSuitesLocally(TestNG.java:1123)
	at org.testng.TestNG.run(TestNG.java:1031)
	at javatest.com.epam.cdp.testngtests.TestRunner.main(TestRunner.java:28)
</pre></div></td>
<td>0</td>
<td>javatest.com.epam.cdp.testngtests.PowSqrtTest@1c2c22f3</td></tr>
<tr>
<td title='javatest.com.epam.cdp.testngtests.TrigonometryTest.tg0()'><b>tg0</b><br>Test class: javatest.com.epam.cdp.testngtests.TrigonometryTest</td>
<td><div><pre>java.lang.AssertionError: expected [0.0] but found [NaN]
	at javatest.com.epam.cdp.testngtests.TrigonometryTest.tg0(TrigonometryTest.java:45)
	at javatest.com.epam.cdp.testngtests.TestRunner.main(TestRunner.java:28)
... Removed 26 stack frames</pre></div><a href='#' onClick='toggleBox("stack-trace1684106402", this, "Click to show all stack frames", "Click to hide stack frames")'>Click to show all stack frames</a>
<div class='stack-trace' id='stack-trace1684106402'><pre>java.lang.AssertionError: expected [0.0] but found [NaN]
	at org.testng.Assert.fail(Assert.java:94)
	at org.testng.Assert.failNotEquals(Assert.java:494)
	at org.testng.Assert.assertEquals(Assert.java:123)
	at org.testng.Assert.assertEquals(Assert.java:165)
	at javatest.com.epam.cdp.testngtests.TrigonometryTest.tg0(TrigonometryTest.java:45)
	at sun.reflect.NativeMethodAccessorImpl.invoke0(Native Method)
	at sun.reflect.NativeMethodAccessorImpl.invoke(NativeMethodAccessorImpl.java:62)
	at sun.reflect.DelegatingMethodAccessorImpl.invoke(DelegatingMethodAccessorImpl.java:43)
	at java.lang.reflect.Method.invoke(Method.java:497)
	at org.testng.internal.MethodInvocationHelper.invokeMethod(MethodInvocationHelper.java:80)
	at org.testng.internal.Invoker.invokeMethod(Invoker.java:714)
	at org.testng.internal.Invoker.invokeTestMethod(Invoker.java:901)
	at org.testng.internal.Invoker.invokeTestMethods(Invoker.java:1231)
	at org.testng.internal.TestMethodWorker.invokeTestMethods(TestMethodWorker.java:127)
	at org.testng.internal.TestMethodWorker.run(TestMethodWorker.java:111)
	at org.testng.TestRunner.privateRun(TestRunner.java:767)
	at org.testng.TestRunner.run(TestRunner.java:617)
	at org.testng.SuiteRunner.runTest(SuiteRunner.java:334)
	at org.testng.SuiteRunner.runSequentially(SuiteRunner.java:329)
	at org.testng.SuiteRunner.privateRun(SuiteRunner.java:291)
	at org.testng.SuiteRunner.run(SuiteRunner.java:240)
	at org.testng.SuiteRunnerWorker.runSuite(SuiteRunnerWorker.java:52)
	at org.testng.SuiteRunnerWorker.run(SuiteRunnerWorker.java:86)
	at org.testng.TestNG.runSuitesSequentially(TestNG.java:1198)
	at org.testng.TestNG.runSuitesSequentially(TestNG.java:1194)
	at org.testng.TestNG.runSuitesLocally(TestNG.java:1123)
	at org.testng.TestNG.run(TestNG.java:1031)
	at javatest.com.epam.cdp.testngtests.TestRunner.main(TestRunner.java:28)
</pre></div></td>
<td>0</td>
<td>javatest.com.epam.cdp.testngtests.TrigonometryTest@27082746</td></tr>
<tr>
<td title='javatest.com.epam.cdp.testngtests.TrigonometryTest.tg90()'><b>tg90</b><br>Test class: javatest.com.epam.cdp.testngtests.TrigonometryTest</td>
<td><div><pre>org.testng.TestException: 
Method TrigonometryTest.tg90()[pri:0, instance:javatest.com.epam.cdp.testngtests.TrigonometryTest@27082746] should have thrown an exception of class java.lang.NumberFormatException
	at javatest.com.epam.cdp.testngtests.TestRunner.main(TestRunner.java:28)
Method TrigonometryTest.tg90()[pri:0, instance:javatest.com.epam.cdp.testngtests.TrigonometryTest@27082746] should have thrown an exception of class java.lang.NumberFormatException
	... 15 more
... Removed 22 stack frames</pre></div><a href='#' onClick='toggleBox("stack-trace391447681", this, "Click to show all stack frames", "Click to hide stack frames")'>Click to show all stack frames</a>
<div class='stack-trace' id='stack-trace391447681'><pre>org.testng.TestException: 
Expected exception java.lang.NumberFormatException but got org.testng.TestException: 
Method TrigonometryTest.tg90()[pri:0, instance:javatest.com.epam.cdp.testngtests.TrigonometryTest@27082746] should have thrown an exception of class java.lang.NumberFormatException
	at org.testng.internal.Invoker.handleInvocationResults(Invoker.java:1497)
	at org.testng.internal.Invoker.invokeTestMethods(Invoker.java:1245)
	at org.testng.internal.TestMethodWorker.invokeTestMethods(TestMethodWorker.java:127)
	at org.testng.internal.TestMethodWorker.run(TestMethodWorker.java:111)
	at org.testng.TestRunner.privateRun(TestRunner.java:767)
	at org.testng.TestRunner.run(TestRunner.java:617)
	at org.testng.SuiteRunner.runTest(SuiteRunner.java:334)
	at org.testng.SuiteRunner.runSequentially(SuiteRunner.java:329)
	at org.testng.SuiteRunner.privateRun(SuiteRunner.java:291)
	at org.testng.SuiteRunner.run(SuiteRunner.java:240)
	at org.testng.SuiteRunnerWorker.runSuite(SuiteRunnerWorker.java:52)
	at org.testng.SuiteRunnerWorker.run(SuiteRunnerWorker.java:86)
	at org.testng.TestNG.runSuitesSequentially(TestNG.java:1198)
	at org.testng.TestNG.runSuitesSequentially(TestNG.java:1194)
	at org.testng.TestNG.runSuitesLocally(TestNG.java:1123)
	at org.testng.TestNG.run(TestNG.java:1031)
	at javatest.com.epam.cdp.testngtests.TestRunner.main(TestRunner.java:28)
Caused by: org.testng.TestException: 
Method TrigonometryTest.tg90()[pri:0, instance:javatest.com.epam.cdp.testngtests.TrigonometryTest@27082746] should have thrown an exception of class java.lang.NumberFormatException
	at org.testng.internal.Invoker.handleInvocationResults(Invoker.java:1512)
	at org.testng.internal.Invoker.invokeMethod(Invoker.java:754)
	at org.testng.internal.Invoker.invokeTestMethod(Invoker.java:901)
	at org.testng.internal.Invoker.invokeTestMethods(Invoker.java:1231)
	... 15 more
</pre></div></td>
<td>0</td>
<td>javatest.com.epam.cdp.testngtests.TrigonometryTest@27082746</td></tr>
</table><p>
<table width='100%' border='1' class='invocation-passed'>
<tr><td colspan='4' align='center'><b>PASSED TESTS</b></td></tr>
<tr><td><b>Test method</b></td>
<td width="30%"><b>Exception</b></td>
<td width="10%"><b>Time (seconds)</b></td>
<td><b>Instance</b></td>
</tr>
<tr>
<td title='javatest.com.epam.cdp.testngtests.MultTest.DoubleMultTest()'><b>DoubleMultTest</b><br>Test class: javatest.com.epam.cdp.testngtests.MultTest<br>Parameters: 0, 10.2, 0</td>
<td></td>
<td>0</td>
<td>javatest.com.epam.cdp.testngtests.MultTest@18e8568</td></tr>
<tr>
<td title='javatest.com.epam.cdp.testngtests.MultTest.DoubleMultTest()'><b>DoubleMultTest</b><br>Test class: javatest.com.epam.cdp.testngtests.MultTest<br>Parameters: 0.25, 100, 25</td>
<td></td>
<td>0</td>
<td>javatest.com.epam.cdp.testngtests.MultTest@18e8568</td></tr>
<tr>
<td title='javatest.com.epam.cdp.testngtests.MultTest.DoubleMultTest()'><b>DoubleMultTest</b><br>Test class: javatest.com.epam.cdp.testngtests.MultTest<br>Parameters: 0.25, 5, 1</td>
<td></td>
<td>0</td>
<td>javatest.com.epam.cdp.testngtests.MultTest@18e8568</td></tr>
<tr>
<td title='javatest.com.epam.cdp.testngtests.MultTest.LongMultTest()'><b>LongMultTest</b><br>Test class: javatest.com.epam.cdp.testngtests.MultTest<br>Parameters: 0, 100, 0</td>
<td></td>
<td>0</td>
<td>javatest.com.epam.cdp.testngtests.MultTest@18e8568</td></tr>
<tr>
<td title='javatest.com.epam.cdp.testngtests.MultTest.LongMultTest()'><b>LongMultTest</b><br>Test class: javatest.com.epam.cdp.testngtests.MultTest<br>Parameters: -100, 25, -2500</td>
<td></td>
<td>0</td>
<td>javatest.com.epam.cdp.testngtests.MultTest@18e8568</td></tr>
<tr>
<td title='javatest.com.epam.cdp.testngtests.MultTest.LongMultTest()'><b>LongMultTest</b><br>Test class: javatest.com.epam.cdp.testngtests.MultTest<br>Parameters: 200, 0, 0</td>
<td></td>
<td>0</td>
<td>javatest.com.epam.cdp.testngtests.MultTest@18e8568</td></tr>
<tr>
<td title='javatest.com.epam.cdp.testngtests.MultTest.LongMultTest()'><b>LongMultTest</b><br>Test class: javatest.com.epam.cdp.testngtests.MultTest<br>Parameters: 1, 500, 500</td>
<td></td>
<td>0</td>
<td>javatest.com.epam.cdp.testngtests.MultTest@18e8568</td></tr>
<tr>
<td title='javatest.com.epam.cdp.testngtests.MultTest.LongMultTest()'><b>LongMultTest</b><br>Test class: javatest.com.epam.cdp.testngtests.MultTest<br>Parameters: 1000, 3000, 3000000</td>
<td></td>
<td>0</td>
<td>javatest.com.epam.cdp.testngtests.MultTest@18e8568</td></tr>
<tr>
<td title='javatest.com.epam.cdp.testngtests.TrigonometryTest.ctg45()'><b>ctg45</b><br>Test class: javatest.com.epam.cdp.testngtests.TrigonometryTest</td>
<td></td>
<td>0</td>
<td>javatest.com.epam.cdp.testngtests.TrigonometryTest@27082746</td></tr>
<tr>
<td title='javatest.com.epam.cdp.testngtests.SubTest.doubleSub()'><b>doubleSub</b><br>Test class: javatest.com.epam.cdp.testngtests.SubTest<br>Parameters: 2.34789, 5.6600099, -3.3121199</td>
<td></td>
<td>0</td>
<td>javatest.com.epam.cdp.testngtests.SubTest@7bfcd12c</td></tr>
<tr>
<td title='javatest.com.epam.cdp.testngtests.SubTest.doubleSub()'><b>doubleSub</b><br>Test class: javatest.com.epam.cdp.testngtests.SubTest<br>Parameters: 1.23, 1, 0.23</td>
<td></td>
<td>0</td>
<td>javatest.com.epam.cdp.testngtests.SubTest@7bfcd12c</td></tr>
<tr>
<td title='javatest.com.epam.cdp.testngtests.SubTest.doubleSub()'><b>doubleSub</b><br>Test class: javatest.com.epam.cdp.testngtests.SubTest<br>Parameters: 4.55, 0, 4.55</td>
<td></td>
<td>0</td>
<td>javatest.com.epam.cdp.testngtests.SubTest@7bfcd12c</td></tr>
<tr>
<td title='javatest.com.epam.cdp.testngtests.SubTest.doubleSub()'><b>doubleSub</b><br>Test class: javatest.com.epam.cdp.testngtests.SubTest<br>Parameters: 5.67, -3, 8.67</td>
<td></td>
<td>0</td>
<td>javatest.com.epam.cdp.testngtests.SubTest@7bfcd12c</td></tr>
<tr>
<td title='javatest.com.epam.cdp.testngtests.SubTest.doubleSub()'><b>doubleSub</b><br>Test class: javatest.com.epam.cdp.testngtests.SubTest<br>Parameters: 14.5666666, 14.5666666, 0</td>
<td></td>
<td>0</td>
<td>javatest.com.epam.cdp.testngtests.SubTest@7bfcd12c</td></tr>
<tr>
<td title='javatest.com.epam.cdp.testngtests.SubTest.longSub()'><b>longSub</b><br>Test class: javatest.com.epam.cdp.testngtests.SubTest<br>Parameters: 1000, 3500, -2500</td>
<td></td>
<td>0</td>
<td>javatest.com.epam.cdp.testngtests.SubTest@7bfcd12c</td></tr>
<tr>
<td title='javatest.com.epam.cdp.testngtests.SubTest.longSub()'><b>longSub</b><br>Test class: javatest.com.epam.cdp.testngtests.SubTest<br>Parameters: -100, 250, -350</td>
<td></td>
<td>0</td>
<td>javatest.com.epam.cdp.testngtests.SubTest@7bfcd12c</td></tr>
<tr>
<td title='javatest.com.epam.cdp.testngtests.SubTest.longSub()'><b>longSub</b><br>Test class: javatest.com.epam.cdp.testngtests.SubTest<br>Parameters: 0, 0, 0</td>
<td></td>
<td>0</td>
<td>javatest.com.epam.cdp.testngtests.SubTest@7bfcd12c</td></tr>
<tr>
<td title='javatest.com.epam.cdp.testngtests.SubTest.longSub()'><b>longSub</b><br>Test class: javatest.com.epam.cdp.testngtests.SubTest<br>Parameters: 100, -100, 200</td>
<td></td>
<td>0</td>
<td>javatest.com.epam.cdp.testngtests.SubTest@7bfcd12c</td></tr>
<tr>
<td title='javatest.com.epam.cdp.testngtests.SubTest.longSub()'><b>longSub</b><br>Test class: javatest.com.epam.cdp.testngtests.SubTest<br>Parameters: 300, 0, 300</td>
<td></td>
<td>0</td>
<td>javatest.com.epam.cdp.testngtests.SubTest@7bfcd12c</td></tr>
<tr>
<td title='javatest.com.epam.cdp.testngtests.SubTest.longSub()'><b>longSub</b><br>Test class: javatest.com.epam.cdp.testngtests.SubTest<br>Parameters: 50, 200, -150</td>
<td></td>
<td>0</td>
<td>javatest.com.epam.cdp.testngtests.SubTest@7bfcd12c</td></tr>
<tr>
<td title='javatest.com.epam.cdp.testngtests.SubTest.longSub()'><b>longSub</b><br>Test class: javatest.com.epam.cdp.testngtests.SubTest<br>Parameters: 10, 1, 9</td>
<td></td>
<td>0</td>
<td>javatest.com.epam.cdp.testngtests.SubTest@7bfcd12c</td></tr>
<tr>
<td title='javatest.com.epam.cdp.testngtests.TrigonometryTest.sin0()'><b>sin0</b><br>Test class: javatest.com.epam.cdp.testngtests.TrigonometryTest</td>
<td></td>
<td>0</td>
<td>javatest.com.epam.cdp.testngtests.TrigonometryTest@27082746</td></tr>
<tr>
<td title='javatest.com.epam.cdp.testngtests.LongDivTest.testDivByNeg()'><b>testDivByNeg</b><br>Test class: javatest.com.epam.cdp.testngtests.LongDivTest</td>
<td></td>
<td>0</td>
<td>javatest.com.epam.cdp.testngtests.LongDivTest@42f30e0a</td></tr>
<tr>
<td title='javatest.com.epam.cdp.testngtests.DoubleDivTest.testDivByOne()'><b>testDivByOne</b><br>Test class: javatest.com.epam.cdp.testngtests.DoubleDivTest</td>
<td></td>
<td>0</td>
<td>javatest.com.epam.cdp.testngtests.DoubleDivTest@24273305</td></tr>
<tr>
<td title='javatest.com.epam.cdp.testngtests.DoubleDivTest.testDivByZero()'><b>testDivByZero</b><br>Test class: javatest.com.epam.cdp.testngtests.DoubleDivTest</td>
<td><div><pre>java.lang.NumberFormatException: Attempt to divide by zero
	at com.epam.tat.module4.Calculator.div(Calculator.java:34)
	at javatest.com.epam.cdp.testngtests.DoubleDivTest.testDivByZero(DoubleDivTest.java:17)
	at javatest.com.epam.cdp.testngtests.TestRunner.main(TestRunner.java:28)
... Removed 22 stack frames</pre></div><a href='#' onClick='toggleBox("stack-trace940553268", this, "Click to show all stack frames", "Click to hide stack frames")'>Click to show all stack frames</a>
<div class='stack-trace' id='stack-trace940553268'><pre>java.lang.NumberFormatException: Attempt to divide by zero
	at com.epam.tat.module4.Calculator.div(Calculator.java:34)
	at javatest.com.epam.cdp.testngtests.DoubleDivTest.testDivByZero(DoubleDivTest.java:17)
	at sun.reflect.NativeMethodAccessorImpl.invoke0(Native Method)
	at sun.reflect.NativeMethodAccessorImpl.invoke(NativeMethodAccessorImpl.java:62)
	at sun.reflect.DelegatingMethodAccessorImpl.invoke(DelegatingMethodAccessorImpl.java:43)
	at java.lang.reflect.Method.invoke(Method.java:497)
	at org.testng.internal.MethodInvocationHelper.invokeMethod(MethodInvocationHelper.java:80)
	at org.testng.internal.Invoker.invokeMethod(Invoker.java:714)
	at org.testng.internal.Invoker.invokeTestMethod(Invoker.java:901)
	at org.testng.internal.Invoker.invokeTestMethods(Invoker.java:1231)
	at org.testng.internal.TestMethodWorker.invokeTestMethods(TestMethodWorker.java:127)
	at org.testng.internal.TestMethodWorker.run(TestMethodWorker.java:111)
	at org.testng.TestRunner.privateRun(TestRunner.java:767)
	at org.testng.TestRunner.run(TestRunner.java:617)
	at org.testng.SuiteRunner.runTest(SuiteRunner.java:334)
	at org.testng.SuiteRunner.runSequentially(SuiteRunner.java:329)
	at org.testng.SuiteRunner.privateRun(SuiteRunner.java:291)
	at org.testng.SuiteRunner.run(SuiteRunner.java:240)
	at org.testng.SuiteRunnerWorker.runSuite(SuiteRunnerWorker.java:52)
	at org.testng.SuiteRunnerWorker.run(SuiteRunnerWorker.java:86)
	at org.testng.TestNG.runSuitesSequentially(TestNG.java:1198)
	at org.testng.TestNG.runSuitesSequentially(TestNG.java:1194)
	at org.testng.TestNG.runSuitesLocally(TestNG.java:1123)
	at org.testng.TestNG.run(TestNG.java:1031)
	at javatest.com.epam.cdp.testngtests.TestRunner.main(TestRunner.java:28)
</pre></div></td>
<td>0</td>
<td>javatest.com.epam.cdp.testngtests.DoubleDivTest@24273305</td></tr>
<tr>
<td title='javatest.com.epam.cdp.testngtests.LongDivTest.testDivByZero()'><b>testDivByZero</b><br>Test class: javatest.com.epam.cdp.testngtests.LongDivTest</td>
<td><div><pre>java.lang.NumberFormatException: Attempt to divide by zero
	at com.epam.tat.module4.Calculator.div(Calculator.java:34)
	at javatest.com.epam.cdp.testngtests.LongDivTest.testDivByZero(LongDivTest.java:12)
	at javatest.com.epam.cdp.testngtests.TestRunner.main(TestRunner.java:28)
... Removed 22 stack frames</pre></div><a href='#' onClick='toggleBox("stack-trace362239120", this, "Click to show all stack frames", "Click to hide stack frames")'>Click to show all stack frames</a>
<div class='stack-trace' id='stack-trace362239120'><pre>java.lang.NumberFormatException: Attempt to divide by zero
	at com.epam.tat.module4.Calculator.div(Calculator.java:34)
	at javatest.com.epam.cdp.testngtests.LongDivTest.testDivByZero(LongDivTest.java:12)
	at sun.reflect.NativeMethodAccessorImpl.invoke0(Native Method)
	at sun.reflect.NativeMethodAccessorImpl.invoke(NativeMethodAccessorImpl.java:62)
	at sun.reflect.DelegatingMethodAccessorImpl.invoke(DelegatingMethodAccessorImpl.java:43)
	at java.lang.reflect.Method.invoke(Method.java:497)
	at org.testng.internal.MethodInvocationHelper.invokeMethod(MethodInvocationHelper.java:80)
	at org.testng.internal.Invoker.invokeMethod(Invoker.java:714)
	at org.testng.internal.Invoker.invokeTestMethod(Invoker.java:901)
	at org.testng.internal.Invoker.invokeTestMethods(Invoker.java:1231)
	at org.testng.internal.TestMethodWorker.invokeTestMethods(TestMethodWorker.java:127)
	at org.testng.internal.TestMethodWorker.run(TestMethodWorker.java:111)
	at org.testng.TestRunner.privateRun(TestRunner.java:767)
	at org.testng.TestRunner.run(TestRunner.java:617)
	at org.testng.SuiteRunner.runTest(SuiteRunner.java:334)
	at org.testng.SuiteRunner.runSequentially(SuiteRunner.java:329)
	at org.testng.SuiteRunner.privateRun(SuiteRunner.java:291)
	at org.testng.SuiteRunner.run(SuiteRunner.java:240)
	at org.testng.SuiteRunnerWorker.runSuite(SuiteRunnerWorker.java:52)
	at org.testng.SuiteRunnerWorker.run(SuiteRunnerWorker.java:86)
	at org.testng.TestNG.runSuitesSequentially(TestNG.java:1198)
	at org.testng.TestNG.runSuitesSequentially(TestNG.java:1194)
	at org.testng.TestNG.runSuitesLocally(TestNG.java:1123)
	at org.testng.TestNG.run(TestNG.java:1031)
	at javatest.com.epam.cdp.testngtests.TestRunner.main(TestRunner.java:28)
</pre></div></td>
<td>0</td>
<td>javatest.com.epam.cdp.testngtests.LongDivTest@42f30e0a</td></tr>
<tr>
<td title='javatest.com.epam.cdp.testngtests.PowSqrtTest.testPowByDouble()'><b>testPowByDouble</b><br>Test class: javatest.com.epam.cdp.testngtests.PowSqrtTest</td>
<td></td>
<td>0</td>
<td>javatest.com.epam.cdp.testngtests.PowSqrtTest@1c2c22f3</td></tr>
<tr>
<td title='javatest.com.epam.cdp.testngtests.PowSqrtTest.testPowByInt()'><b>testPowByInt</b><br>Test class: javatest.com.epam.cdp.testngtests.PowSqrtTest</td>
<td></td>
<td>0</td>
<td>javatest.com.epam.cdp.testngtests.PowSqrtTest@1c2c22f3</td></tr>
<tr>
<td title='javatest.com.epam.cdp.testngtests.PowSqrtTest.testPowByNeg()'><b>testPowByNeg</b><br>Test class: javatest.com.epam.cdp.testngtests.PowSqrtTest</td>
<td></td>
<td>0</td>
<td>javatest.com.epam.cdp.testngtests.PowSqrtTest@1c2c22f3</td></tr>
<tr>
<td title='javatest.com.epam.cdp.testngtests.PowSqrtTest.testPowByOne()'><b>testPowByOne</b><br>Test class: javatest.com.epam.cdp.testngtests.PowSqrtTest</td>
<td></td>
<td>0</td>
<td>javatest.com.epam.cdp.testngtests.PowSqrtTest@1c2c22f3</td></tr>
<tr>
<td title='javatest.com.epam.cdp.testngtests.PowSqrtTest.testPowByZero()'><b>testPowByZero</b><br>Test class: javatest.com.epam.cdp.testngtests.PowSqrtTest</td>
<td></td>
<td>0</td>
<td>javatest.com.epam.cdp.testngtests.PowSqrtTest@1c2c22f3</td></tr>
<tr>
<td title='javatest.com.epam.cdp.testngtests.PowSqrtTest.testSqrtOfDouble()'><b>testSqrtOfDouble</b><br>Test class: javatest.com.epam.cdp.testngtests.PowSqrtTest</td>
<td></td>
<td>0</td>
<td>javatest.com.epam.cdp.testngtests.PowSqrtTest@1c2c22f3</td></tr>
<tr>
<td title='javatest.com.epam.cdp.testngtests.PowSqrtTest.testSqrtOfInt()'><b>testSqrtOfInt</b><br>Test class: javatest.com.epam.cdp.testngtests.PowSqrtTest</td>
<td></td>
<td>0</td>
<td>javatest.com.epam.cdp.testngtests.PowSqrtTest@1c2c22f3</td></tr>
<tr>
<td title='javatest.com.epam.cdp.testngtests.PowSqrtTest.testSqrtOfOne()'><b>testSqrtOfOne</b><br>Test class: javatest.com.epam.cdp.testngtests.PowSqrtTest</td>
<td></td>
<td>0</td>
<td>javatest.com.epam.cdp.testngtests.PowSqrtTest@1c2c22f3</td></tr>
<tr>
<td title='javatest.com.epam.cdp.testngtests.PowSqrtTest.testSqrtOfZero()'><b>testSqrtOfZero</b><br>Test class: javatest.com.epam.cdp.testngtests.PowSqrtTest</td>
<td></td>
<td>0</td>
<td>javatest.com.epam.cdp.testngtests.PowSqrtTest@1c2c22f3</td></tr>
<tr>
<td title='javatest.com.epam.cdp.testngtests.DoubleSumTest.testSum()'><b>testSum</b><br>Test class: javatest.com.epam.cdp.testngtests.DoubleSumTest<br>Parameters: 2.34, 5.66, 8</td>
<td></td>
<td>0</td>
<td>javatest.com.epam.cdp.testngtests.DoubleSumTest@5b1d2887</td></tr>
<tr>
<td title='javatest.com.epam.cdp.testngtests.DoubleSumTest.testSum()'><b>testSum</b><br>Test class: javatest.com.epam.cdp.testngtests.DoubleSumTest<br>Parameters: 1.23, 4.55, 5.78</td>
<td></td>
<td>0</td>
<td>javatest.com.epam.cdp.testngtests.DoubleSumTest@5b1d2887</td></tr>
<tr>
<td title='javatest.com.epam.cdp.testngtests.DoubleSumTest.testSum()'><b>testSum</b><br>Test class: javatest.com.epam.cdp.testngtests.DoubleSumTest<br>Parameters: 4.55, 0, 4.55</td>
<td></td>
<td>0</td>
<td>javatest.com.epam.cdp.testngtests.DoubleSumTest@5b1d2887</td></tr>
<tr>
<td title='javatest.com.epam.cdp.testngtests.DoubleSumTest.testSum()'><b>testSum</b><br>Test class: javatest.com.epam.cdp.testngtests.DoubleSumTest<br>Parameters: 5.67, -3, 2.67</td>
<td></td>
<td>0</td>
<td>javatest.com.epam.cdp.testngtests.DoubleSumTest@5b1d2887</td></tr>
<tr>
<td title='javatest.com.epam.cdp.testngtests.DoubleSumTest.testSum()'><b>testSum</b><br>Test class: javatest.com.epam.cdp.testngtests.DoubleSumTest<br>Parameters: 0, 0, 0</td>
<td></td>
<td>0</td>
<td>javatest.com.epam.cdp.testngtests.DoubleSumTest@5b1d2887</td></tr>
<tr>
<td title='javatest.com.epam.cdp.testngtests.LongSumTest.testSum()'><b>testSum</b><br>Test class: javatest.com.epam.cdp.testngtests.LongSumTest<br>Parameters: 1000, 3500, 4500</td>
<td></td>
<td>0</td>
<td>javatest.com.epam.cdp.testngtests.LongSumTest@66133adc</td></tr>
<tr>
<td title='javatest.com.epam.cdp.testngtests.LongSumTest.testSum()'><b>testSum</b><br>Test class: javatest.com.epam.cdp.testngtests.LongSumTest<br>Parameters: -100, 250, 150</td>
<td></td>
<td>0</td>
<td>javatest.com.epam.cdp.testngtests.LongSumTest@66133adc</td></tr>
<tr>
<td title='javatest.com.epam.cdp.testngtests.LongSumTest.testSum()'><b>testSum</b><br>Test class: javatest.com.epam.cdp.testngtests.LongSumTest<br>Parameters: 0, 0, 0</td>
<td></td>
<td>0</td>
<td>javatest.com.epam.cdp.testngtests.LongSumTest@66133adc</td></tr>
<tr>
<td title='javatest.com.epam.cdp.testngtests.LongSumTest.testSum()'><b>testSum</b><br>Test class: javatest.com.epam.cdp.testngtests.LongSumTest<br>Parameters: 100, -100, 0</td>
<td></td>
<td>0</td>
<td>javatest.com.epam.cdp.testngtests.LongSumTest@66133adc</td></tr>
<tr>
<td title='javatest.com.epam.cdp.testngtests.LongSumTest.testSum()'><b>testSum</b><br>Test class: javatest.com.epam.cdp.testngtests.LongSumTest<br>Parameters: 300, 0, 300</td>
<td></td>
<td>0</td>
<td>javatest.com.epam.cdp.testngtests.LongSumTest@66133adc</td></tr>
<tr>
<td title='javatest.com.epam.cdp.testngtests.TrigonometryTest.tg45()'><b>tg45</b><br>Test class: javatest.com.epam.cdp.testngtests.TrigonometryTest</td>
<td></td>
<td>0</td>
<td>javatest.com.epam.cdp.testngtests.TrigonometryTest@27082746</td></tr>
</table><p>
</body>
</html>