<html>
<head>
<title>TestNG:  Calculator - CP</title>
<link href="../testng.css" rel="stylesheet" type="text/css" />
<link href="../my-testng.css" rel="stylesheet" type="text/css" />

<style type="text/css">
.log { display: none;} 
.stack-trace { display: none;} 
</style>
<script type="text/javascript">
<!--
function flip(e) {
  current = e.style.display;
  if (current == 'block') {
    e.style.display = 'none';
    return 0;
  }
  else {
    e.style.display = 'block';
    return 1;
  }
}

function toggleBox(szDivId, elem, msg1, msg2)
{
  var res = -1;  if (document.getElementById) {
    res = flip(document.getElementById(szDivId));
  }
  else if (document.all) {
    // this is the way old msie versions work
    res = flip(document.all[szDivId]);
  }
  if(elem) {
    if(res == 0) elem.innerHTML = msg1; else elem.innerHTML = msg2;
  }

}

function toggleAllBoxes() {
  if (document.getElementsByTagName) {
    d = document.getElementsByTagName('div');
    for (i = 0; i < d.length; i++) {
      if (d[i].className == 'log') {
        flip(d[i]);
      }
    }
  }
}

// -->
</script>

</head>
<body>
<h2 align='center'>Calculator - CP</h2><table border='1' align="center">
<tr>
<td>Tests passed/Failed/Skipped:</td><td>31/13/0</td>
</tr><tr>
<td>Started on:</td><td>Fri Jun 23 16:12:43 PDT 2017</td>
</tr>
<tr><td>Total time:</td><td>0 seconds (107 ms)</td>
</tr><tr>
<td>Included groups:</td><td>CP </td>
</tr><tr>
<td>Excluded groups:</td><td></td>
</tr>
</table><p/>
<small><i>(Hover the method name to see the test class name)</i></small><p/>
<table width='100%' border='1' class='invocation-failed'>
<tr><td colspan='4' align='center'><b>FAILED TESTS</b></td></tr>
<tr><td><b>Test method</b></td>
<td width="30%"><b>Exception</b></td>
<td width="10%"><b>Time (seconds)</b></td>
<td><b>Instance</b></td>
</tr>
<tr>
<td title='javatest.com.epam.cdp.testngtests.MultTest.DoubleMultTest()'><b>DoubleMultTest</b><br>Test class: javatest.com.epam.cdp.testngtests.MultTest<br>Parameters: 0, 10.2, 0</td>
<td><div><pre>java.lang.NullPointerException
	at javatest.com.epam.cdp.testngtests.MultTest.DoubleMultTest(MultTest.java:40)
	at javatest.com.epam.cdp.testngtests.TestRunner.main(TestRunner.java:28)
... Removed 22 stack frames</pre></div><a href='#' onClick='toggleBox("stack-trace901506536", this, "Click to show all stack frames", "Click to hide stack frames")'>Click to show all stack frames</a>
<div class='stack-trace' id='stack-trace901506536'><pre>java.lang.NullPointerException
	at javatest.com.epam.cdp.testngtests.MultTest.DoubleMultTest(MultTest.java:40)
	at sun.reflect.NativeMethodAccessorImpl.invoke0(Native Method)
	at sun.reflect.NativeMethodAccessorImpl.invoke(NativeMethodAccessorImpl.java:62)
	at sun.reflect.DelegatingMethodAccessorImpl.invoke(DelegatingMethodAccessorImpl.java:43)
	at java.lang.reflect.Method.invoke(Method.java:497)
	at org.testng.internal.MethodInvocationHelper.invokeMethod(MethodInvocationHelper.java:80)
	at org.testng.internal.Invoker.invokeMethod(Invoker.java:714)
	at org.testng.internal.Invoker.invokeTestMethod(Invoker.java:901)
	at org.testng.internal.Invoker.invokeTestMethods(Invoker.java:1231)
	at org.testng.internal.TestMethodWorker.invokeTestMethods(TestMethodWorker.java:127)
	at org.testng.internal.TestMethodWorker.run(TestMethodWorker.java:111)
	at org.testng.TestRunner.privateRun(TestRunner.java:767)
	at org.testng.TestRunner.run(TestRunner.java:617)
	at org.testng.SuiteRunner.runTest(SuiteRunner.java:334)
	at org.testng.SuiteRunner.runSequentially(SuiteRunner.java:329)
	at org.testng.SuiteRunner.privateRun(SuiteRunner.java:291)
	at org.testng.SuiteRunner.run(SuiteRunner.java:240)
	at org.testng.SuiteRunnerWorker.runSuite(SuiteRunnerWorker.java:52)
	at org.testng.SuiteRunnerWorker.run(SuiteRunnerWorker.java:86)
	at org.testng.TestNG.runSuitesSequentially(TestNG.java:1198)
	at org.testng.TestNG.runSuitesSequentially(TestNG.java:1194)
	at org.testng.TestNG.runSuitesLocally(TestNG.java:1123)
	at org.testng.TestNG.run(TestNG.java:1031)
	at javatest.com.epam.cdp.testngtests.TestRunner.main(TestRunner.java:28)
</pre></div></td>
<td>0</td>
<td>javatest.com.epam.cdp.testngtests.MultTest@3c679bde</td></tr>
<tr>
<td title='javatest.com.epam.cdp.testngtests.MultTest.DoubleMultTest()'><b>DoubleMultTest</b><br>Test class: javatest.com.epam.cdp.testngtests.MultTest<br>Parameters: -1, 0.34, -0.34</td>
<td><div><pre>java.lang.NullPointerException
	at javatest.com.epam.cdp.testngtests.MultTest.DoubleMultTest(MultTest.java:40)
	at javatest.com.epam.cdp.testngtests.TestRunner.main(TestRunner.java:28)
... Removed 22 stack frames</pre></div><a href='#' onClick='toggleBox("stack-trace747464370", this, "Click to show all stack frames", "Click to hide stack frames")'>Click to show all stack frames</a>
<div class='stack-trace' id='stack-trace747464370'><pre>java.lang.NullPointerException
	at javatest.com.epam.cdp.testngtests.MultTest.DoubleMultTest(MultTest.java:40)
	at sun.reflect.NativeMethodAccessorImpl.invoke0(Native Method)
	at sun.reflect.NativeMethodAccessorImpl.invoke(NativeMethodAccessorImpl.java:62)
	at sun.reflect.DelegatingMethodAccessorImpl.invoke(DelegatingMethodAccessorImpl.java:43)
	at java.lang.reflect.Method.invoke(Method.java:497)
	at org.testng.internal.MethodInvocationHelper.invokeMethod(MethodInvocationHelper.java:80)
	at org.testng.internal.Invoker.invokeMethod(Invoker.java:714)
	at org.testng.internal.Invoker.invokeTestMethod(Invoker.java:901)
	at org.testng.internal.Invoker.invokeTestMethods(Invoker.java:1231)
	at org.testng.internal.TestMethodWorker.invokeTestMethods(TestMethodWorker.java:127)
	at org.testng.internal.TestMethodWorker.run(TestMethodWorker.java:111)
	at org.testng.TestRunner.privateRun(TestRunner.java:767)
	at org.testng.TestRunner.run(TestRunner.java:617)
	at org.testng.SuiteRunner.runTest(SuiteRunner.java:334)
	at org.testng.SuiteRunner.runSequentially(SuiteRunner.java:329)
	at org.testng.SuiteRunner.privateRun(SuiteRunner.java:291)
	at org.testng.SuiteRunner.run(SuiteRunner.java:240)
	at org.testng.SuiteRunnerWorker.runSuite(SuiteRunnerWorker.java:52)
	at org.testng.SuiteRunnerWorker.run(SuiteRunnerWorker.java:86)
	at org.testng.TestNG.runSuitesSequentially(TestNG.java:1198)
	at org.testng.TestNG.runSuitesSequentially(TestNG.java:1194)
	at org.testng.TestNG.runSuitesLocally(TestNG.java:1123)
	at org.testng.TestNG.run(TestNG.java:1031)
	at javatest.com.epam.cdp.testngtests.TestRunner.main(TestRunner.java:28)
</pre></div></td>
<td>0</td>
<td>javatest.com.epam.cdp.testngtests.MultTest@3c679bde</td></tr>
<tr>
<td title='javatest.com.epam.cdp.testngtests.MultTest.DoubleMultTest()'><b>DoubleMultTest</b><br>Test class: javatest.com.epam.cdp.testngtests.MultTest<br>Parameters: 0.25, 100, 25</td>
<td><div><pre>java.lang.NullPointerException
	at javatest.com.epam.cdp.testngtests.MultTest.DoubleMultTest(MultTest.java:40)
	at javatest.com.epam.cdp.testngtests.TestRunner.main(TestRunner.java:28)
... Removed 22 stack frames</pre></div><a href='#' onClick='toggleBox("stack-trace1513712028", this, "Click to show all stack frames", "Click to hide stack frames")'>Click to show all stack frames</a>
<div class='stack-trace' id='stack-trace1513712028'><pre>java.lang.NullPointerException
	at javatest.com.epam.cdp.testngtests.MultTest.DoubleMultTest(MultTest.java:40)
	at sun.reflect.NativeMethodAccessorImpl.invoke0(Native Method)
	at sun.reflect.NativeMethodAccessorImpl.invoke(NativeMethodAccessorImpl.java:62)
	at sun.reflect.DelegatingMethodAccessorImpl.invoke(DelegatingMethodAccessorImpl.java:43)
	at java.lang.reflect.Method.invoke(Method.java:497)
	at org.testng.internal.MethodInvocationHelper.invokeMethod(MethodInvocationHelper.java:80)
	at org.testng.internal.Invoker.invokeMethod(Invoker.java:714)
	at org.testng.internal.Invoker.invokeTestMethod(Invoker.java:901)
	at org.testng.internal.Invoker.invokeTestMethods(Invoker.java:1231)
	at org.testng.internal.TestMethodWorker.invokeTestMethods(TestMethodWorker.java:127)
	at org.testng.internal.TestMethodWorker.run(TestMethodWorker.java:111)
	at org.testng.TestRunner.privateRun(TestRunner.java:767)
	at org.testng.TestRunner.run(TestRunner.java:617)
	at org.testng.SuiteRunner.runTest(SuiteRunner.java:334)
	at org.testng.SuiteRunner.runSequentially(SuiteRunner.java:329)
	at org.testng.SuiteRunner.privateRun(SuiteRunner.java:291)
	at org.testng.SuiteRunner.run(SuiteRunner.java:240)
	at org.testng.SuiteRunnerWorker.runSuite(SuiteRunnerWorker.java:52)
	at org.testng.SuiteRunnerWorker.run(SuiteRunnerWorker.java:86)
	at org.testng.TestNG.runSuitesSequentially(TestNG.java:1198)
	at org.testng.TestNG.runSuitesSequentially(TestNG.java:1194)
	at org.testng.TestNG.runSuitesLocally(TestNG.java:1123)
	at org.testng.TestNG.run(TestNG.java:1031)
	at javatest.com.epam.cdp.testngtests.TestRunner.main(TestRunner.java:28)
</pre></div></td>
<td>0</td>
<td>javatest.com.epam.cdp.testngtests.MultTest@3c679bde</td></tr>
<tr>
<td title='javatest.com.epam.cdp.testngtests.MultTest.DoubleMultTest()'><b>DoubleMultTest</b><br>Test class: javatest.com.epam.cdp.testngtests.MultTest<br>Parameters: 0.25, 5, 1</td>
<td><div><pre>java.lang.NullPointerException
	at javatest.com.epam.cdp.testngtests.MultTest.DoubleMultTest(MultTest.java:40)
	at javatest.com.epam.cdp.testngtests.TestRunner.main(TestRunner.java:28)
... Removed 22 stack frames</pre></div><a href='#' onClick='toggleBox("stack-trace1018547642", this, "Click to show all stack frames", "Click to hide stack frames")'>Click to show all stack frames</a>
<div class='stack-trace' id='stack-trace1018547642'><pre>java.lang.NullPointerException
	at javatest.com.epam.cdp.testngtests.MultTest.DoubleMultTest(MultTest.java:40)
	at sun.reflect.NativeMethodAccessorImpl.invoke0(Native Method)
	at sun.reflect.NativeMethodAccessorImpl.invoke(NativeMethodAccessorImpl.java:62)
	at sun.reflect.DelegatingMethodAccessorImpl.invoke(DelegatingMethodAccessorImpl.java:43)
	at java.lang.reflect.Method.invoke(Method.java:497)
	at org.testng.internal.MethodInvocationHelper.invokeMethod(MethodInvocationHelper.java:80)
	at org.testng.internal.Invoker.invokeMethod(Invoker.java:714)
	at org.testng.internal.Invoker.invokeTestMethod(Invoker.java:901)
	at org.testng.internal.Invoker.invokeTestMethods(Invoker.java:1231)
	at org.testng.internal.TestMethodWorker.invokeTestMethods(TestMethodWorker.java:127)
	at org.testng.internal.TestMethodWorker.run(TestMethodWorker.java:111)
	at org.testng.TestRunner.privateRun(TestRunner.java:767)
	at org.testng.TestRunner.run(TestRunner.java:617)
	at org.testng.SuiteRunner.runTest(SuiteRunner.java:334)
	at org.testng.SuiteRunner.runSequentially(SuiteRunner.java:329)
	at org.testng.SuiteRunner.privateRun(SuiteRunner.java:291)
	at org.testng.SuiteRunner.run(SuiteRunner.java:240)
	at org.testng.SuiteRunnerWorker.runSuite(SuiteRunnerWorker.java:52)
	at org.testng.SuiteRunnerWorker.run(SuiteRunnerWorker.java:86)
	at org.testng.TestNG.runSuitesSequentially(TestNG.java:1198)
	at org.testng.TestNG.runSuitesSequentially(TestNG.java:1194)
	at org.testng.TestNG.runSuitesLocally(TestNG.java:1123)
	at org.testng.TestNG.run(TestNG.java:1031)
	at javatest.com.epam.cdp.testngtests.TestRunner.main(TestRunner.java:28)
</pre></div></td>
<td>0</td>
<td>javatest.com.epam.cdp.testngtests.MultTest@3c679bde</td></tr>
<tr>
<td title='javatest.com.epam.cdp.testngtests.MultTest.LongMultTest()'><b>LongMultTest</b><br>Test class: javatest.com.epam.cdp.testngtests.MultTest<br>Parameters: 0, 100, 0</td>
<td><div><pre>java.lang.NullPointerException
	at javatest.com.epam.cdp.testngtests.MultTest.LongMultTest(MultTest.java:23)
	at javatest.com.epam.cdp.testngtests.TestRunner.main(TestRunner.java:28)
... Removed 22 stack frames</pre></div><a href='#' onClick='toggleBox("stack-trace1456208737", this, "Click to show all stack frames", "Click to hide stack frames")'>Click to show all stack frames</a>
<div class='stack-trace' id='stack-trace1456208737'><pre>java.lang.NullPointerException
	at javatest.com.epam.cdp.testngtests.MultTest.LongMultTest(MultTest.java:23)
	at sun.reflect.NativeMethodAccessorImpl.invoke0(Native Method)
	at sun.reflect.NativeMethodAccessorImpl.invoke(NativeMethodAccessorImpl.java:62)
	at sun.reflect.DelegatingMethodAccessorImpl.invoke(DelegatingMethodAccessorImpl.java:43)
	at java.lang.reflect.Method.invoke(Method.java:497)
	at org.testng.internal.MethodInvocationHelper.invokeMethod(MethodInvocationHelper.java:80)
	at org.testng.internal.Invoker.invokeMethod(Invoker.java:714)
	at org.testng.internal.Invoker.invokeTestMethod(Invoker.java:901)
	at org.testng.internal.Invoker.invokeTestMethods(Invoker.java:1231)
	at org.testng.internal.TestMethodWorker.invokeTestMethods(TestMethodWorker.java:127)
	at org.testng.internal.TestMethodWorker.run(TestMethodWorker.java:111)
	at org.testng.TestRunner.privateRun(TestRunner.java:767)
	at org.testng.TestRunner.run(TestRunner.java:617)
	at org.testng.SuiteRunner.runTest(SuiteRunner.java:334)
	at org.testng.SuiteRunner.runSequentially(SuiteRunner.java:329)
	at org.testng.SuiteRunner.privateRun(SuiteRunner.java:291)
	at org.testng.SuiteRunner.run(SuiteRunner.java:240)
	at org.testng.SuiteRunnerWorker.runSuite(SuiteRunnerWorker.java:52)
	at org.testng.SuiteRunnerWorker.run(SuiteRunnerWorker.java:86)
	at org.testng.TestNG.runSuitesSequentially(TestNG.java:1198)
	at org.testng.TestNG.runSuitesSequentially(TestNG.java:1194)
	at org.testng.TestNG.runSuitesLocally(TestNG.java:1123)
	at org.testng.TestNG.run(TestNG.java:1031)
	at javatest.com.epam.cdp.testngtests.TestRunner.main(TestRunner.java:28)
</pre></div></td>
<td>0</td>
<td>javatest.com.epam.cdp.testngtests.MultTest@3c679bde</td></tr>
<tr>
<td title='javatest.com.epam.cdp.testngtests.MultTest.LongMultTest()'><b>LongMultTest</b><br>Test class: javatest.com.epam.cdp.testngtests.MultTest<br>Parameters: -100, 25, -2500</td>
<td><div><pre>java.lang.NullPointerException
	at javatest.com.epam.cdp.testngtests.MultTest.LongMultTest(MultTest.java:23)
	at javatest.com.epam.cdp.testngtests.TestRunner.main(TestRunner.java:28)
... Removed 22 stack frames</pre></div><a href='#' onClick='toggleBox("stack-trace288665596", this, "Click to show all stack frames", "Click to hide stack frames")'>Click to show all stack frames</a>
<div class='stack-trace' id='stack-trace288665596'><pre>java.lang.NullPointerException
	at javatest.com.epam.cdp.testngtests.MultTest.LongMultTest(MultTest.java:23)
	at sun.reflect.NativeMethodAccessorImpl.invoke0(Native Method)
	at sun.reflect.NativeMethodAccessorImpl.invoke(NativeMethodAccessorImpl.java:62)
	at sun.reflect.DelegatingMethodAccessorImpl.invoke(DelegatingMethodAccessorImpl.java:43)
	at java.lang.reflect.Method.invoke(Method.java:497)
	at org.testng.internal.MethodInvocationHelper.invokeMethod(MethodInvocationHelper.java:80)
	at org.testng.internal.Invoker.invokeMethod(Invoker.java:714)
	at org.testng.internal.Invoker.invokeTestMethod(Invoker.java:901)
	at org.testng.internal.Invoker.invokeTestMethods(Invoker.java:1231)
	at org.testng.internal.TestMethodWorker.invokeTestMethods(TestMethodWorker.java:127)
	at org.testng.internal.TestMethodWorker.run(TestMethodWorker.java:111)
	at org.testng.TestRunner.privateRun(TestRunner.java:767)
	at org.testng.TestRunner.run(TestRunner.java:617)
	at org.testng.SuiteRunner.runTest(SuiteRunner.java:334)
	at org.testng.SuiteRunner.runSequentially(SuiteRunner.java:329)
	at org.testng.SuiteRunner.privateRun(SuiteRunner.java:291)
	at org.testng.SuiteRunner.run(SuiteRunner.java:240)
	at org.testng.SuiteRunnerWorker.runSuite(SuiteRunnerWorker.java:52)
	at org.testng.SuiteRunnerWorker.run(SuiteRunnerWorker.java:86)
	at org.testng.TestNG.runSuitesSequentially(TestNG.java:1198)
	at org.testng.TestNG.runSuitesSequentially(TestNG.java:1194)
	at org.testng.TestNG.runSuitesLocally(TestNG.java:1123)
	at org.testng.TestNG.run(TestNG.java:1031)
	at javatest.com.epam.cdp.testngtests.TestRunner.main(TestRunner.java:28)
</pre></div></td>
<td>0</td>
<td>javatest.com.epam.cdp.testngtests.MultTest@3c679bde</td></tr>
<tr>
<td title='javatest.com.epam.cdp.testngtests.MultTest.LongMultTest()'><b>LongMultTest</b><br>Test class: javatest.com.epam.cdp.testngtests.MultTest<br>Parameters: 200, 0, 0</td>
<td><div><pre>java.lang.NullPointerException
	at javatest.com.epam.cdp.testngtests.MultTest.LongMultTest(MultTest.java:23)
	at javatest.com.epam.cdp.testngtests.TestRunner.main(TestRunner.java:28)
... Removed 22 stack frames</pre></div><a href='#' onClick='toggleBox("stack-trace13648335", this, "Click to show all stack frames", "Click to hide stack frames")'>Click to show all stack frames</a>
<div class='stack-trace' id='stack-trace13648335'><pre>java.lang.NullPointerException
	at javatest.com.epam.cdp.testngtests.MultTest.LongMultTest(MultTest.java:23)
	at sun.reflect.NativeMethodAccessorImpl.invoke0(Native Method)
	at sun.reflect.NativeMethodAccessorImpl.invoke(NativeMethodAccessorImpl.java:62)
	at sun.reflect.DelegatingMethodAccessorImpl.invoke(DelegatingMethodAccessorImpl.java:43)
	at java.lang.reflect.Method.invoke(Method.java:497)
	at org.testng.internal.MethodInvocationHelper.invokeMethod(MethodInvocationHelper.java:80)
	at org.testng.internal.Invoker.invokeMethod(Invoker.java:714)
	at org.testng.internal.Invoker.invokeTestMethod(Invoker.java:901)
	at org.testng.internal.Invoker.invokeTestMethods(Invoker.java:1231)
	at org.testng.internal.TestMethodWorker.invokeTestMethods(TestMethodWorker.java:127)
	at org.testng.internal.TestMethodWorker.run(TestMethodWorker.java:111)
	at org.testng.TestRunner.privateRun(TestRunner.java:767)
	at org.testng.TestRunner.run(TestRunner.java:617)
	at org.testng.SuiteRunner.runTest(SuiteRunner.java:334)
	at org.testng.SuiteRunner.runSequentially(SuiteRunner.java:329)
	at org.testng.SuiteRunner.privateRun(SuiteRunner.java:291)
	at org.testng.SuiteRunner.run(SuiteRunner.java:240)
	at org.testng.SuiteRunnerWorker.runSuite(SuiteRunnerWorker.java:52)
	at org.testng.SuiteRunnerWorker.run(SuiteRunnerWorker.java:86)
	at org.testng.TestNG.runSuitesSequentially(TestNG.java:1198)
	at org.testng.TestNG.runSuitesSequentially(TestNG.java:1194)
	at org.testng.TestNG.runSuitesLocally(TestNG.java:1123)
	at org.testng.TestNG.run(TestNG.java:1031)
	at javatest.com.epam.cdp.testngtests.TestRunner.main(TestRunner.java:28)
</pre></div></td>
<td>0</td>
<td>javatest.com.epam.cdp.testngtests.MultTest@3c679bde</td></tr>
<tr>
<td title='javatest.com.epam.cdp.testngtests.MultTest.LongMultTest()'><b>LongMultTest</b><br>Test class: javatest.com.epam.cdp.testngtests.MultTest<br>Parameters: 1, 500, 500</td>
<td><div><pre>java.lang.NullPointerException
	at javatest.com.epam.cdp.testngtests.MultTest.LongMultTest(MultTest.java:23)
	at javatest.com.epam.cdp.testngtests.TestRunner.main(TestRunner.java:28)
... Removed 22 stack frames</pre></div><a href='#' onClick='toggleBox("stack-trace312116338", this, "Click to show all stack frames", "Click to hide stack frames")'>Click to show all stack frames</a>
<div class='stack-trace' id='stack-trace312116338'><pre>java.lang.NullPointerException
	at javatest.com.epam.cdp.testngtests.MultTest.LongMultTest(MultTest.java:23)
	at sun.reflect.NativeMethodAccessorImpl.invoke0(Native Method)
	at sun.reflect.NativeMethodAccessorImpl.invoke(NativeMethodAccessorImpl.java:62)
	at sun.reflect.DelegatingMethodAccessorImpl.invoke(DelegatingMethodAccessorImpl.java:43)
	at java.lang.reflect.Method.invoke(Method.java:497)
	at org.testng.internal.MethodInvocationHelper.invokeMethod(MethodInvocationHelper.java:80)
	at org.testng.internal.Invoker.invokeMethod(Invoker.java:714)
	at org.testng.internal.Invoker.invokeTestMethod(Invoker.java:901)
	at org.testng.internal.Invoker.invokeTestMethods(Invoker.java:1231)
	at org.testng.internal.TestMethodWorker.invokeTestMethods(TestMethodWorker.java:127)
	at org.testng.internal.TestMethodWorker.run(TestMethodWorker.java:111)
	at org.testng.TestRunner.privateRun(TestRunner.java:767)
	at org.testng.TestRunner.run(TestRunner.java:617)
	at org.testng.SuiteRunner.runTest(SuiteRunner.java:334)
	at org.testng.SuiteRunner.runSequentially(SuiteRunner.java:329)
	at org.testng.SuiteRunner.privateRun(SuiteRunner.java:291)
	at org.testng.SuiteRunner.run(SuiteRunner.java:240)
	at org.testng.SuiteRunnerWorker.runSuite(SuiteRunnerWorker.java:52)
	at org.testng.SuiteRunnerWorker.run(SuiteRunnerWorker.java:86)
	at org.testng.TestNG.runSuitesSequentially(TestNG.java:1198)
	at org.testng.TestNG.runSuitesSequentially(TestNG.java:1194)
	at org.testng.TestNG.runSuitesLocally(TestNG.java:1123)
	at org.testng.TestNG.run(TestNG.java:1031)
	at javatest.com.epam.cdp.testngtests.TestRunner.main(TestRunner.java:28)
</pre></div></td>
<td>0</td>
<td>javatest.com.epam.cdp.testngtests.MultTest@3c679bde</td></tr>
<tr>
<td title='javatest.com.epam.cdp.testngtests.MultTest.LongMultTest()'><b>LongMultTest</b><br>Test class: javatest.com.epam.cdp.testngtests.MultTest<br>Parameters: 1000, 3000, 3000000</td>
<td><div><pre>java.lang.NullPointerException
	at javatest.com.epam.cdp.testngtests.MultTest.LongMultTest(MultTest.java:23)
	at javatest.com.epam.cdp.testngtests.TestRunner.main(TestRunner.java:28)
... Removed 22 stack frames</pre></div><a href='#' onClick='toggleBox("stack-trace453211571", this, "Click to show all stack frames", "Click to hide stack frames")'>Click to show all stack frames</a>
<div class='stack-trace' id='stack-trace453211571'><pre>java.lang.NullPointerException
	at javatest.com.epam.cdp.testngtests.MultTest.LongMultTest(MultTest.java:23)
	at sun.reflect.NativeMethodAccessorImpl.invoke0(Native Method)
	at sun.reflect.NativeMethodAccessorImpl.invoke(NativeMethodAccessorImpl.java:62)
	at sun.reflect.DelegatingMethodAccessorImpl.invoke(DelegatingMethodAccessorImpl.java:43)
	at java.lang.reflect.Method.invoke(Method.java:497)
	at org.testng.internal.MethodInvocationHelper.invokeMethod(MethodInvocationHelper.java:80)
	at org.testng.internal.Invoker.invokeMethod(Invoker.java:714)
	at org.testng.internal.Invoker.invokeTestMethod(Invoker.java:901)
	at org.testng.internal.Invoker.invokeTestMethods(Invoker.java:1231)
	at org.testng.internal.TestMethodWorker.invokeTestMethods(TestMethodWorker.java:127)
	at org.testng.internal.TestMethodWorker.run(TestMethodWorker.java:111)
	at org.testng.TestRunner.privateRun(TestRunner.java:767)
	at org.testng.TestRunner.run(TestRunner.java:617)
	at org.testng.SuiteRunner.runTest(SuiteRunner.java:334)
	at org.testng.SuiteRunner.runSequentially(SuiteRunner.java:329)
	at org.testng.SuiteRunner.privateRun(SuiteRunner.java:291)
	at org.testng.SuiteRunner.run(SuiteRunner.java:240)
	at org.testng.SuiteRunnerWorker.runSuite(SuiteRunnerWorker.java:52)
	at org.testng.SuiteRunnerWorker.run(SuiteRunnerWorker.java:86)
	at org.testng.TestNG.runSuitesSequentially(TestNG.java:1198)
	at org.testng.TestNG.runSuitesSequentially(TestNG.java:1194)
	at org.testng.TestNG.runSuitesLocally(TestNG.java:1123)
	at org.testng.TestNG.run(TestNG.java:1031)
	at javatest.com.epam.cdp.testngtests.TestRunner.main(TestRunner.java:28)
</pre></div></td>
<td>0</td>
<td>javatest.com.epam.cdp.testngtests.MultTest@3c679bde</td></tr>
<tr>
<td title='javatest.com.epam.cdp.testngtests.TrigonometryTest.cos0()'><b>cos0</b><br>Test class: javatest.com.epam.cdp.testngtests.TrigonometryTest</td>
<td><div><pre>java.lang.AssertionError: expected [1.0] but found [0.0]
	at javatest.com.epam.cdp.testngtests.TrigonometryTest.cos0(TrigonometryTest.java:33)
	at javatest.com.epam.cdp.testngtests.TestRunner.main(TestRunner.java:28)
... Removed 26 stack frames</pre></div><a href='#' onClick='toggleBox("stack-trace1844169442", this, "Click to show all stack frames", "Click to hide stack frames")'>Click to show all stack frames</a>
<div class='stack-trace' id='stack-trace1844169442'><pre>java.lang.AssertionError: expected [1.0] but found [0.0]
	at org.testng.Assert.fail(Assert.java:94)
	at org.testng.Assert.failNotEquals(Assert.java:494)
	at org.testng.Assert.assertEquals(Assert.java:123)
	at org.testng.Assert.assertEquals(Assert.java:165)
	at javatest.com.epam.cdp.testngtests.TrigonometryTest.cos0(TrigonometryTest.java:33)
	at sun.reflect.NativeMethodAccessorImpl.invoke0(Native Method)
	at sun.reflect.NativeMethodAccessorImpl.invoke(NativeMethodAccessorImpl.java:62)
	at sun.reflect.DelegatingMethodAccessorImpl.invoke(DelegatingMethodAccessorImpl.java:43)
	at java.lang.reflect.Method.invoke(Method.java:497)
	at org.testng.internal.MethodInvocationHelper.invokeMethod(MethodInvocationHelper.java:80)
	at org.testng.internal.Invoker.invokeMethod(Invoker.java:714)
	at org.testng.internal.Invoker.invokeTestMethod(Invoker.java:901)
	at org.testng.internal.Invoker.invokeTestMethods(Invoker.java:1231)
	at org.testng.internal.TestMethodWorker.invokeTestMethods(TestMethodWorker.java:127)
	at org.testng.internal.TestMethodWorker.run(TestMethodWorker.java:111)
	at org.testng.TestRunner.privateRun(TestRunner.java:767)
	at org.testng.TestRunner.run(TestRunner.java:617)
	at org.testng.SuiteRunner.runTest(SuiteRunner.java:334)
	at org.testng.SuiteRunner.runSequentially(SuiteRunner.java:329)
	at org.testng.SuiteRunner.privateRun(SuiteRunner.java:291)
	at org.testng.SuiteRunner.run(SuiteRunner.java:240)
	at org.testng.SuiteRunnerWorker.runSuite(SuiteRunnerWorker.java:52)
	at org.testng.SuiteRunnerWorker.run(SuiteRunnerWorker.java:86)
	at org.testng.TestNG.runSuitesSequentially(TestNG.java:1198)
	at org.testng.TestNG.runSuitesSequentially(TestNG.java:1194)
	at org.testng.TestNG.runSuitesLocally(TestNG.java:1123)
	at org.testng.TestNG.run(TestNG.java:1031)
	at javatest.com.epam.cdp.testngtests.TestRunner.main(TestRunner.java:28)
</pre></div></td>
<td>0</td>
<td>javatest.com.epam.cdp.testngtests.TrigonometryTest@5f8ed237</td></tr>
<tr>
<td title='javatest.com.epam.cdp.testngtests.TrigonometryTest.sin90()'><b>sin90</b><br>Test class: javatest.com.epam.cdp.testngtests.TrigonometryTest</td>
<td><div><pre>java.lang.AssertionError: expected [1.0] but found [0.8939966636005579]
	at javatest.com.epam.cdp.testngtests.TrigonometryTest.sin90(TrigonometryTest.java:27)
	at javatest.com.epam.cdp.testngtests.TestRunner.main(TestRunner.java:28)
... Removed 26 stack frames</pre></div><a href='#' onClick='toggleBox("stack-trace1975358023", this, "Click to show all stack frames", "Click to hide stack frames")'>Click to show all stack frames</a>
<div class='stack-trace' id='stack-trace1975358023'><pre>java.lang.AssertionError: expected [1.0] but found [0.8939966636005579]
	at org.testng.Assert.fail(Assert.java:94)
	at org.testng.Assert.failNotEquals(Assert.java:494)
	at org.testng.Assert.assertEquals(Assert.java:123)
	at org.testng.Assert.assertEquals(Assert.java:165)
	at javatest.com.epam.cdp.testngtests.TrigonometryTest.sin90(TrigonometryTest.java:27)
	at sun.reflect.NativeMethodAccessorImpl.invoke0(Native Method)
	at sun.reflect.NativeMethodAccessorImpl.invoke(NativeMethodAccessorImpl.java:62)
	at sun.reflect.DelegatingMethodAccessorImpl.invoke(DelegatingMethodAccessorImpl.java:43)
	at java.lang.reflect.Method.invoke(Method.java:497)
	at org.testng.internal.MethodInvocationHelper.invokeMethod(MethodInvocationHelper.java:80)
	at org.testng.internal.Invoker.invokeMethod(Invoker.java:714)
	at org.testng.internal.Invoker.invokeTestMethod(Invoker.java:901)
	at org.testng.internal.Invoker.invokeTestMethods(Invoker.java:1231)
	at org.testng.internal.TestMethodWorker.invokeTestMethods(TestMethodWorker.java:127)
	at org.testng.internal.TestMethodWorker.run(TestMethodWorker.java:111)
	at org.testng.TestRunner.privateRun(TestRunner.java:767)
	at org.testng.TestRunner.run(TestRunner.java:617)
	at org.testng.SuiteRunner.runTest(SuiteRunner.java:334)
	at org.testng.SuiteRunner.runSequentially(SuiteRunner.java:329)
	at org.testng.SuiteRunner.privateRun(SuiteRunner.java:291)
	at org.testng.SuiteRunner.run(SuiteRunner.java:240)
	at org.testng.SuiteRunnerWorker.runSuite(SuiteRunnerWorker.java:52)
	at org.testng.SuiteRunnerWorker.run(SuiteRunnerWorker.java:86)
	at org.testng.TestNG.runSuitesSequentially(TestNG.java:1198)
	at org.testng.TestNG.runSuitesSequentially(TestNG.java:1194)
	at org.testng.TestNG.runSuitesLocally(TestNG.java:1123)
	at org.testng.TestNG.run(TestNG.java:1031)
	at javatest.com.epam.cdp.testngtests.TestRunner.main(TestRunner.java:28)
</pre></div></td>
<td>0</td>
<td>javatest.com.epam.cdp.testngtests.TrigonometryTest@5f8ed237</td></tr>
<tr>
<td title='javatest.com.epam.cdp.testngtests.LongDivTest.testDivByLong()'><b>testDivByLong</b><br>Test class: javatest.com.epam.cdp.testngtests.LongDivTest</td>
<td><div><pre>java.lang.AssertionError: expected [1.33] but found [1.0]
	at javatest.com.epam.cdp.testngtests.LongDivTest.testDivByLong(LongDivTest.java:30)
	at javatest.com.epam.cdp.testngtests.TestRunner.main(TestRunner.java:28)
... Removed 26 stack frames</pre></div><a href='#' onClick='toggleBox("stack-trace290658609", this, "Click to show all stack frames", "Click to hide stack frames")'>Click to show all stack frames</a>
<div class='stack-trace' id='stack-trace290658609'><pre>java.lang.AssertionError: expected [1.33] but found [1.0]
	at org.testng.Assert.fail(Assert.java:94)
	at org.testng.Assert.failNotEquals(Assert.java:494)
	at org.testng.Assert.assertEquals(Assert.java:123)
	at org.testng.Assert.assertEquals(Assert.java:165)
	at javatest.com.epam.cdp.testngtests.LongDivTest.testDivByLong(LongDivTest.java:30)
	at sun.reflect.NativeMethodAccessorImpl.invoke0(Native Method)
	at sun.reflect.NativeMethodAccessorImpl.invoke(NativeMethodAccessorImpl.java:62)
	at sun.reflect.DelegatingMethodAccessorImpl.invoke(DelegatingMethodAccessorImpl.java:43)
	at java.lang.reflect.Method.invoke(Method.java:497)
	at org.testng.internal.MethodInvocationHelper.invokeMethod(MethodInvocationHelper.java:80)
	at org.testng.internal.Invoker.invokeMethod(Invoker.java:714)
	at org.testng.internal.Invoker.invokeTestMethod(Invoker.java:901)
	at org.testng.internal.Invoker.invokeTestMethods(Invoker.java:1231)
	at org.testng.internal.TestMethodWorker.invokeTestMethods(TestMethodWorker.java:127)
	at org.testng.internal.TestMethodWorker.run(TestMethodWorker.java:111)
	at org.testng.TestRunner.privateRun(TestRunner.java:767)
	at org.testng.TestRunner.run(TestRunner.java:617)
	at org.testng.SuiteRunner.runTest(SuiteRunner.java:334)
	at org.testng.SuiteRunner.runSequentially(SuiteRunner.java:329)
	at org.testng.SuiteRunner.privateRun(SuiteRunner.java:291)
	at org.testng.SuiteRunner.run(SuiteRunner.java:240)
	at org.testng.SuiteRunnerWorker.runSuite(SuiteRunnerWorker.java:52)
	at org.testng.SuiteRunnerWorker.run(SuiteRunnerWorker.java:86)
	at org.testng.TestNG.runSuitesSequentially(TestNG.java:1198)
	at org.testng.TestNG.runSuitesSequentially(TestNG.java:1194)
	at org.testng.TestNG.runSuitesLocally(TestNG.java:1123)
	at org.testng.TestNG.run(TestNG.java:1031)
	at javatest.com.epam.cdp.testngtests.TestRunner.main(TestRunner.java:28)
</pre></div></td>
<td>0</td>
<td>javatest.com.epam.cdp.testngtests.LongDivTest@3339ad8e</td></tr>
<tr>
<td title='javatest.com.epam.cdp.testngtests.LongDivTest.testDivByOne()'><b>testDivByOne</b><br>Test class: javatest.com.epam.cdp.testngtests.LongDivTest</td>
<td><div><pre>java.lang.AssertionError: expected [340] but found [340.0]
	at javatest.com.epam.cdp.testngtests.LongDivTest.testDivByOne(LongDivTest.java:18)
	at javatest.com.epam.cdp.testngtests.TestRunner.main(TestRunner.java:28)
... Removed 26 stack frames</pre></div><a href='#' onClick='toggleBox("stack-trace532445947", this, "Click to show all stack frames", "Click to hide stack frames")'>Click to show all stack frames</a>
<div class='stack-trace' id='stack-trace532445947'><pre>java.lang.AssertionError: expected [340] but found [340.0]
	at org.testng.Assert.fail(Assert.java:94)
	at org.testng.Assert.failNotEquals(Assert.java:494)
	at org.testng.Assert.assertEquals(Assert.java:123)
	at org.testng.Assert.assertEquals(Assert.java:165)
	at javatest.com.epam.cdp.testngtests.LongDivTest.testDivByOne(LongDivTest.java:18)
	at sun.reflect.NativeMethodAccessorImpl.invoke0(Native Method)
	at sun.reflect.NativeMethodAccessorImpl.invoke(NativeMethodAccessorImpl.java:62)
	at sun.reflect.DelegatingMethodAccessorImpl.invoke(DelegatingMethodAccessorImpl.java:43)
	at java.lang.reflect.Method.invoke(Method.java:497)
	at org.testng.internal.MethodInvocationHelper.invokeMethod(MethodInvocationHelper.java:80)
	at org.testng.internal.Invoker.invokeMethod(Invoker.java:714)
	at org.testng.internal.Invoker.invokeTestMethod(Invoker.java:901)
	at org.testng.internal.Invoker.invokeTestMethods(Invoker.java:1231)
	at org.testng.internal.TestMethodWorker.invokeTestMethods(TestMethodWorker.java:127)
	at org.testng.internal.TestMethodWorker.run(TestMethodWorker.java:111)
	at org.testng.TestRunner.privateRun(TestRunner.java:767)
	at org.testng.TestRunner.run(TestRunner.java:617)
	at org.testng.SuiteRunner.runTest(SuiteRunner.java:334)
	at org.testng.SuiteRunner.runSequentially(SuiteRunner.java:329)
	at org.testng.SuiteRunner.privateRun(SuiteRunner.java:291)
	at org.testng.SuiteRunner.run(SuiteRunner.java:240)
	at org.testng.SuiteRunnerWorker.runSuite(SuiteRunnerWorker.java:52)
	at org.testng.SuiteRunnerWorker.run(SuiteRunnerWorker.java:86)
	at org.testng.TestNG.runSuitesSequentially(TestNG.java:1198)
	at org.testng.TestNG.runSuitesSequentially(TestNG.java:1194)
	at org.testng.TestNG.runSuitesLocally(TestNG.java:1123)
	at org.testng.TestNG.run(TestNG.java:1031)
	at javatest.com.epam.cdp.testngtests.TestRunner.main(TestRunner.java:28)
</pre></div></td>
<td>0</td>
<td>javatest.com.epam.cdp.testngtests.LongDivTest@3339ad8e</td></tr>
</table><p>
<table width='100%' border='1' class='invocation-passed'>
<tr><td colspan='4' align='center'><b>PASSED TESTS</b></td></tr>
<tr><td><b>Test method</b></td>
<td width="30%"><b>Exception</b></td>
<td width="10%"><b>Time (seconds)</b></td>
<td><b>Instance</b></td>
</tr>
<tr>
<td title='javatest.com.epam.cdp.testngtests.TrigonometryTest.ctg45()'><b>ctg45</b><br>Test class: javatest.com.epam.cdp.testngtests.TrigonometryTest</td>
<td></td>
<td>0</td>
<td>javatest.com.epam.cdp.testngtests.TrigonometryTest@5f8ed237</td></tr>
<tr>
<td title='javatest.com.epam.cdp.testngtests.SubTest.doubleSub()'><b>doubleSub</b><br>Test class: javatest.com.epam.cdp.testngtests.SubTest<br>Parameters: 2.34789, 5.6600099, -3.3121199</td>
<td></td>
<td>0</td>
<td>javatest.com.epam.cdp.testngtests.SubTest@1996cd68</td></tr>
<tr>
<td title='javatest.com.epam.cdp.testngtests.SubTest.doubleSub()'><b>doubleSub</b><br>Test class: javatest.com.epam.cdp.testngtests.SubTest<br>Parameters: 1.23, 1, 0.23</td>
<td></td>
<td>0</td>
<td>javatest.com.epam.cdp.testngtests.SubTest@1996cd68</td></tr>
<tr>
<td title='javatest.com.epam.cdp.testngtests.SubTest.doubleSub()'><b>doubleSub</b><br>Test class: javatest.com.epam.cdp.testngtests.SubTest<br>Parameters: 4.55, 0, 4.55</td>
<td></td>
<td>0</td>
<td>javatest.com.epam.cdp.testngtests.SubTest@1996cd68</td></tr>
<tr>
<td title='javatest.com.epam.cdp.testngtests.SubTest.doubleSub()'><b>doubleSub</b><br>Test class: javatest.com.epam.cdp.testngtests.SubTest<br>Parameters: 5.67, -3, 8.67</td>
<td></td>
<td>0</td>
<td>javatest.com.epam.cdp.testngtests.SubTest@1996cd68</td></tr>
<tr>
<td title='javatest.com.epam.cdp.testngtests.SubTest.doubleSub()'><b>doubleSub</b><br>Test class: javatest.com.epam.cdp.testngtests.SubTest<br>Parameters: 14.5666666, 14.5666666, 0</td>
<td></td>
<td>0</td>
<td>javatest.com.epam.cdp.testngtests.SubTest@1996cd68</td></tr>
<tr>
<td title='javatest.com.epam.cdp.testngtests.SubTest.longSub()'><b>longSub</b><br>Test class: javatest.com.epam.cdp.testngtests.SubTest<br>Parameters: 1000, 3500, -2500</td>
<td></td>
<td>0</td>
<td>javatest.com.epam.cdp.testngtests.SubTest@1996cd68</td></tr>
<tr>
<td title='javatest.com.epam.cdp.testngtests.SubTest.longSub()'><b>longSub</b><br>Test class: javatest.com.epam.cdp.testngtests.SubTest<br>Parameters: -100, 250, -350</td>
<td></td>
<td>0</td>
<td>javatest.com.epam.cdp.testngtests.SubTest@1996cd68</td></tr>
<tr>
<td title='javatest.com.epam.cdp.testngtests.SubTest.longSub()'><b>longSub</b><br>Test class: javatest.com.epam.cdp.testngtests.SubTest<br>Parameters: 0, 0, 0</td>
<td></td>
<td>0</td>
<td>javatest.com.epam.cdp.testngtests.SubTest@1996cd68</td></tr>
<tr>
<td title='javatest.com.epam.cdp.testngtests.SubTest.longSub()'><b>longSub</b><br>Test class: javatest.com.epam.cdp.testngtests.SubTest<br>Parameters: 100, -100, 200</td>
<td></td>
<td>0</td>
<td>javatest.com.epam.cdp.testngtests.SubTest@1996cd68</td></tr>
<tr>
<td title='javatest.com.epam.cdp.testngtests.SubTest.longSub()'><b>longSub</b><br>Test class: javatest.com.epam.cdp.testngtests.SubTest<br>Parameters: 300, 0, 300</td>
<td></td>
<td>0</td>
<td>javatest.com.epam.cdp.testngtests.SubTest@1996cd68</td></tr>
<tr>
<td title='javatest.com.epam.cdp.testngtests.SubTest.longSub()'><b>longSub</b><br>Test class: javatest.com.epam.cdp.testngtests.SubTest<br>Parameters: 50, 200, -150</td>
<td></td>
<td>0</td>
<td>javatest.com.epam.cdp.testngtests.SubTest@1996cd68</td></tr>
<tr>
<td title='javatest.com.epam.cdp.testngtests.SubTest.longSub()'><b>longSub</b><br>Test class: javatest.com.epam.cdp.testngtests.SubTest<br>Parameters: 10, 1, 9</td>
<td></td>
<td>0</td>
<td>javatest.com.epam.cdp.testngtests.SubTest@1996cd68</td></tr>
<tr>
<td title='javatest.com.epam.cdp.testngtests.DoubleDivTest.testDivByOne()'><b>testDivByOne</b><br>Test class: javatest.com.epam.cdp.testngtests.DoubleDivTest</td>
<td></td>
<td>0</td>
<td>javatest.com.epam.cdp.testngtests.DoubleDivTest@6d1e7682</td></tr>
<tr>
<td title='javatest.com.epam.cdp.testngtests.LongDivTest.testDivByZero()'><b>testDivByZero</b><br>Test class: javatest.com.epam.cdp.testngtests.LongDivTest</td>
<td><div><pre>java.lang.NumberFormatException: Attempt to divide by zero
	at com.epam.tat.module4.Calculator.div(Calculator.java:34)
	at javatest.com.epam.cdp.testngtests.LongDivTest.testDivByZero(LongDivTest.java:12)
	at javatest.com.epam.cdp.testngtests.TestRunner.main(TestRunner.java:28)
... Removed 22 stack frames</pre></div><a href='#' onClick='toggleBox("stack-trace2096171631", this, "Click to show all stack frames", "Click to hide stack frames")'>Click to show all stack frames</a>
<div class='stack-trace' id='stack-trace2096171631'><pre>java.lang.NumberFormatException: Attempt to divide by zero
	at com.epam.tat.module4.Calculator.div(Calculator.java:34)
	at javatest.com.epam.cdp.testngtests.LongDivTest.testDivByZero(LongDivTest.java:12)
	at sun.reflect.NativeMethodAccessorImpl.invoke0(Native Method)
	at sun.reflect.NativeMethodAccessorImpl.invoke(NativeMethodAccessorImpl.java:62)
	at sun.reflect.DelegatingMethodAccessorImpl.invoke(DelegatingMethodAccessorImpl.java:43)
	at java.lang.reflect.Method.invoke(Method.java:497)
	at org.testng.internal.MethodInvocationHelper.invokeMethod(MethodInvocationHelper.java:80)
	at org.testng.internal.Invoker.invokeMethod(Invoker.java:714)
	at org.testng.internal.Invoker.invokeTestMethod(Invoker.java:901)
	at org.testng.internal.Invoker.invokeTestMethods(Invoker.java:1231)
	at org.testng.internal.TestMethodWorker.invokeTestMethods(TestMethodWorker.java:127)
	at org.testng.internal.TestMethodWorker.run(TestMethodWorker.java:111)
	at org.testng.TestRunner.privateRun(TestRunner.java:767)
	at org.testng.TestRunner.run(TestRunner.java:617)
	at org.testng.SuiteRunner.runTest(SuiteRunner.java:334)
	at org.testng.SuiteRunner.runSequentially(SuiteRunner.java:329)
	at org.testng.SuiteRunner.privateRun(SuiteRunner.java:291)
	at org.testng.SuiteRunner.run(SuiteRunner.java:240)
	at org.testng.SuiteRunnerWorker.runSuite(SuiteRunnerWorker.java:52)
	at org.testng.SuiteRunnerWorker.run(SuiteRunnerWorker.java:86)
	at org.testng.TestNG.runSuitesSequentially(TestNG.java:1198)
	at org.testng.TestNG.runSuitesSequentially(TestNG.java:1194)
	at org.testng.TestNG.runSuitesLocally(TestNG.java:1123)
	at org.testng.TestNG.run(TestNG.java:1031)
	at javatest.com.epam.cdp.testngtests.TestRunner.main(TestRunner.java:28)
</pre></div></td>
<td>0</td>
<td>javatest.com.epam.cdp.testngtests.LongDivTest@3339ad8e</td></tr>
<tr>
<td title='javatest.com.epam.cdp.testngtests.DoubleDivTest.testDivByZero()'><b>testDivByZero</b><br>Test class: javatest.com.epam.cdp.testngtests.DoubleDivTest</td>
<td><div><pre>java.lang.NumberFormatException: Attempt to divide by zero
	at com.epam.tat.module4.Calculator.div(Calculator.java:34)
	at javatest.com.epam.cdp.testngtests.DoubleDivTest.testDivByZero(DoubleDivTest.java:17)
	at javatest.com.epam.cdp.testngtests.TestRunner.main(TestRunner.java:28)
... Removed 22 stack frames</pre></div><a href='#' onClick='toggleBox("stack-trace1802598046", this, "Click to show all stack frames", "Click to hide stack frames")'>Click to show all stack frames</a>
<div class='stack-trace' id='stack-trace1802598046'><pre>java.lang.NumberFormatException: Attempt to divide by zero
	at com.epam.tat.module4.Calculator.div(Calculator.java:34)
	at javatest.com.epam.cdp.testngtests.DoubleDivTest.testDivByZero(DoubleDivTest.java:17)
	at sun.reflect.NativeMethodAccessorImpl.invoke0(Native Method)
	at sun.reflect.NativeMethodAccessorImpl.invoke(NativeMethodAccessorImpl.java:62)
	at sun.reflect.DelegatingMethodAccessorImpl.invoke(DelegatingMethodAccessorImpl.java:43)
	at java.lang.reflect.Method.invoke(Method.java:497)
	at org.testng.internal.MethodInvocationHelper.invokeMethod(MethodInvocationHelper.java:80)
	at org.testng.internal.Invoker.invokeMethod(Invoker.java:714)
	at org.testng.internal.Invoker.invokeTestMethod(Invoker.java:901)
	at org.testng.internal.Invoker.invokeTestMethods(Invoker.java:1231)
	at org.testng.internal.TestMethodWorker.invokeTestMethods(TestMethodWorker.java:127)
	at org.testng.internal.TestMethodWorker.run(TestMethodWorker.java:111)
	at org.testng.TestRunner.privateRun(TestRunner.java:767)
	at org.testng.TestRunner.run(TestRunner.java:617)
	at org.testng.SuiteRunner.runTest(SuiteRunner.java:334)
	at org.testng.SuiteRunner.runSequentially(SuiteRunner.java:329)
	at org.testng.SuiteRunner.privateRun(SuiteRunner.java:291)
	at org.testng.SuiteRunner.run(SuiteRunner.java:240)
	at org.testng.SuiteRunnerWorker.runSuite(SuiteRunnerWorker.java:52)
	at org.testng.SuiteRunnerWorker.run(SuiteRunnerWorker.java:86)
	at org.testng.TestNG.runSuitesSequentially(TestNG.java:1198)
	at org.testng.TestNG.runSuitesSequentially(TestNG.java:1194)
	at org.testng.TestNG.runSuitesLocally(TestNG.java:1123)
	at org.testng.TestNG.run(TestNG.java:1031)
	at javatest.com.epam.cdp.testngtests.TestRunner.main(TestRunner.java:28)
</pre></div></td>
<td>0</td>
<td>javatest.com.epam.cdp.testngtests.DoubleDivTest@6d1e7682</td></tr>
<tr>
<td title='javatest.com.epam.cdp.testngtests.PowSqrtTest.testPowByInt()'><b>testPowByInt</b><br>Test class: javatest.com.epam.cdp.testngtests.PowSqrtTest</td>
<td></td>
<td>0</td>
<td>javatest.com.epam.cdp.testngtests.PowSqrtTest@424c0bc4</td></tr>
<tr>
<td title='javatest.com.epam.cdp.testngtests.PowSqrtTest.testPowByZero()'><b>testPowByZero</b><br>Test class: javatest.com.epam.cdp.testngtests.PowSqrtTest</td>
<td></td>
<td>0</td>
<td>javatest.com.epam.cdp.testngtests.PowSqrtTest@424c0bc4</td></tr>
<tr>
<td title='javatest.com.epam.cdp.testngtests.PowSqrtTest.testSqrtOfInt()'><b>testSqrtOfInt</b><br>Test class: javatest.com.epam.cdp.testngtests.PowSqrtTest</td>
<td></td>
<td>0</td>
<td>javatest.com.epam.cdp.testngtests.PowSqrtTest@424c0bc4</td></tr>
<tr>
<td title='javatest.com.epam.cdp.testngtests.PowSqrtTest.testSqrtOfOne()'><b>testSqrtOfOne</b><br>Test class: javatest.com.epam.cdp.testngtests.PowSqrtTest</td>
<td></td>
<td>0</td>
<td>javatest.com.epam.cdp.testngtests.PowSqrtTest@424c0bc4</td></tr>
<tr>
<td title='javatest.com.epam.cdp.testngtests.LongSumTest.testSum()'><b>testSum</b><br>Test class: javatest.com.epam.cdp.testngtests.LongSumTest<br>Parameters: 1000, 3500, 4500</td>
<td></td>
<td>0</td>
<td>javatest.com.epam.cdp.testngtests.LongSumTest@2db0f6b2</td></tr>
<tr>
<td title='javatest.com.epam.cdp.testngtests.LongSumTest.testSum()'><b>testSum</b><br>Test class: javatest.com.epam.cdp.testngtests.LongSumTest<br>Parameters: -100, 250, 150</td>
<td></td>
<td>0</td>
<td>javatest.com.epam.cdp.testngtests.LongSumTest@2db0f6b2</td></tr>
<tr>
<td title='javatest.com.epam.cdp.testngtests.LongSumTest.testSum()'><b>testSum</b><br>Test class: javatest.com.epam.cdp.testngtests.LongSumTest<br>Parameters: 0, 0, 0</td>
<td></td>
<td>0</td>
<td>javatest.com.epam.cdp.testngtests.LongSumTest@2db0f6b2</td></tr>
<tr>
<td title='javatest.com.epam.cdp.testngtests.LongSumTest.testSum()'><b>testSum</b><br>Test class: javatest.com.epam.cdp.testngtests.LongSumTest<br>Parameters: 100, -100, 0</td>
<td></td>
<td>0</td>
<td>javatest.com.epam.cdp.testngtests.LongSumTest@2db0f6b2</td></tr>
<tr>
<td title='javatest.com.epam.cdp.testngtests.LongSumTest.testSum()'><b>testSum</b><br>Test class: javatest.com.epam.cdp.testngtests.LongSumTest<br>Parameters: 300, 0, 300</td>
<td></td>
<td>0</td>
<td>javatest.com.epam.cdp.testngtests.LongSumTest@2db0f6b2</td></tr>
<tr>
<td title='javatest.com.epam.cdp.testngtests.DoubleSumTest.testSum()'><b>testSum</b><br>Test class: javatest.com.epam.cdp.testngtests.DoubleSumTest<br>Parameters: 2.34, 5.66, 8</td>
<td></td>
<td>0</td>
<td>javatest.com.epam.cdp.testngtests.DoubleSumTest@555590</td></tr>
<tr>
<td title='javatest.com.epam.cdp.testngtests.DoubleSumTest.testSum()'><b>testSum</b><br>Test class: javatest.com.epam.cdp.testngtests.DoubleSumTest<br>Parameters: 1.23, 4.55, 5.78</td>
<td></td>
<td>0</td>
<td>javatest.com.epam.cdp.testngtests.DoubleSumTest@555590</td></tr>
<tr>
<td title='javatest.com.epam.cdp.testngtests.DoubleSumTest.testSum()'><b>testSum</b><br>Test class: javatest.com.epam.cdp.testngtests.DoubleSumTest<br>Parameters: 4.55, 0, 4.55</td>
<td></td>
<td>0</td>
<td>javatest.com.epam.cdp.testngtests.DoubleSumTest@555590</td></tr>
<tr>
<td title='javatest.com.epam.cdp.testngtests.DoubleSumTest.testSum()'><b>testSum</b><br>Test class: javatest.com.epam.cdp.testngtests.DoubleSumTest<br>Parameters: 5.67, -3, 2.67</td>
<td></td>
<td>0</td>
<td>javatest.com.epam.cdp.testngtests.DoubleSumTest@555590</td></tr>
<tr>
<td title='javatest.com.epam.cdp.testngtests.DoubleSumTest.testSum()'><b>testSum</b><br>Test class: javatest.com.epam.cdp.testngtests.DoubleSumTest<br>Parameters: 0, 0, 0</td>
<td></td>
<td>0</td>
<td>javatest.com.epam.cdp.testngtests.DoubleSumTest@555590</td></tr>
<tr>
<td title='javatest.com.epam.cdp.testngtests.TrigonometryTest.tg45()'><b>tg45</b><br>Test class: javatest.com.epam.cdp.testngtests.TrigonometryTest</td>
<td></td>
<td>0</td>
<td>javatest.com.epam.cdp.testngtests.TrigonometryTest@5f8ed237</td></tr>
</table><p>
</body>
</html>