<?xml version="1.0" encoding="UTF-8"?>
<testng-results skipped="0" failed="13" total="44" passed="31">
  <reporter-output>
  </reporter-output>
  <suite name="CalculatorTest" duration-ms="0" started-at="2017-06-23T23:10:51Z" finished-at="2017-06-23T23:10:51Z">
    <groups>
    </groups>
  </suite> <!-- CalculatorTest -->
  <suite name="CalculatorTestNG" duration-ms="323" started-at="2017-06-23T23:10:50Z" finished-at="2017-06-23T23:10:51Z">
    <groups>
      <group name="CP">
        <method signature="DoubleDivTest.testDivByOne()[pri:0, instance:javatest.com.epam.cdp.testngtests.DoubleDivTest@3a4afd8d]" name="testDivByOne" class="javatest.com.epam.cdp.testngtests.DoubleDivTest"/>
        <method signature="DoubleDivTest.testDivByZero()[pri:0, instance:javatest.com.epam.cdp.testngtests.DoubleDivTest@3a4afd8d]" name="testDivByZero" class="javatest.com.epam.cdp.testngtests.DoubleDivTest"/>
        <method signature="DoubleSumTest.testSum(double, double, double)[pri:0, instance:javatest.com.epam.cdp.testngtests.DoubleSumTest@3cd1f1c8]" name="testSum" class="javatest.com.epam.cdp.testngtests.DoubleSumTest"/>
        <method signature="LongDivTest.testDivByLong()[pri:0, instance:javatest.com.epam.cdp.testngtests.LongDivTest@3339ad8e]" name="testDivByLong" class="javatest.com.epam.cdp.testngtests.LongDivTest"/>
        <method signature="LongDivTest.testDivByOne()[pri:0, instance:javatest.com.epam.cdp.testngtests.LongDivTest@3339ad8e]" name="testDivByOne" class="javatest.com.epam.cdp.testngtests.LongDivTest"/>
        <method signature="LongDivTest.testDivByZero()[pri:0, instance:javatest.com.epam.cdp.testngtests.LongDivTest@3339ad8e]" name="testDivByZero" class="javatest.com.epam.cdp.testngtests.LongDivTest"/>
        <method signature="LongSumTest.testSum(long, long, long)[pri:0, instance:javatest.com.epam.cdp.testngtests.LongSumTest@1996cd68]" name="testSum" class="javatest.com.epam.cdp.testngtests.LongSumTest"/>
        <method signature="MultTest.DoubleMultTest(double, double, double)[pri:0, instance:javatest.com.epam.cdp.testngtests.MultTest@27ddd392]" name="DoubleMultTest" class="javatest.com.epam.cdp.testngtests.MultTest"/>
        <method signature="MultTest.LongMultTest(long, long, long)[pri:0, instance:javatest.com.epam.cdp.testngtests.MultTest@27ddd392]" name="LongMultTest" class="javatest.com.epam.cdp.testngtests.MultTest"/>
        <method signature="PowSqrtTest.testPowByInt()[pri:0, instance:javatest.com.epam.cdp.testngtests.PowSqrtTest@2db0f6b2]" name="testPowByInt" class="javatest.com.epam.cdp.testngtests.PowSqrtTest"/>
        <method signature="PowSqrtTest.testPowByZero()[pri:0, instance:javatest.com.epam.cdp.testngtests.PowSqrtTest@2db0f6b2]" name="testPowByZero" class="javatest.com.epam.cdp.testngtests.PowSqrtTest"/>
        <method signature="PowSqrtTest.testSqrtOfInt()[pri:0, instance:javatest.com.epam.cdp.testngtests.PowSqrtTest@2db0f6b2]" name="testSqrtOfInt" class="javatest.com.epam.cdp.testngtests.PowSqrtTest"/>
        <method signature="PowSqrtTest.testSqrtOfOne()[pri:0, instance:javatest.com.epam.cdp.testngtests.PowSqrtTest@2db0f6b2]" name="testSqrtOfOne" class="javatest.com.epam.cdp.testngtests.PowSqrtTest"/>
        <method signature="SubTest.doubleSub(double, double, double)[pri:0, instance:javatest.com.epam.cdp.testngtests.SubTest@77afea7d]" name="doubleSub" class="javatest.com.epam.cdp.testngtests.SubTest"/>
        <method signature="SubTest.longSub(long, long, long)[pri:0, instance:javatest.com.epam.cdp.testngtests.SubTest@77afea7d]" name="longSub" class="javatest.com.epam.cdp.testngtests.SubTest"/>
        <method signature="TrigonometryTest.cos0()[pri:0, instance:javatest.com.epam.cdp.testngtests.TrigonometryTest@64b8f8f4]" name="cos0" class="javatest.com.epam.cdp.testngtests.TrigonometryTest"/>
        <method signature="TrigonometryTest.ctg45()[pri:0, instance:javatest.com.epam.cdp.testngtests.TrigonometryTest@64b8f8f4]" name="ctg45" class="javatest.com.epam.cdp.testngtests.TrigonometryTest"/>
        <method signature="TrigonometryTest.sin90()[pri:0, instance:javatest.com.epam.cdp.testngtests.TrigonometryTest@64b8f8f4]" name="sin90" class="javatest.com.epam.cdp.testngtests.TrigonometryTest"/>
        <method signature="TrigonometryTest.tg45()[pri:0, instance:javatest.com.epam.cdp.testngtests.TrigonometryTest@64b8f8f4]" name="tg45" class="javatest.com.epam.cdp.testngtests.TrigonometryTest"/>
      </group> <!-- CP -->
    </groups>
    <test name="Calculator" duration-ms="323" started-at="2017-06-23T23:10:50Z" finished-at="2017-06-23T23:10:51Z">
      <class name="javatest.com.epam.cdp.testngtests.PowSqrtTest">
        <test-method status="PASS" signature="setUp()[pri:0, instance:javatest.com.epam.cdp.testngtests.PowSqrtTest@2db0f6b2]" name="setUp" is-config="true" duration-ms="0" started-at="2017-06-23T16:10:51Z" finished-at="2017-06-23T16:10:51Z">
          <reporter-output>
          </reporter-output>
        </test-method> <!-- setUp -->
        <test-method status="PASS" signature="testPowByInt()[pri:0, instance:javatest.com.epam.cdp.testngtests.PowSqrtTest@2db0f6b2]" name="testPowByInt" duration-ms="1" started-at="2017-06-23T16:10:51Z" finished-at="2017-06-23T16:10:51Z">
          <reporter-output>
          </reporter-output>
        </test-method> <!-- testPowByInt -->
        <test-method status="PASS" signature="setUp()[pri:0, instance:javatest.com.epam.cdp.testngtests.PowSqrtTest@2db0f6b2]" name="setUp" is-config="true" duration-ms="1" started-at="2017-06-23T16:10:51Z" finished-at="2017-06-23T16:10:51Z">
          <reporter-output>
          </reporter-output>
        </test-method> <!-- setUp -->
        <test-method status="PASS" signature="setUp()[pri:0, instance:javatest.com.epam.cdp.testngtests.PowSqrtTest@2db0f6b2]" name="setUp" is-config="true" duration-ms="1" started-at="2017-06-23T16:10:51Z" finished-at="2017-06-23T16:10:51Z">
          <reporter-output>
          </reporter-output>
        </test-method> <!-- setUp -->
        <test-method status="PASS" signature="testPowByZero()[pri:0, instance:javatest.com.epam.cdp.testngtests.PowSqrtTest@2db0f6b2]" name="testPowByZero" duration-ms="0" started-at="2017-06-23T16:10:51Z" finished-at="2017-06-23T16:10:51Z">
          <reporter-output>
          </reporter-output>
        </test-method> <!-- testPowByZero -->
        <test-method status="PASS" signature="testSqrtOfInt()[pri:0, instance:javatest.com.epam.cdp.testngtests.PowSqrtTest@2db0f6b2]" name="testSqrtOfInt" duration-ms="0" started-at="2017-06-23T16:10:51Z" finished-at="2017-06-23T16:10:51Z">
          <reporter-output>
          </reporter-output>
        </test-method> <!-- testSqrtOfInt -->
        <test-method status="PASS" signature="setUp()[pri:0, instance:javatest.com.epam.cdp.testngtests.PowSqrtTest@2db0f6b2]" name="setUp" is-config="true" duration-ms="1" started-at="2017-06-23T16:10:51Z" finished-at="2017-06-23T16:10:51Z">
          <reporter-output>
          </reporter-output>
        </test-method> <!-- setUp -->
        <test-method status="PASS" signature="testSqrtOfOne()[pri:0, instance:javatest.com.epam.cdp.testngtests.PowSqrtTest@2db0f6b2]" name="testSqrtOfOne" duration-ms="0" started-at="2017-06-23T16:10:51Z" finished-at="2017-06-23T16:10:51Z">
          <reporter-output>
          </reporter-output>
        </test-method> <!-- testSqrtOfOne -->
      </class> <!-- javatest.com.epam.cdp.testngtests.PowSqrtTest -->
      <class name="javatest.com.epam.cdp.testngtests.LongSumTest">
        <test-method status="PASS" signature="setUp()[pri:0, instance:javatest.com.epam.cdp.testngtests.LongSumTest@1996cd68]" name="setUp" is-config="true" duration-ms="56" started-at="2017-06-23T16:10:50Z" finished-at="2017-06-23T16:10:50Z">
          <reporter-output>
          </reporter-output>
        </test-method> <!-- setUp -->
        <test-method status="PASS" signature="testSum(long, long, long)[pri:0, instance:javatest.com.epam.cdp.testngtests.LongSumTest@1996cd68]" name="testSum" duration-ms="17" started-at="2017-06-23T16:10:50Z" data-provider="sumDataProvider" finished-at="2017-06-23T16:10:51Z">
          <params>
            <param index="0">
              <value>
                <![CDATA[1000]]>
              </value>
            </param>
            <param index="1">
              <value>
                <![CDATA[3500]]>
              </value>
            </param>
            <param index="2">
              <value>
                <![CDATA[4500]]>
              </value>
            </param>
          </params>
          <reporter-output>
          </reporter-output>
        </test-method> <!-- testSum -->
        <test-method status="PASS" signature="setUp()[pri:0, instance:javatest.com.epam.cdp.testngtests.LongSumTest@1996cd68]" name="setUp" is-config="true" duration-ms="1" started-at="2017-06-23T16:10:51Z" finished-at="2017-06-23T16:10:51Z">
          <reporter-output>
          </reporter-output>
        </test-method> <!-- setUp -->
        <test-method status="PASS" signature="testSum(long, long, long)[pri:0, instance:javatest.com.epam.cdp.testngtests.LongSumTest@1996cd68]" name="testSum" duration-ms="0" started-at="2017-06-23T16:10:51Z" data-provider="sumDataProvider" finished-at="2017-06-23T16:10:51Z">
          <params>
            <param index="0">
              <value>
                <![CDATA[-100]]>
              </value>
            </param>
            <param index="1">
              <value>
                <![CDATA[250]]>
              </value>
            </param>
            <param index="2">
              <value>
                <![CDATA[150]]>
              </value>
            </param>
          </params>
          <reporter-output>
          </reporter-output>
        </test-method> <!-- testSum -->
        <test-method status="PASS" signature="testSum(long, long, long)[pri:0, instance:javatest.com.epam.cdp.testngtests.LongSumTest@1996cd68]" name="testSum" duration-ms="0" started-at="2017-06-23T16:10:51Z" data-provider="sumDataProvider" finished-at="2017-06-23T16:10:51Z">
          <params>
            <param index="0">
              <value>
                <![CDATA[0]]>
              </value>
            </param>
            <param index="1">
              <value>
                <![CDATA[0]]>
              </value>
            </param>
            <param index="2">
              <value>
                <![CDATA[0]]>
              </value>
            </param>
          </params>
          <reporter-output>
          </reporter-output>
        </test-method> <!-- testSum -->
        <test-method status="PASS" signature="setUp()[pri:0, instance:javatest.com.epam.cdp.testngtests.LongSumTest@1996cd68]" name="setUp" is-config="true" duration-ms="0" started-at="2017-06-23T16:10:51Z" finished-at="2017-06-23T16:10:51Z">
          <reporter-output>
          </reporter-output>
        </test-method> <!-- setUp -->
        <test-method status="PASS" signature="setUp()[pri:0, instance:javatest.com.epam.cdp.testngtests.LongSumTest@1996cd68]" name="setUp" is-config="true" duration-ms="0" started-at="2017-06-23T16:10:51Z" finished-at="2017-06-23T16:10:51Z">
          <reporter-output>
          </reporter-output>
        </test-method> <!-- setUp -->
        <test-method status="PASS" signature="testSum(long, long, long)[pri:0, instance:javatest.com.epam.cdp.testngtests.LongSumTest@1996cd68]" name="testSum" duration-ms="0" started-at="2017-06-23T16:10:51Z" data-provider="sumDataProvider" finished-at="2017-06-23T16:10:51Z">
          <params>
            <param index="0">
              <value>
                <![CDATA[100]]>
              </value>
            </param>
            <param index="1">
              <value>
                <![CDATA[-100]]>
              </value>
            </param>
            <param index="2">
              <value>
                <![CDATA[0]]>
              </value>
            </param>
          </params>
          <reporter-output>
          </reporter-output>
        </test-method> <!-- testSum -->
        <test-method status="PASS" signature="setUp()[pri:0, instance:javatest.com.epam.cdp.testngtests.LongSumTest@1996cd68]" name="setUp" is-config="true" duration-ms="1" started-at="2017-06-23T16:10:51Z" finished-at="2017-06-23T16:10:51Z">
          <reporter-output>
          </reporter-output>
        </test-method> <!-- setUp -->
        <test-method status="PASS" signature="testSum(long, long, long)[pri:0, instance:javatest.com.epam.cdp.testngtests.LongSumTest@1996cd68]" name="testSum" duration-ms="0" started-at="2017-06-23T16:10:51Z" data-provider="sumDataProvider" finished-at="2017-06-23T16:10:51Z">
          <params>
            <param index="0">
              <value>
                <![CDATA[300]]>
              </value>
            </param>
            <param index="1">
              <value>
                <![CDATA[0]]>
              </value>
            </param>
            <param index="2">
              <value>
                <![CDATA[300]]>
              </value>
            </param>
          </params>
          <reporter-output>
          </reporter-output>
        </test-method> <!-- testSum -->
      </class> <!-- javatest.com.epam.cdp.testngtests.LongSumTest -->
      <class name="javatest.com.epam.cdp.testngtests.MultTest">
        <test-method status="FAIL" signature="DoubleMultTest(double, double, double)[pri:0, instance:javatest.com.epam.cdp.testngtests.MultTest@27ddd392]" name="DoubleMultTest" duration-ms="2" started-at="2017-06-23T16:10:51Z" data-provider="doubleDataProvider" finished-at="2017-06-23T16:10:51Z">
          <params>
            <param index="0">
              <value>
                <![CDATA[0]]>
              </value>
            </param>
            <param index="1">
              <value>
                <![CDATA[10.2]]>
              </value>
            </param>
            <param index="2">
              <value>
                <![CDATA[0]]>
              </value>
            </param>
          </params>
          <exception class="java.lang.NullPointerException">
            <full-stacktrace>
              <![CDATA[java.lang.NullPointerException
	at javatest.com.epam.cdp.testngtests.MultTest.DoubleMultTest(MultTest.java:40)
	at sun.reflect.NativeMethodAccessorImpl.invoke0(Native Method)
	at sun.reflect.NativeMethodAccessorImpl.invoke(NativeMethodAccessorImpl.java:62)
	at sun.reflect.DelegatingMethodAccessorImpl.invoke(DelegatingMethodAccessorImpl.java:43)
	at java.lang.reflect.Method.invoke(Method.java:497)
	at org.testng.internal.MethodInvocationHelper.invokeMethod(MethodInvocationHelper.java:80)
	at org.testng.internal.Invoker.invokeMethod(Invoker.java:714)
	at org.testng.internal.Invoker.invokeTestMethod(Invoker.java:901)
	at org.testng.internal.Invoker.invokeTestMethods(Invoker.java:1231)
	at org.testng.internal.TestMethodWorker.invokeTestMethods(TestMethodWorker.java:127)
	at org.testng.internal.TestMethodWorker.run(TestMethodWorker.java:111)
	at org.testng.TestRunner.privateRun(TestRunner.java:767)
	at org.testng.TestRunner.run(TestRunner.java:617)
	at org.testng.SuiteRunner.runTest(SuiteRunner.java:334)
	at org.testng.SuiteRunner.runSequentially(SuiteRunner.java:329)
	at org.testng.SuiteRunner.privateRun(SuiteRunner.java:291)
	at org.testng.SuiteRunner.run(SuiteRunner.java:240)
	at org.testng.SuiteRunnerWorker.runSuite(SuiteRunnerWorker.java:52)
	at org.testng.SuiteRunnerWorker.run(SuiteRunnerWorker.java:86)
	at org.testng.TestNG.runSuitesSequentially(TestNG.java:1198)
	at org.testng.TestNG.runSuitesSequentially(TestNG.java:1194)
	at org.testng.TestNG.runSuitesLocally(TestNG.java:1123)
	at org.testng.TestNG.run(TestNG.java:1031)
	at javatest.com.epam.cdp.testngtests.TestRunner.main(TestRunner.java:28)
]]>
            </full-stacktrace>
          </exception> <!-- java.lang.NullPointerException -->
          <reporter-output>
          </reporter-output>
        </test-method> <!-- DoubleMultTest -->
        <test-method status="FAIL" signature="DoubleMultTest(double, double, double)[pri:0, instance:javatest.com.epam.cdp.testngtests.MultTest@27ddd392]" name="DoubleMultTest" duration-ms="1" started-at="2017-06-23T16:10:51Z" data-provider="doubleDataProvider" finished-at="2017-06-23T16:10:51Z">
          <params>
            <param index="0">
              <value>
                <![CDATA[-1]]>
              </value>
            </param>
            <param index="1">
              <value>
                <![CDATA[0.34]]>
              </value>
            </param>
            <param index="2">
              <value>
                <![CDATA[-0.34]]>
              </value>
            </param>
          </params>
          <exception class="java.lang.NullPointerException">
            <full-stacktrace>
              <![CDATA[java.lang.NullPointerException
	at javatest.com.epam.cdp.testngtests.MultTest.DoubleMultTest(MultTest.java:40)
	at sun.reflect.NativeMethodAccessorImpl.invoke0(Native Method)
	at sun.reflect.NativeMethodAccessorImpl.invoke(NativeMethodAccessorImpl.java:62)
	at sun.reflect.DelegatingMethodAccessorImpl.invoke(DelegatingMethodAccessorImpl.java:43)
	at java.lang.reflect.Method.invoke(Method.java:497)
	at org.testng.internal.MethodInvocationHelper.invokeMethod(MethodInvocationHelper.java:80)
	at org.testng.internal.Invoker.invokeMethod(Invoker.java:714)
	at org.testng.internal.Invoker.invokeTestMethod(Invoker.java:901)
	at org.testng.internal.Invoker.invokeTestMethods(Invoker.java:1231)
	at org.testng.internal.TestMethodWorker.invokeTestMethods(TestMethodWorker.java:127)
	at org.testng.internal.TestMethodWorker.run(TestMethodWorker.java:111)
	at org.testng.TestRunner.privateRun(TestRunner.java:767)
	at org.testng.TestRunner.run(TestRunner.java:617)
	at org.testng.SuiteRunner.runTest(SuiteRunner.java:334)
	at org.testng.SuiteRunner.runSequentially(SuiteRunner.java:329)
	at org.testng.SuiteRunner.privateRun(SuiteRunner.java:291)
	at org.testng.SuiteRunner.run(SuiteRunner.java:240)
	at org.testng.SuiteRunnerWorker.runSuite(SuiteRunnerWorker.java:52)
	at org.testng.SuiteRunnerWorker.run(SuiteRunnerWorker.java:86)
	at org.testng.TestNG.runSuitesSequentially(TestNG.java:1198)
	at org.testng.TestNG.runSuitesSequentially(TestNG.java:1194)
	at org.testng.TestNG.runSuitesLocally(TestNG.java:1123)
	at org.testng.TestNG.run(TestNG.java:1031)
	at javatest.com.epam.cdp.testngtests.TestRunner.main(TestRunner.java:28)
]]>
            </full-stacktrace>
          </exception> <!-- java.lang.NullPointerException -->
          <reporter-output>
          </reporter-output>
        </test-method> <!-- DoubleMultTest -->
        <test-method status="FAIL" signature="DoubleMultTest(double, double, double)[pri:0, instance:javatest.com.epam.cdp.testngtests.MultTest@27ddd392]" name="DoubleMultTest" duration-ms="1" started-at="2017-06-23T16:10:51Z" data-provider="doubleDataProvider" finished-at="2017-06-23T16:10:51Z">
          <params>
            <param index="0">
              <value>
                <![CDATA[0.25]]>
              </value>
            </param>
            <param index="1">
              <value>
                <![CDATA[5]]>
              </value>
            </param>
            <param index="2">
              <value>
                <![CDATA[1]]>
              </value>
            </param>
          </params>
          <exception class="java.lang.NullPointerException">
            <full-stacktrace>
              <![CDATA[java.lang.NullPointerException
	at javatest.com.epam.cdp.testngtests.MultTest.DoubleMultTest(MultTest.java:40)
	at sun.reflect.NativeMethodAccessorImpl.invoke0(Native Method)
	at sun.reflect.NativeMethodAccessorImpl.invoke(NativeMethodAccessorImpl.java:62)
	at sun.reflect.DelegatingMethodAccessorImpl.invoke(DelegatingMethodAccessorImpl.java:43)
	at java.lang.reflect.Method.invoke(Method.java:497)
	at org.testng.internal.MethodInvocationHelper.invokeMethod(MethodInvocationHelper.java:80)
	at org.testng.internal.Invoker.invokeMethod(Invoker.java:714)
	at org.testng.internal.Invoker.invokeTestMethod(Invoker.java:901)
	at org.testng.internal.Invoker.invokeTestMethods(Invoker.java:1231)
	at org.testng.internal.TestMethodWorker.invokeTestMethods(TestMethodWorker.java:127)
	at org.testng.internal.TestMethodWorker.run(TestMethodWorker.java:111)
	at org.testng.TestRunner.privateRun(TestRunner.java:767)
	at org.testng.TestRunner.run(TestRunner.java:617)
	at org.testng.SuiteRunner.runTest(SuiteRunner.java:334)
	at org.testng.SuiteRunner.runSequentially(SuiteRunner.java:329)
	at org.testng.SuiteRunner.privateRun(SuiteRunner.java:291)
	at org.testng.SuiteRunner.run(SuiteRunner.java:240)
	at org.testng.SuiteRunnerWorker.runSuite(SuiteRunnerWorker.java:52)
	at org.testng.SuiteRunnerWorker.run(SuiteRunnerWorker.java:86)
	at org.testng.TestNG.runSuitesSequentially(TestNG.java:1198)
	at org.testng.TestNG.runSuitesSequentially(TestNG.java:1194)
	at org.testng.TestNG.runSuitesLocally(TestNG.java:1123)
	at org.testng.TestNG.run(TestNG.java:1031)
	at javatest.com.epam.cdp.testngtests.TestRunner.main(TestRunner.java:28)
]]>
            </full-stacktrace>
          </exception> <!-- java.lang.NullPointerException -->
          <reporter-output>
          </reporter-output>
        </test-method> <!-- DoubleMultTest -->
        <test-method status="FAIL" signature="DoubleMultTest(double, double, double)[pri:0, instance:javatest.com.epam.cdp.testngtests.MultTest@27ddd392]" name="DoubleMultTest" duration-ms="0" started-at="2017-06-23T16:10:51Z" data-provider="doubleDataProvider" finished-at="2017-06-23T16:10:51Z">
          <params>
            <param index="0">
              <value>
                <![CDATA[0.25]]>
              </value>
            </param>
            <param index="1">
              <value>
                <![CDATA[100]]>
              </value>
            </param>
            <param index="2">
              <value>
                <![CDATA[25]]>
              </value>
            </param>
          </params>
          <exception class="java.lang.NullPointerException">
            <full-stacktrace>
              <![CDATA[java.lang.NullPointerException
	at javatest.com.epam.cdp.testngtests.MultTest.DoubleMultTest(MultTest.java:40)
	at sun.reflect.NativeMethodAccessorImpl.invoke0(Native Method)
	at sun.reflect.NativeMethodAccessorImpl.invoke(NativeMethodAccessorImpl.java:62)
	at sun.reflect.DelegatingMethodAccessorImpl.invoke(DelegatingMethodAccessorImpl.java:43)
	at java.lang.reflect.Method.invoke(Method.java:497)
	at org.testng.internal.MethodInvocationHelper.invokeMethod(MethodInvocationHelper.java:80)
	at org.testng.internal.Invoker.invokeMethod(Invoker.java:714)
	at org.testng.internal.Invoker.invokeTestMethod(Invoker.java:901)
	at org.testng.internal.Invoker.invokeTestMethods(Invoker.java:1231)
	at org.testng.internal.TestMethodWorker.invokeTestMethods(TestMethodWorker.java:127)
	at org.testng.internal.TestMethodWorker.run(TestMethodWorker.java:111)
	at org.testng.TestRunner.privateRun(TestRunner.java:767)
	at org.testng.TestRunner.run(TestRunner.java:617)
	at org.testng.SuiteRunner.runTest(SuiteRunner.java:334)
	at org.testng.SuiteRunner.runSequentially(SuiteRunner.java:329)
	at org.testng.SuiteRunner.privateRun(SuiteRunner.java:291)
	at org.testng.SuiteRunner.run(SuiteRunner.java:240)
	at org.testng.SuiteRunnerWorker.runSuite(SuiteRunnerWorker.java:52)
	at org.testng.SuiteRunnerWorker.run(SuiteRunnerWorker.java:86)
	at org.testng.TestNG.runSuitesSequentially(TestNG.java:1198)
	at org.testng.TestNG.runSuitesSequentially(TestNG.java:1194)
	at org.testng.TestNG.runSuitesLocally(TestNG.java:1123)
	at org.testng.TestNG.run(TestNG.java:1031)
	at javatest.com.epam.cdp.testngtests.TestRunner.main(TestRunner.java:28)
]]>
            </full-stacktrace>
          </exception> <!-- java.lang.NullPointerException -->
          <reporter-output>
          </reporter-output>
        </test-method> <!-- DoubleMultTest -->
        <test-method status="FAIL" signature="LongMultTest(long, long, long)[pri:0, instance:javatest.com.epam.cdp.testngtests.MultTest@27ddd392]" name="LongMultTest" duration-ms="1" started-at="2017-06-23T16:10:51Z" data-provider="longDataProvider" finished-at="2017-06-23T16:10:51Z">
          <params>
            <param index="0">
              <value>
                <![CDATA[200]]>
              </value>
            </param>
            <param index="1">
              <value>
                <![CDATA[0]]>
              </value>
            </param>
            <param index="2">
              <value>
                <![CDATA[0]]>
              </value>
            </param>
          </params>
          <exception class="java.lang.NullPointerException">
            <full-stacktrace>
              <![CDATA[java.lang.NullPointerException
	at javatest.com.epam.cdp.testngtests.MultTest.LongMultTest(MultTest.java:23)
	at sun.reflect.NativeMethodAccessorImpl.invoke0(Native Method)
	at sun.reflect.NativeMethodAccessorImpl.invoke(NativeMethodAccessorImpl.java:62)
	at sun.reflect.DelegatingMethodAccessorImpl.invoke(DelegatingMethodAccessorImpl.java:43)
	at java.lang.reflect.Method.invoke(Method.java:497)
	at org.testng.internal.MethodInvocationHelper.invokeMethod(MethodInvocationHelper.java:80)
	at org.testng.internal.Invoker.invokeMethod(Invoker.java:714)
	at org.testng.internal.Invoker.invokeTestMethod(Invoker.java:901)
	at org.testng.internal.Invoker.invokeTestMethods(Invoker.java:1231)
	at org.testng.internal.TestMethodWorker.invokeTestMethods(TestMethodWorker.java:127)
	at org.testng.internal.TestMethodWorker.run(TestMethodWorker.java:111)
	at org.testng.TestRunner.privateRun(TestRunner.java:767)
	at org.testng.TestRunner.run(TestRunner.java:617)
	at org.testng.SuiteRunner.runTest(SuiteRunner.java:334)
	at org.testng.SuiteRunner.runSequentially(SuiteRunner.java:329)
	at org.testng.SuiteRunner.privateRun(SuiteRunner.java:291)
	at org.testng.SuiteRunner.run(SuiteRunner.java:240)
	at org.testng.SuiteRunnerWorker.runSuite(SuiteRunnerWorker.java:52)
	at org.testng.SuiteRunnerWorker.run(SuiteRunnerWorker.java:86)
	at org.testng.TestNG.runSuitesSequentially(TestNG.java:1198)
	at org.testng.TestNG.runSuitesSequentially(TestNG.java:1194)
	at org.testng.TestNG.runSuitesLocally(TestNG.java:1123)
	at org.testng.TestNG.run(TestNG.java:1031)
	at javatest.com.epam.cdp.testngtests.TestRunner.main(TestRunner.java:28)
]]>
            </full-stacktrace>
          </exception> <!-- java.lang.NullPointerException -->
          <reporter-output>
          </reporter-output>
        </test-method> <!-- LongMultTest -->
        <test-method status="FAIL" signature="LongMultTest(long, long, long)[pri:0, instance:javatest.com.epam.cdp.testngtests.MultTest@27ddd392]" name="LongMultTest" duration-ms="0" started-at="2017-06-23T16:10:51Z" data-provider="longDataProvider" finished-at="2017-06-23T16:10:51Z">
          <params>
            <param index="0">
              <value>
                <![CDATA[0]]>
              </value>
            </param>
            <param index="1">
              <value>
                <![CDATA[100]]>
              </value>
            </param>
            <param index="2">
              <value>
                <![CDATA[0]]>
              </value>
            </param>
          </params>
          <exception class="java.lang.NullPointerException">
            <full-stacktrace>
              <![CDATA[java.lang.NullPointerException
	at javatest.com.epam.cdp.testngtests.MultTest.LongMultTest(MultTest.java:23)
	at sun.reflect.NativeMethodAccessorImpl.invoke0(Native Method)
	at sun.reflect.NativeMethodAccessorImpl.invoke(NativeMethodAccessorImpl.java:62)
	at sun.reflect.DelegatingMethodAccessorImpl.invoke(DelegatingMethodAccessorImpl.java:43)
	at java.lang.reflect.Method.invoke(Method.java:497)
	at org.testng.internal.MethodInvocationHelper.invokeMethod(MethodInvocationHelper.java:80)
	at org.testng.internal.Invoker.invokeMethod(Invoker.java:714)
	at org.testng.internal.Invoker.invokeTestMethod(Invoker.java:901)
	at org.testng.internal.Invoker.invokeTestMethods(Invoker.java:1231)
	at org.testng.internal.TestMethodWorker.invokeTestMethods(TestMethodWorker.java:127)
	at org.testng.internal.TestMethodWorker.run(TestMethodWorker.java:111)
	at org.testng.TestRunner.privateRun(TestRunner.java:767)
	at org.testng.TestRunner.run(TestRunner.java:617)
	at org.testng.SuiteRunner.runTest(SuiteRunner.java:334)
	at org.testng.SuiteRunner.runSequentially(SuiteRunner.java:329)
	at org.testng.SuiteRunner.privateRun(SuiteRunner.java:291)
	at org.testng.SuiteRunner.run(SuiteRunner.java:240)
	at org.testng.SuiteRunnerWorker.runSuite(SuiteRunnerWorker.java:52)
	at org.testng.SuiteRunnerWorker.run(SuiteRunnerWorker.java:86)
	at org.testng.TestNG.runSuitesSequentially(TestNG.java:1198)
	at org.testng.TestNG.runSuitesSequentially(TestNG.java:1194)
	at org.testng.TestNG.runSuitesLocally(TestNG.java:1123)
	at org.testng.TestNG.run(TestNG.java:1031)
	at javatest.com.epam.cdp.testngtests.TestRunner.main(TestRunner.java:28)
]]>
            </full-stacktrace>
          </exception> <!-- java.lang.NullPointerException -->
          <reporter-output>
          </reporter-output>
        </test-method> <!-- LongMultTest -->
        <test-method status="FAIL" signature="LongMultTest(long, long, long)[pri:0, instance:javatest.com.epam.cdp.testngtests.MultTest@27ddd392]" name="LongMultTest" duration-ms="0" started-at="2017-06-23T16:10:51Z" data-provider="longDataProvider" finished-at="2017-06-23T16:10:51Z">
          <params>
            <param index="0">
              <value>
                <![CDATA[-100]]>
              </value>
            </param>
            <param index="1">
              <value>
                <![CDATA[25]]>
              </value>
            </param>
            <param index="2">
              <value>
                <![CDATA[-2500]]>
              </value>
            </param>
          </params>
          <exception class="java.lang.NullPointerException">
            <full-stacktrace>
              <![CDATA[java.lang.NullPointerException
	at javatest.com.epam.cdp.testngtests.MultTest.LongMultTest(MultTest.java:23)
	at sun.reflect.NativeMethodAccessorImpl.invoke0(Native Method)
	at sun.reflect.NativeMethodAccessorImpl.invoke(NativeMethodAccessorImpl.java:62)
	at sun.reflect.DelegatingMethodAccessorImpl.invoke(DelegatingMethodAccessorImpl.java:43)
	at java.lang.reflect.Method.invoke(Method.java:497)
	at org.testng.internal.MethodInvocationHelper.invokeMethod(MethodInvocationHelper.java:80)
	at org.testng.internal.Invoker.invokeMethod(Invoker.java:714)
	at org.testng.internal.Invoker.invokeTestMethod(Invoker.java:901)
	at org.testng.internal.Invoker.invokeTestMethods(Invoker.java:1231)
	at org.testng.internal.TestMethodWorker.invokeTestMethods(TestMethodWorker.java:127)
	at org.testng.internal.TestMethodWorker.run(TestMethodWorker.java:111)
	at org.testng.TestRunner.privateRun(TestRunner.java:767)
	at org.testng.TestRunner.run(TestRunner.java:617)
	at org.testng.SuiteRunner.runTest(SuiteRunner.java:334)
	at org.testng.SuiteRunner.runSequentially(SuiteRunner.java:329)
	at org.testng.SuiteRunner.privateRun(SuiteRunner.java:291)
	at org.testng.SuiteRunner.run(SuiteRunner.java:240)
	at org.testng.SuiteRunnerWorker.runSuite(SuiteRunnerWorker.java:52)
	at org.testng.SuiteRunnerWorker.run(SuiteRunnerWorker.java:86)
	at org.testng.TestNG.runSuitesSequentially(TestNG.java:1198)
	at org.testng.TestNG.runSuitesSequentially(TestNG.java:1194)
	at org.testng.TestNG.runSuitesLocally(TestNG.java:1123)
	at org.testng.TestNG.run(TestNG.java:1031)
	at javatest.com.epam.cdp.testngtests.TestRunner.main(TestRunner.java:28)
]]>
            </full-stacktrace>
          </exception> <!-- java.lang.NullPointerException -->
          <reporter-output>
          </reporter-output>
        </test-method> <!-- LongMultTest -->
        <test-method status="FAIL" signature="LongMultTest(long, long, long)[pri:0, instance:javatest.com.epam.cdp.testngtests.MultTest@27ddd392]" name="LongMultTest" duration-ms="0" started-at="2017-06-23T16:10:51Z" data-provider="longDataProvider" finished-at="2017-06-23T16:10:51Z">
          <params>
            <param index="0">
              <value>
                <![CDATA[1]]>
              </value>
            </param>
            <param index="1">
              <value>
                <![CDATA[500]]>
              </value>
            </param>
            <param index="2">
              <value>
                <![CDATA[500]]>
              </value>
            </param>
          </params>
          <exception class="java.lang.NullPointerException">
            <full-stacktrace>
              <![CDATA[java.lang.NullPointerException
	at javatest.com.epam.cdp.testngtests.MultTest.LongMultTest(MultTest.java:23)
	at sun.reflect.NativeMethodAccessorImpl.invoke0(Native Method)
	at sun.reflect.NativeMethodAccessorImpl.invoke(NativeMethodAccessorImpl.java:62)
	at sun.reflect.DelegatingMethodAccessorImpl.invoke(DelegatingMethodAccessorImpl.java:43)
	at java.lang.reflect.Method.invoke(Method.java:497)
	at org.testng.internal.MethodInvocationHelper.invokeMethod(MethodInvocationHelper.java:80)
	at org.testng.internal.Invoker.invokeMethod(Invoker.java:714)
	at org.testng.internal.Invoker.invokeTestMethod(Invoker.java:901)
	at org.testng.internal.Invoker.invokeTestMethods(Invoker.java:1231)
	at org.testng.internal.TestMethodWorker.invokeTestMethods(TestMethodWorker.java:127)
	at org.testng.internal.TestMethodWorker.run(TestMethodWorker.java:111)
	at org.testng.TestRunner.privateRun(TestRunner.java:767)
	at org.testng.TestRunner.run(TestRunner.java:617)
	at org.testng.SuiteRunner.runTest(SuiteRunner.java:334)
	at org.testng.SuiteRunner.runSequentially(SuiteRunner.java:329)
	at org.testng.SuiteRunner.privateRun(SuiteRunner.java:291)
	at org.testng.SuiteRunner.run(SuiteRunner.java:240)
	at org.testng.SuiteRunnerWorker.runSuite(SuiteRunnerWorker.java:52)
	at org.testng.SuiteRunnerWorker.run(SuiteRunnerWorker.java:86)
	at org.testng.TestNG.runSuitesSequentially(TestNG.java:1198)
	at org.testng.TestNG.runSuitesSequentially(TestNG.java:1194)
	at org.testng.TestNG.runSuitesLocally(TestNG.java:1123)
	at org.testng.TestNG.run(TestNG.java:1031)
	at javatest.com.epam.cdp.testngtests.TestRunner.main(TestRunner.java:28)
]]>
            </full-stacktrace>
          </exception> <!-- java.lang.NullPointerException -->
          <reporter-output>
          </reporter-output>
        </test-method> <!-- LongMultTest -->
        <test-method status="FAIL" signature="LongMultTest(long, long, long)[pri:0, instance:javatest.com.epam.cdp.testngtests.MultTest@27ddd392]" name="LongMultTest" duration-ms="0" started-at="2017-06-23T16:10:51Z" data-provider="longDataProvider" finished-at="2017-06-23T16:10:51Z">
          <params>
            <param index="0">
              <value>
                <![CDATA[1000]]>
              </value>
            </param>
            <param index="1">
              <value>
                <![CDATA[3000]]>
              </value>
            </param>
            <param index="2">
              <value>
                <![CDATA[3000000]]>
              </value>
            </param>
          </params>
          <exception class="java.lang.NullPointerException">
            <full-stacktrace>
              <![CDATA[java.lang.NullPointerException
	at javatest.com.epam.cdp.testngtests.MultTest.LongMultTest(MultTest.java:23)
	at sun.reflect.NativeMethodAccessorImpl.invoke0(Native Method)
	at sun.reflect.NativeMethodAccessorImpl.invoke(NativeMethodAccessorImpl.java:62)
	at sun.reflect.DelegatingMethodAccessorImpl.invoke(DelegatingMethodAccessorImpl.java:43)
	at java.lang.reflect.Method.invoke(Method.java:497)
	at org.testng.internal.MethodInvocationHelper.invokeMethod(MethodInvocationHelper.java:80)
	at org.testng.internal.Invoker.invokeMethod(Invoker.java:714)
	at org.testng.internal.Invoker.invokeTestMethod(Invoker.java:901)
	at org.testng.internal.Invoker.invokeTestMethods(Invoker.java:1231)
	at org.testng.internal.TestMethodWorker.invokeTestMethods(TestMethodWorker.java:127)
	at org.testng.internal.TestMethodWorker.run(TestMethodWorker.java:111)
	at org.testng.TestRunner.privateRun(TestRunner.java:767)
	at org.testng.TestRunner.run(TestRunner.java:617)
	at org.testng.SuiteRunner.runTest(SuiteRunner.java:334)
	at org.testng.SuiteRunner.runSequentially(SuiteRunner.java:329)
	at org.testng.SuiteRunner.privateRun(SuiteRunner.java:291)
	at org.testng.SuiteRunner.run(SuiteRunner.java:240)
	at org.testng.SuiteRunnerWorker.runSuite(SuiteRunnerWorker.java:52)
	at org.testng.SuiteRunnerWorker.run(SuiteRunnerWorker.java:86)
	at org.testng.TestNG.runSuitesSequentially(TestNG.java:1198)
	at org.testng.TestNG.runSuitesSequentially(TestNG.java:1194)
	at org.testng.TestNG.runSuitesLocally(TestNG.java:1123)
	at org.testng.TestNG.run(TestNG.java:1031)
	at javatest.com.epam.cdp.testngtests.TestRunner.main(TestRunner.java:28)
]]>
            </full-stacktrace>
          </exception> <!-- java.lang.NullPointerException -->
          <reporter-output>
          </reporter-output>
        </test-method> <!-- LongMultTest -->
      </class> <!-- javatest.com.epam.cdp.testngtests.MultTest -->
      <class name="javatest.com.epam.cdp.testngtests.LongDivTest">
        <test-method status="PASS" signature="setUp()[pri:0, instance:javatest.com.epam.cdp.testngtests.LongDivTest@3339ad8e]" name="setUp" is-config="true" duration-ms="57" started-at="2017-06-23T16:10:51Z" finished-at="2017-06-23T16:10:51Z">
          <reporter-output>
          </reporter-output>
        </test-method> <!-- setUp -->
        <test-method status="FAIL" signature="testDivByLong()[pri:0, instance:javatest.com.epam.cdp.testngtests.LongDivTest@3339ad8e]" name="testDivByLong" duration-ms="8" started-at="2017-06-23T16:10:51Z" finished-at="2017-06-23T16:10:51Z">
          <exception class="java.lang.AssertionError">
            <message>
              <![CDATA[expected [1.33] but found [1.0]]]>
            </message>
            <full-stacktrace>
              <![CDATA[java.lang.AssertionError: expected [1.33] but found [1.0]
	at org.testng.Assert.fail(Assert.java:94)
	at org.testng.Assert.failNotEquals(Assert.java:494)
	at org.testng.Assert.assertEquals(Assert.java:123)
	at org.testng.Assert.assertEquals(Assert.java:165)
	at javatest.com.epam.cdp.testngtests.LongDivTest.testDivByLong(LongDivTest.java:30)
	at sun.reflect.NativeMethodAccessorImpl.invoke0(Native Method)
	at sun.reflect.NativeMethodAccessorImpl.invoke(NativeMethodAccessorImpl.java:62)
	at sun.reflect.DelegatingMethodAccessorImpl.invoke(DelegatingMethodAccessorImpl.java:43)
	at java.lang.reflect.Method.invoke(Method.java:497)
	at org.testng.internal.MethodInvocationHelper.invokeMethod(MethodInvocationHelper.java:80)
	at org.testng.internal.Invoker.invokeMethod(Invoker.java:714)
	at org.testng.internal.Invoker.invokeTestMethod(Invoker.java:901)
	at org.testng.internal.Invoker.invokeTestMethods(Invoker.java:1231)
	at org.testng.internal.TestMethodWorker.invokeTestMethods(TestMethodWorker.java:127)
	at org.testng.internal.TestMethodWorker.run(TestMethodWorker.java:111)
	at org.testng.TestRunner.privateRun(TestRunner.java:767)
	at org.testng.TestRunner.run(TestRunner.java:617)
	at org.testng.SuiteRunner.runTest(SuiteRunner.java:334)
	at org.testng.SuiteRunner.runSequentially(SuiteRunner.java:329)
	at org.testng.SuiteRunner.privateRun(SuiteRunner.java:291)
	at org.testng.SuiteRunner.run(SuiteRunner.java:240)
	at org.testng.SuiteRunnerWorker.runSuite(SuiteRunnerWorker.java:52)
	at org.testng.SuiteRunnerWorker.run(SuiteRunnerWorker.java:86)
	at org.testng.TestNG.runSuitesSequentially(TestNG.java:1198)
	at org.testng.TestNG.runSuitesSequentially(TestNG.java:1194)
	at org.testng.TestNG.runSuitesLocally(TestNG.java:1123)
	at org.testng.TestNG.run(TestNG.java:1031)
	at javatest.com.epam.cdp.testngtests.TestRunner.main(TestRunner.java:28)
]]>
            </full-stacktrace>
          </exception> <!-- java.lang.AssertionError -->
          <reporter-output>
          </reporter-output>
        </test-method> <!-- testDivByLong -->
        <test-method status="PASS" signature="setUp()[pri:0, instance:javatest.com.epam.cdp.testngtests.LongDivTest@3339ad8e]" name="setUp" is-config="true" duration-ms="1" started-at="2017-06-23T16:10:51Z" finished-at="2017-06-23T16:10:51Z">
          <reporter-output>
          </reporter-output>
        </test-method> <!-- setUp -->
        <test-method status="FAIL" signature="testDivByOne()[pri:0, instance:javatest.com.epam.cdp.testngtests.LongDivTest@3339ad8e]" name="testDivByOne" duration-ms="0" started-at="2017-06-23T16:10:51Z" finished-at="2017-06-23T16:10:51Z">
          <exception class="java.lang.AssertionError">
            <message>
              <![CDATA[expected [340] but found [340.0]]]>
            </message>
            <full-stacktrace>
              <![CDATA[java.lang.AssertionError: expected [340] but found [340.0]
	at org.testng.Assert.fail(Assert.java:94)
	at org.testng.Assert.failNotEquals(Assert.java:494)
	at org.testng.Assert.assertEquals(Assert.java:123)
	at org.testng.Assert.assertEquals(Assert.java:165)
	at javatest.com.epam.cdp.testngtests.LongDivTest.testDivByOne(LongDivTest.java:18)
	at sun.reflect.NativeMethodAccessorImpl.invoke0(Native Method)
	at sun.reflect.NativeMethodAccessorImpl.invoke(NativeMethodAccessorImpl.java:62)
	at sun.reflect.DelegatingMethodAccessorImpl.invoke(DelegatingMethodAccessorImpl.java:43)
	at java.lang.reflect.Method.invoke(Method.java:497)
	at org.testng.internal.MethodInvocationHelper.invokeMethod(MethodInvocationHelper.java:80)
	at org.testng.internal.Invoker.invokeMethod(Invoker.java:714)
	at org.testng.internal.Invoker.invokeTestMethod(Invoker.java:901)
	at org.testng.internal.Invoker.invokeTestMethods(Invoker.java:1231)
	at org.testng.internal.TestMethodWorker.invokeTestMethods(TestMethodWorker.java:127)
	at org.testng.internal.TestMethodWorker.run(TestMethodWorker.java:111)
	at org.testng.TestRunner.privateRun(TestRunner.java:767)
	at org.testng.TestRunner.run(TestRunner.java:617)
	at org.testng.SuiteRunner.runTest(SuiteRunner.java:334)
	at org.testng.SuiteRunner.runSequentially(SuiteRunner.java:329)
	at org.testng.SuiteRunner.privateRun(SuiteRunner.java:291)
	at org.testng.SuiteRunner.run(SuiteRunner.java:240)
	at org.testng.SuiteRunnerWorker.runSuite(SuiteRunnerWorker.java:52)
	at org.testng.SuiteRunnerWorker.run(SuiteRunnerWorker.java:86)
	at org.testng.TestNG.runSuitesSequentially(TestNG.java:1198)
	at org.testng.TestNG.runSuitesSequentially(TestNG.java:1194)
	at org.testng.TestNG.runSuitesLocally(TestNG.java:1123)
	at org.testng.TestNG.run(TestNG.java:1031)
	at javatest.com.epam.cdp.testngtests.TestRunner.main(TestRunner.java:28)
]]>
            </full-stacktrace>
          </exception> <!-- java.lang.AssertionError -->
          <reporter-output>
          </reporter-output>
        </test-method> <!-- testDivByOne -->
        <test-method status="PASS" signature="setUp()[pri:0, instance:javatest.com.epam.cdp.testngtests.LongDivTest@3339ad8e]" name="setUp" is-config="true" duration-ms="0" started-at="2017-06-23T16:10:51Z" finished-at="2017-06-23T16:10:51Z">
          <reporter-output>
          </reporter-output>
        </test-method> <!-- setUp -->
        <test-method status="PASS" signature="testDivByZero()[pri:0, instance:javatest.com.epam.cdp.testngtests.LongDivTest@3339ad8e]" name="testDivByZero" duration-ms="1" started-at="2017-06-23T16:10:51Z" finished-at="2017-06-23T16:10:51Z">
          <exception class="java.lang.NumberFormatException">
            <message>
              <![CDATA[Attempt to divide by zero]]>
            </message>
            <full-stacktrace>
              <![CDATA[java.lang.NumberFormatException: Attempt to divide by zero
	at com.epam.tat.module4.Calculator.div(Calculator.java:34)
	at javatest.com.epam.cdp.testngtests.LongDivTest.testDivByZero(LongDivTest.java:12)
	at sun.reflect.NativeMethodAccessorImpl.invoke0(Native Method)
	at sun.reflect.NativeMethodAccessorImpl.invoke(NativeMethodAccessorImpl.java:62)
	at sun.reflect.DelegatingMethodAccessorImpl.invoke(DelegatingMethodAccessorImpl.java:43)
	at java.lang.reflect.Method.invoke(Method.java:497)
	at org.testng.internal.MethodInvocationHelper.invokeMethod(MethodInvocationHelper.java:80)
	at org.testng.internal.Invoker.invokeMethod(Invoker.java:714)
	at org.testng.internal.Invoker.invokeTestMethod(Invoker.java:901)
	at org.testng.internal.Invoker.invokeTestMethods(Invoker.java:1231)
	at org.testng.internal.TestMethodWorker.invokeTestMethods(TestMethodWorker.java:127)
	at org.testng.internal.TestMethodWorker.run(TestMethodWorker.java:111)
	at org.testng.TestRunner.privateRun(TestRunner.java:767)
	at org.testng.TestRunner.run(TestRunner.java:617)
	at org.testng.SuiteRunner.runTest(SuiteRunner.java:334)
	at org.testng.SuiteRunner.runSequentially(SuiteRunner.java:329)
	at org.testng.SuiteRunner.privateRun(SuiteRunner.java:291)
	at org.testng.SuiteRunner.run(SuiteRunner.java:240)
	at org.testng.SuiteRunnerWorker.runSuite(SuiteRunnerWorker.java:52)
	at org.testng.SuiteRunnerWorker.run(SuiteRunnerWorker.java:86)
	at org.testng.TestNG.runSuitesSequentially(TestNG.java:1198)
	at org.testng.TestNG.runSuitesSequentially(TestNG.java:1194)
	at org.testng.TestNG.runSuitesLocally(TestNG.java:1123)
	at org.testng.TestNG.run(TestNG.java:1031)
	at javatest.com.epam.cdp.testngtests.TestRunner.main(TestRunner.java:28)
]]>
            </full-stacktrace>
          </exception> <!-- java.lang.NumberFormatException -->
          <reporter-output>
          </reporter-output>
        </test-method> <!-- testDivByZero -->
      </class> <!-- javatest.com.epam.cdp.testngtests.LongDivTest -->
      <class name="javatest.com.epam.cdp.testngtests.SubTest">
        <test-method status="PASS" signature="setUp()[pri:0, instance:javatest.com.epam.cdp.testngtests.SubTest@77afea7d]" name="setUp" is-config="true" duration-ms="0" started-at="2017-06-23T16:10:51Z" finished-at="2017-06-23T16:10:51Z">
          <reporter-output>
          </reporter-output>
        </test-method> <!-- setUp -->
        <test-method status="PASS" signature="doubleSub(double, double, double)[pri:0, instance:javatest.com.epam.cdp.testngtests.SubTest@77afea7d]" name="doubleSub" duration-ms="0" started-at="2017-06-23T16:10:51Z" data-provider="doubleDataProvider" finished-at="2017-06-23T16:10:51Z">
          <params>
            <param index="0">
              <value>
                <![CDATA[2.34789]]>
              </value>
            </param>
            <param index="1">
              <value>
                <![CDATA[5.6600099]]>
              </value>
            </param>
            <param index="2">
              <value>
                <![CDATA[-3.3121199]]>
              </value>
            </param>
          </params>
          <reporter-output>
          </reporter-output>
        </test-method> <!-- doubleSub -->
        <test-method status="PASS" signature="setUp()[pri:0, instance:javatest.com.epam.cdp.testngtests.SubTest@77afea7d]" name="setUp" is-config="true" duration-ms="0" started-at="2017-06-23T16:10:51Z" finished-at="2017-06-23T16:10:51Z">
          <reporter-output>
          </reporter-output>
        </test-method> <!-- setUp -->
        <test-method status="PASS" signature="doubleSub(double, double, double)[pri:0, instance:javatest.com.epam.cdp.testngtests.SubTest@77afea7d]" name="doubleSub" duration-ms="1" started-at="2017-06-23T16:10:51Z" data-provider="doubleDataProvider" finished-at="2017-06-23T16:10:51Z">
          <params>
            <param index="0">
              <value>
                <![CDATA[1.23]]>
              </value>
            </param>
            <param index="1">
              <value>
                <![CDATA[1]]>
              </value>
            </param>
            <param index="2">
              <value>
                <![CDATA[0.23]]>
              </value>
            </param>
          </params>
          <reporter-output>
          </reporter-output>
        </test-method> <!-- doubleSub -->
        <test-method status="PASS" signature="setUp()[pri:0, instance:javatest.com.epam.cdp.testngtests.SubTest@77afea7d]" name="setUp" is-config="true" duration-ms="0" started-at="2017-06-23T16:10:51Z" finished-at="2017-06-23T16:10:51Z">
          <reporter-output>
          </reporter-output>
        </test-method> <!-- setUp -->
        <test-method status="PASS" signature="doubleSub(double, double, double)[pri:0, instance:javatest.com.epam.cdp.testngtests.SubTest@77afea7d]" name="doubleSub" duration-ms="0" started-at="2017-06-23T16:10:51Z" data-provider="doubleDataProvider" finished-at="2017-06-23T16:10:51Z">
          <params>
            <param index="0">
              <value>
                <![CDATA[4.55]]>
              </value>
            </param>
            <param index="1">
              <value>
                <![CDATA[0]]>
              </value>
            </param>
            <param index="2">
              <value>
                <![CDATA[4.55]]>
              </value>
            </param>
          </params>
          <reporter-output>
          </reporter-output>
        </test-method> <!-- doubleSub -->
        <test-method status="PASS" signature="setUp()[pri:0, instance:javatest.com.epam.cdp.testngtests.SubTest@77afea7d]" name="setUp" is-config="true" duration-ms="0" started-at="2017-06-23T16:10:51Z" finished-at="2017-06-23T16:10:51Z">
          <reporter-output>
          </reporter-output>
        </test-method> <!-- setUp -->
        <test-method status="PASS" signature="doubleSub(double, double, double)[pri:0, instance:javatest.com.epam.cdp.testngtests.SubTest@77afea7d]" name="doubleSub" duration-ms="0" started-at="2017-06-23T16:10:51Z" data-provider="doubleDataProvider" finished-at="2017-06-23T16:10:51Z">
          <params>
            <param index="0">
              <value>
                <![CDATA[5.67]]>
              </value>
            </param>
            <param index="1">
              <value>
                <![CDATA[-3]]>
              </value>
            </param>
            <param index="2">
              <value>
                <![CDATA[8.67]]>
              </value>
            </param>
          </params>
          <reporter-output>
          </reporter-output>
        </test-method> <!-- doubleSub -->
        <test-method status="PASS" signature="doubleSub(double, double, double)[pri:0, instance:javatest.com.epam.cdp.testngtests.SubTest@77afea7d]" name="doubleSub" duration-ms="0" started-at="2017-06-23T16:10:51Z" data-provider="doubleDataProvider" finished-at="2017-06-23T16:10:51Z">
          <params>
            <param index="0">
              <value>
                <![CDATA[14.5666666]]>
              </value>
            </param>
            <param index="1">
              <value>
                <![CDATA[14.5666666]]>
              </value>
            </param>
            <param index="2">
              <value>
                <![CDATA[0]]>
              </value>
            </param>
          </params>
          <reporter-output>
          </reporter-output>
        </test-method> <!-- doubleSub -->
        <test-method status="PASS" signature="setUp()[pri:0, instance:javatest.com.epam.cdp.testngtests.SubTest@77afea7d]" name="setUp" is-config="true" duration-ms="0" started-at="2017-06-23T16:10:51Z" finished-at="2017-06-23T16:10:51Z">
          <reporter-output>
          </reporter-output>
        </test-method> <!-- setUp -->
        <test-method status="PASS" signature="setUp()[pri:0, instance:javatest.com.epam.cdp.testngtests.SubTest@77afea7d]" name="setUp" is-config="true" duration-ms="0" started-at="2017-06-23T16:10:51Z" finished-at="2017-06-23T16:10:51Z">
          <reporter-output>
          </reporter-output>
        </test-method> <!-- setUp -->
        <test-method status="PASS" signature="longSub(long, long, long)[pri:0, instance:javatest.com.epam.cdp.testngtests.SubTest@77afea7d]" name="longSub" duration-ms="0" started-at="2017-06-23T16:10:51Z" data-provider="longDataProvider" finished-at="2017-06-23T16:10:51Z">
          <params>
            <param index="0">
              <value>
                <![CDATA[1000]]>
              </value>
            </param>
            <param index="1">
              <value>
                <![CDATA[3500]]>
              </value>
            </param>
            <param index="2">
              <value>
                <![CDATA[-2500]]>
              </value>
            </param>
          </params>
          <reporter-output>
          </reporter-output>
        </test-method> <!-- longSub -->
        <test-method status="PASS" signature="setUp()[pri:0, instance:javatest.com.epam.cdp.testngtests.SubTest@77afea7d]" name="setUp" is-config="true" duration-ms="0" started-at="2017-06-23T16:10:51Z" finished-at="2017-06-23T16:10:51Z">
          <reporter-output>
          </reporter-output>
        </test-method> <!-- setUp -->
        <test-method status="PASS" signature="longSub(long, long, long)[pri:0, instance:javatest.com.epam.cdp.testngtests.SubTest@77afea7d]" name="longSub" duration-ms="1" started-at="2017-06-23T16:10:51Z" data-provider="longDataProvider" finished-at="2017-06-23T16:10:51Z">
          <params>
            <param index="0">
              <value>
                <![CDATA[0]]>
              </value>
            </param>
            <param index="1">
              <value>
                <![CDATA[0]]>
              </value>
            </param>
            <param index="2">
              <value>
                <![CDATA[0]]>
              </value>
            </param>
          </params>
          <reporter-output>
          </reporter-output>
        </test-method> <!-- longSub -->
        <test-method status="PASS" signature="setUp()[pri:0, instance:javatest.com.epam.cdp.testngtests.SubTest@77afea7d]" name="setUp" is-config="true" duration-ms="0" started-at="2017-06-23T16:10:51Z" finished-at="2017-06-23T16:10:51Z">
          <reporter-output>
          </reporter-output>
        </test-method> <!-- setUp -->
        <test-method status="PASS" signature="longSub(long, long, long)[pri:0, instance:javatest.com.epam.cdp.testngtests.SubTest@77afea7d]" name="longSub" duration-ms="0" started-at="2017-06-23T16:10:51Z" data-provider="longDataProvider" finished-at="2017-06-23T16:10:51Z">
          <params>
            <param index="0">
              <value>
                <![CDATA[-100]]>
              </value>
            </param>
            <param index="1">
              <value>
                <![CDATA[250]]>
              </value>
            </param>
            <param index="2">
              <value>
                <![CDATA[-350]]>
              </value>
            </param>
          </params>
          <reporter-output>
          </reporter-output>
        </test-method> <!-- longSub -->
        <test-method status="PASS" signature="longSub(long, long, long)[pri:0, instance:javatest.com.epam.cdp.testngtests.SubTest@77afea7d]" name="longSub" duration-ms="0" started-at="2017-06-23T16:10:51Z" data-provider="longDataProvider" finished-at="2017-06-23T16:10:51Z">
          <params>
            <param index="0">
              <value>
                <![CDATA[100]]>
              </value>
            </param>
            <param index="1">
              <value>
                <![CDATA[-100]]>
              </value>
            </param>
            <param index="2">
              <value>
                <![CDATA[200]]>
              </value>
            </param>
          </params>
          <reporter-output>
          </reporter-output>
        </test-method> <!-- longSub -->
        <test-method status="PASS" signature="setUp()[pri:0, instance:javatest.com.epam.cdp.testngtests.SubTest@77afea7d]" name="setUp" is-config="true" duration-ms="0" started-at="2017-06-23T16:10:51Z" finished-at="2017-06-23T16:10:51Z">
          <reporter-output>
          </reporter-output>
        </test-method> <!-- setUp -->
        <test-method status="PASS" signature="setUp()[pri:0, instance:javatest.com.epam.cdp.testngtests.SubTest@77afea7d]" name="setUp" is-config="true" duration-ms="0" started-at="2017-06-23T16:10:51Z" finished-at="2017-06-23T16:10:51Z">
          <reporter-output>
          </reporter-output>
        </test-method> <!-- setUp -->
        <test-method status="PASS" signature="longSub(long, long, long)[pri:0, instance:javatest.com.epam.cdp.testngtests.SubTest@77afea7d]" name="longSub" duration-ms="1" started-at="2017-06-23T16:10:51Z" data-provider="longDataProvider" finished-at="2017-06-23T16:10:51Z">
          <params>
            <param index="0">
              <value>
                <![CDATA[300]]>
              </value>
            </param>
            <param index="1">
              <value>
                <![CDATA[0]]>
              </value>
            </param>
            <param index="2">
              <value>
                <![CDATA[300]]>
              </value>
            </param>
          </params>
          <reporter-output>
          </reporter-output>
        </test-method> <!-- longSub -->
        <test-method status="PASS" signature="setUp()[pri:0, instance:javatest.com.epam.cdp.testngtests.SubTest@77afea7d]" name="setUp" is-config="true" duration-ms="0" started-at="2017-06-23T16:10:51Z" finished-at="2017-06-23T16:10:51Z">
          <reporter-output>
          </reporter-output>
        </test-method> <!-- setUp -->
        <test-method status="PASS" signature="longSub(long, long, long)[pri:0, instance:javatest.com.epam.cdp.testngtests.SubTest@77afea7d]" name="longSub" duration-ms="1" started-at="2017-06-23T16:10:51Z" data-provider="longDataProvider" finished-at="2017-06-23T16:10:51Z">
          <params>
            <param index="0">
              <value>
                <![CDATA[50]]>
              </value>
            </param>
            <param index="1">
              <value>
                <![CDATA[200]]>
              </value>
            </param>
            <param index="2">
              <value>
                <![CDATA[-150]]>
              </value>
            </param>
          </params>
          <reporter-output>
          </reporter-output>
        </test-method> <!-- longSub -->
        <test-method status="PASS" signature="longSub(long, long, long)[pri:0, instance:javatest.com.epam.cdp.testngtests.SubTest@77afea7d]" name="longSub" duration-ms="0" started-at="2017-06-23T16:10:51Z" data-provider="longDataProvider" finished-at="2017-06-23T16:10:51Z">
          <params>
            <param index="0">
              <value>
                <![CDATA[10]]>
              </value>
            </param>
            <param index="1">
              <value>
                <![CDATA[1]]>
              </value>
            </param>
            <param index="2">
              <value>
                <![CDATA[9]]>
              </value>
            </param>
          </params>
          <reporter-output>
          </reporter-output>
        </test-method> <!-- longSub -->
        <test-method status="PASS" signature="setUp()[pri:0, instance:javatest.com.epam.cdp.testngtests.SubTest@77afea7d]" name="setUp" is-config="true" duration-ms="0" started-at="2017-06-23T16:10:51Z" finished-at="2017-06-23T16:10:51Z">
          <reporter-output>
          </reporter-output>
        </test-method> <!-- setUp -->
      </class> <!-- javatest.com.epam.cdp.testngtests.SubTest -->
      <class name="javatest.com.epam.cdp.testngtests.DoubleDivTest">
        <test-method status="PASS" signature="testDivByOne()[pri:0, instance:javatest.com.epam.cdp.testngtests.DoubleDivTest@3a4afd8d]" name="testDivByOne" duration-ms="0" started-at="2017-06-23T16:10:51Z" finished-at="2017-06-23T16:10:51Z">
          <reporter-output>
          </reporter-output>
        </test-method> <!-- testDivByOne -->
        <test-method status="PASS" signature="setUp()[pri:0, instance:javatest.com.epam.cdp.testngtests.DoubleDivTest@3a4afd8d]" name="setUp" is-config="true" duration-ms="0" started-at="2017-06-23T16:10:51Z" finished-at="2017-06-23T16:10:51Z">
          <reporter-output>
          </reporter-output>
        </test-method> <!-- setUp -->
        <test-method status="PASS" signature="testDivByZero()[pri:0, instance:javatest.com.epam.cdp.testngtests.DoubleDivTest@3a4afd8d]" name="testDivByZero" duration-ms="1" started-at="2017-06-23T16:10:51Z" finished-at="2017-06-23T16:10:51Z">
          <exception class="java.lang.NumberFormatException">
            <message>
              <![CDATA[Attempt to divide by zero]]>
            </message>
            <full-stacktrace>
              <![CDATA[java.lang.NumberFormatException: Attempt to divide by zero
	at com.epam.tat.module4.Calculator.div(Calculator.java:34)
	at javatest.com.epam.cdp.testngtests.DoubleDivTest.testDivByZero(DoubleDivTest.java:17)
	at sun.reflect.NativeMethodAccessorImpl.invoke0(Native Method)
	at sun.reflect.NativeMethodAccessorImpl.invoke(NativeMethodAccessorImpl.java:62)
	at sun.reflect.DelegatingMethodAccessorImpl.invoke(DelegatingMethodAccessorImpl.java:43)
	at java.lang.reflect.Method.invoke(Method.java:497)
	at org.testng.internal.MethodInvocationHelper.invokeMethod(MethodInvocationHelper.java:80)
	at org.testng.internal.Invoker.invokeMethod(Invoker.java:714)
	at org.testng.internal.Invoker.invokeTestMethod(Invoker.java:901)
	at org.testng.internal.Invoker.invokeTestMethods(Invoker.java:1231)
	at org.testng.internal.TestMethodWorker.invokeTestMethods(TestMethodWorker.java:127)
	at org.testng.internal.TestMethodWorker.run(TestMethodWorker.java:111)
	at org.testng.TestRunner.privateRun(TestRunner.java:767)
	at org.testng.TestRunner.run(TestRunner.java:617)
	at org.testng.SuiteRunner.runTest(SuiteRunner.java:334)
	at org.testng.SuiteRunner.runSequentially(SuiteRunner.java:329)
	at org.testng.SuiteRunner.privateRun(SuiteRunner.java:291)
	at org.testng.SuiteRunner.run(SuiteRunner.java:240)
	at org.testng.SuiteRunnerWorker.runSuite(SuiteRunnerWorker.java:52)
	at org.testng.SuiteRunnerWorker.run(SuiteRunnerWorker.java:86)
	at org.testng.TestNG.runSuitesSequentially(TestNG.java:1198)
	at org.testng.TestNG.runSuitesSequentially(TestNG.java:1194)
	at org.testng.TestNG.runSuitesLocally(TestNG.java:1123)
	at org.testng.TestNG.run(TestNG.java:1031)
	at javatest.com.epam.cdp.testngtests.TestRunner.main(TestRunner.java:28)
]]>
            </full-stacktrace>
          </exception> <!-- java.lang.NumberFormatException -->
          <reporter-output>
          </reporter-output>
        </test-method> <!-- testDivByZero -->
        <test-method status="PASS" signature="setUp()[pri:0, instance:javatest.com.epam.cdp.testngtests.DoubleDivTest@3a4afd8d]" name="setUp" is-config="true" duration-ms="0" started-at="2017-06-23T16:10:51Z" finished-at="2017-06-23T16:10:51Z">
          <reporter-output>
          </reporter-output>
        </test-method> <!-- setUp -->
      </class> <!-- javatest.com.epam.cdp.testngtests.DoubleDivTest -->
      <class name="javatest.com.epam.cdp.testngtests.TrigonometryTest">
        <test-method status="PASS" signature="setUp()[pri:0, instance:javatest.com.epam.cdp.testngtests.TrigonometryTest@64b8f8f4]" name="setUp" is-config="true" duration-ms="1" started-at="2017-06-23T16:10:51Z" finished-at="2017-06-23T16:10:51Z">
          <reporter-output>
          </reporter-output>
        </test-method> <!-- setUp -->
        <test-method status="FAIL" signature="cos0()[pri:0, instance:javatest.com.epam.cdp.testngtests.TrigonometryTest@64b8f8f4]" name="cos0" duration-ms="0" started-at="2017-06-23T16:10:51Z" finished-at="2017-06-23T16:10:51Z">
          <exception class="java.lang.AssertionError">
            <message>
              <![CDATA[expected [1.0] but found [0.0]]]>
            </message>
            <full-stacktrace>
              <![CDATA[java.lang.AssertionError: expected [1.0] but found [0.0]
	at org.testng.Assert.fail(Assert.java:94)
	at org.testng.Assert.failNotEquals(Assert.java:494)
	at org.testng.Assert.assertEquals(Assert.java:123)
	at org.testng.Assert.assertEquals(Assert.java:165)
	at javatest.com.epam.cdp.testngtests.TrigonometryTest.cos0(TrigonometryTest.java:33)
	at sun.reflect.NativeMethodAccessorImpl.invoke0(Native Method)
	at sun.reflect.NativeMethodAccessorImpl.invoke(NativeMethodAccessorImpl.java:62)
	at sun.reflect.DelegatingMethodAccessorImpl.invoke(DelegatingMethodAccessorImpl.java:43)
	at java.lang.reflect.Method.invoke(Method.java:497)
	at org.testng.internal.MethodInvocationHelper.invokeMethod(MethodInvocationHelper.java:80)
	at org.testng.internal.Invoker.invokeMethod(Invoker.java:714)
	at org.testng.internal.Invoker.invokeTestMethod(Invoker.java:901)
	at org.testng.internal.Invoker.invokeTestMethods(Invoker.java:1231)
	at org.testng.internal.TestMethodWorker.invokeTestMethods(TestMethodWorker.java:127)
	at org.testng.internal.TestMethodWorker.run(TestMethodWorker.java:111)
	at org.testng.TestRunner.privateRun(TestRunner.java:767)
	at org.testng.TestRunner.run(TestRunner.java:617)
	at org.testng.SuiteRunner.runTest(SuiteRunner.java:334)
	at org.testng.SuiteRunner.runSequentially(SuiteRunner.java:329)
	at org.testng.SuiteRunner.privateRun(SuiteRunner.java:291)
	at org.testng.SuiteRunner.run(SuiteRunner.java:240)
	at org.testng.SuiteRunnerWorker.runSuite(SuiteRunnerWorker.java:52)
	at org.testng.SuiteRunnerWorker.run(SuiteRunnerWorker.java:86)
	at org.testng.TestNG.runSuitesSequentially(TestNG.java:1198)
	at org.testng.TestNG.runSuitesSequentially(TestNG.java:1194)
	at org.testng.TestNG.runSuitesLocally(TestNG.java:1123)
	at org.testng.TestNG.run(TestNG.java:1031)
	at javatest.com.epam.cdp.testngtests.TestRunner.main(TestRunner.java:28)
]]>
            </full-stacktrace>
          </exception> <!-- java.lang.AssertionError -->
          <reporter-output>
          </reporter-output>
        </test-method> <!-- cos0 -->
        <test-method status="PASS" signature="setUp()[pri:0, instance:javatest.com.epam.cdp.testngtests.TrigonometryTest@64b8f8f4]" name="setUp" is-config="true" duration-ms="1" started-at="2017-06-23T16:10:51Z" finished-at="2017-06-23T16:10:51Z">
          <reporter-output>
          </reporter-output>
        </test-method> <!-- setUp -->
        <test-method status="PASS" signature="ctg45()[pri:0, instance:javatest.com.epam.cdp.testngtests.TrigonometryTest@64b8f8f4]" name="ctg45" duration-ms="0" started-at="2017-06-23T16:10:51Z" finished-at="2017-06-23T16:10:51Z">
          <reporter-output>
          </reporter-output>
        </test-method> <!-- ctg45 -->
        <test-method status="PASS" signature="setUp()[pri:0, instance:javatest.com.epam.cdp.testngtests.TrigonometryTest@64b8f8f4]" name="setUp" is-config="true" duration-ms="6" started-at="2017-06-23T16:10:51Z" finished-at="2017-06-23T16:10:51Z">
          <reporter-output>
          </reporter-output>
        </test-method> <!-- setUp -->
        <test-method status="FAIL" signature="sin90()[pri:0, instance:javatest.com.epam.cdp.testngtests.TrigonometryTest@64b8f8f4]" name="sin90" duration-ms="6" started-at="2017-06-23T16:10:51Z" finished-at="2017-06-23T16:10:51Z">
          <exception class="java.lang.AssertionError">
            <message>
              <![CDATA[expected [1.0] but found [0.8939966636005579]]]>
            </message>
            <full-stacktrace>
              <![CDATA[java.lang.AssertionError: expected [1.0] but found [0.8939966636005579]
	at org.testng.Assert.fail(Assert.java:94)
	at org.testng.Assert.failNotEquals(Assert.java:494)
	at org.testng.Assert.assertEquals(Assert.java:123)
	at org.testng.Assert.assertEquals(Assert.java:165)
	at javatest.com.epam.cdp.testngtests.TrigonometryTest.sin90(TrigonometryTest.java:27)
	at sun.reflect.NativeMethodAccessorImpl.invoke0(Native Method)
	at sun.reflect.NativeMethodAccessorImpl.invoke(NativeMethodAccessorImpl.java:62)
	at sun.reflect.DelegatingMethodAccessorImpl.invoke(DelegatingMethodAccessorImpl.java:43)
	at java.lang.reflect.Method.invoke(Method.java:497)
	at org.testng.internal.MethodInvocationHelper.invokeMethod(MethodInvocationHelper.java:80)
	at org.testng.internal.Invoker.invokeMethod(Invoker.java:714)
	at org.testng.internal.Invoker.invokeTestMethod(Invoker.java:901)
	at org.testng.internal.Invoker.invokeTestMethods(Invoker.java:1231)
	at org.testng.internal.TestMethodWorker.invokeTestMethods(TestMethodWorker.java:127)
	at org.testng.internal.TestMethodWorker.run(TestMethodWorker.java:111)
	at org.testng.TestRunner.privateRun(TestRunner.java:767)
	at org.testng.TestRunner.run(TestRunner.java:617)
	at org.testng.SuiteRunner.runTest(SuiteRunner.java:334)
	at org.testng.SuiteRunner.runSequentially(SuiteRunner.java:329)
	at org.testng.SuiteRunner.privateRun(SuiteRunner.java:291)
	at org.testng.SuiteRunner.run(SuiteRunner.java:240)
	at org.testng.SuiteRunnerWorker.runSuite(SuiteRunnerWorker.java:52)
	at org.testng.SuiteRunnerWorker.run(SuiteRunnerWorker.java:86)
	at org.testng.TestNG.runSuitesSequentially(TestNG.java:1198)
	at org.testng.TestNG.runSuitesSequentially(TestNG.java:1194)
	at org.testng.TestNG.runSuitesLocally(TestNG.java:1123)
	at org.testng.TestNG.run(TestNG.java:1031)
	at javatest.com.epam.cdp.testngtests.TestRunner.main(TestRunner.java:28)
]]>
            </full-stacktrace>
          </exception> <!-- java.lang.AssertionError -->
          <reporter-output>
          </reporter-output>
        </test-method> <!-- sin90 -->
        <test-method status="PASS" signature="tg45()[pri:0, instance:javatest.com.epam.cdp.testngtests.TrigonometryTest@64b8f8f4]" name="tg45" duration-ms="0" started-at="2017-06-23T16:10:51Z" finished-at="2017-06-23T16:10:51Z">
          <reporter-output>
          </reporter-output>
        </test-method> <!-- tg45 -->
        <test-method status="PASS" signature="setUp()[pri:0, instance:javatest.com.epam.cdp.testngtests.TrigonometryTest@64b8f8f4]" name="setUp" is-config="true" duration-ms="0" started-at="2017-06-23T16:10:51Z" finished-at="2017-06-23T16:10:51Z">
          <reporter-output>
          </reporter-output>
        </test-method> <!-- setUp -->
      </class> <!-- javatest.com.epam.cdp.testngtests.TrigonometryTest -->
      <class name="javatest.com.epam.cdp.testngtests.DoubleSumTest">
        <test-method status="PASS" signature="setUp()[pri:0, instance:javatest.com.epam.cdp.testngtests.DoubleSumTest@3cd1f1c8]" name="setUp" is-config="true" duration-ms="3" started-at="2017-06-23T16:10:51Z" finished-at="2017-06-23T16:10:51Z">
          <reporter-output>
          </reporter-output>
        </test-method> <!-- setUp -->
        <test-method status="PASS" signature="testSum(double, double, double)[pri:0, instance:javatest.com.epam.cdp.testngtests.DoubleSumTest@3cd1f1c8]" name="testSum" duration-ms="2" started-at="2017-06-23T16:10:51Z" data-provider="sumDataProvider" finished-at="2017-06-23T16:10:51Z">
          <params>
            <param index="0">
              <value>
                <![CDATA[2.34]]>
              </value>
            </param>
            <param index="1">
              <value>
                <![CDATA[5.66]]>
              </value>
            </param>
            <param index="2">
              <value>
                <![CDATA[8]]>
              </value>
            </param>
          </params>
          <reporter-output>
          </reporter-output>
        </test-method> <!-- testSum -->
        <test-method status="PASS" signature="setUp()[pri:0, instance:javatest.com.epam.cdp.testngtests.DoubleSumTest@3cd1f1c8]" name="setUp" is-config="true" duration-ms="3" started-at="2017-06-23T16:10:51Z" finished-at="2017-06-23T16:10:51Z">
          <reporter-output>
          </reporter-output>
        </test-method> <!-- setUp -->
        <test-method status="PASS" signature="testSum(double, double, double)[pri:0, instance:javatest.com.epam.cdp.testngtests.DoubleSumTest@3cd1f1c8]" name="testSum" duration-ms="1" started-at="2017-06-23T16:10:51Z" data-provider="sumDataProvider" finished-at="2017-06-23T16:10:51Z">
          <params>
            <param index="0">
              <value>
                <![CDATA[1.23]]>
              </value>
            </param>
            <param index="1">
              <value>
                <![CDATA[4.55]]>
              </value>
            </param>
            <param index="2">
              <value>
                <![CDATA[5.78]]>
              </value>
            </param>
          </params>
          <reporter-output>
          </reporter-output>
        </test-method> <!-- testSum -->
        <test-method status="PASS" signature="setUp()[pri:0, instance:javatest.com.epam.cdp.testngtests.DoubleSumTest@3cd1f1c8]" name="setUp" is-config="true" duration-ms="37" started-at="2017-06-23T16:10:51Z" finished-at="2017-06-23T16:10:51Z">
          <reporter-output>
          </reporter-output>
        </test-method> <!-- setUp -->
        <test-method status="PASS" signature="testSum(double, double, double)[pri:0, instance:javatest.com.epam.cdp.testngtests.DoubleSumTest@3cd1f1c8]" name="testSum" duration-ms="0" started-at="2017-06-23T16:10:51Z" data-provider="sumDataProvider" finished-at="2017-06-23T16:10:51Z">
          <params>
            <param index="0">
              <value>
                <![CDATA[4.55]]>
              </value>
            </param>
            <param index="1">
              <value>
                <![CDATA[0]]>
              </value>
            </param>
            <param index="2">
              <value>
                <![CDATA[4.55]]>
              </value>
            </param>
          </params>
          <reporter-output>
          </reporter-output>
        </test-method> <!-- testSum -->
        <test-method status="PASS" signature="setUp()[pri:0, instance:javatest.com.epam.cdp.testngtests.DoubleSumTest@3cd1f1c8]" name="setUp" is-config="true" duration-ms="1" started-at="2017-06-23T16:10:51Z" finished-at="2017-06-23T16:10:51Z">
          <reporter-output>
          </reporter-output>
        </test-method> <!-- setUp -->
        <test-method status="PASS" signature="testSum(double, double, double)[pri:0, instance:javatest.com.epam.cdp.testngtests.DoubleSumTest@3cd1f1c8]" name="testSum" duration-ms="0" started-at="2017-06-23T16:10:51Z" data-provider="sumDataProvider" finished-at="2017-06-23T16:10:51Z">
          <params>
            <param index="0">
              <value>
                <![CDATA[5.67]]>
              </value>
            </param>
            <param index="1">
              <value>
                <![CDATA[-3]]>
              </value>
            </param>
            <param index="2">
              <value>
                <![CDATA[2.67]]>
              </value>
            </param>
          </params>
          <reporter-output>
          </reporter-output>
        </test-method> <!-- testSum -->
        <test-method status="PASS" signature="setUp()[pri:0, instance:javatest.com.epam.cdp.testngtests.DoubleSumTest@3cd1f1c8]" name="setUp" is-config="true" duration-ms="2" started-at="2017-06-23T16:10:51Z" finished-at="2017-06-23T16:10:51Z">
          <reporter-output>
          </reporter-output>
        </test-method> <!-- setUp -->
        <test-method status="PASS" signature="testSum(double, double, double)[pri:0, instance:javatest.com.epam.cdp.testngtests.DoubleSumTest@3cd1f1c8]" name="testSum" duration-ms="12" started-at="2017-06-23T16:10:51Z" data-provider="sumDataProvider" finished-at="2017-06-23T16:10:51Z">
          <params>
            <param index="0">
              <value>
                <![CDATA[0]]>
              </value>
            </param>
            <param index="1">
              <value>
                <![CDATA[0]]>
              </value>
            </param>
            <param index="2">
              <value>
                <![CDATA[0]]>
              </value>
            </param>
          </params>
          <reporter-output>
          </reporter-output>
        </test-method> <!-- testSum -->
      </class> <!-- javatest.com.epam.cdp.testngtests.DoubleSumTest -->
    </test> <!-- Calculator -->
  </suite> <!-- CalculatorTestNG -->
</testng-results>
