<?xml version="1.0" encoding="UTF-8"?>
<testng-results skipped="0" failed="25" total="102" passed="77">
  <reporter-output>
  </reporter-output>
  <suite name="CalculatorTest" duration-ms="0" started-at="2017-06-23T23:12:44Z" finished-at="2017-06-23T23:12:44Z">
    <groups>
    </groups>
  </suite> <!-- CalculatorTest -->
  <suite name="CalculatorTestNG" duration-ms="403" started-at="2017-06-23T23:12:43Z" finished-at="2017-06-23T23:12:43Z">
    <groups>
      <group name="CP">
        <method signature="DoubleDivTest.testDivByOne()[pri:0, instance:javatest.com.epam.cdp.testngtests.DoubleDivTest@6d1e7682]" name="testDivByOne" class="javatest.com.epam.cdp.testngtests.DoubleDivTest"/>
        <method signature="DoubleDivTest.testDivByZero()[pri:0, instance:javatest.com.epam.cdp.testngtests.DoubleDivTest@6d1e7682]" name="testDivByZero" class="javatest.com.epam.cdp.testngtests.DoubleDivTest"/>
        <method signature="DoubleSumTest.testSum(double, double, double)[pri:0, instance:javatest.com.epam.cdp.testngtests.DoubleSumTest@555590]" name="testSum" class="javatest.com.epam.cdp.testngtests.DoubleSumTest"/>
        <method signature="LongDivTest.testDivByLong()[pri:0, instance:javatest.com.epam.cdp.testngtests.LongDivTest@3339ad8e]" name="testDivByLong" class="javatest.com.epam.cdp.testngtests.LongDivTest"/>
        <method signature="LongDivTest.testDivByOne()[pri:0, instance:javatest.com.epam.cdp.testngtests.LongDivTest@3339ad8e]" name="testDivByOne" class="javatest.com.epam.cdp.testngtests.LongDivTest"/>
        <method signature="LongDivTest.testDivByZero()[pri:0, instance:javatest.com.epam.cdp.testngtests.LongDivTest@3339ad8e]" name="testDivByZero" class="javatest.com.epam.cdp.testngtests.LongDivTest"/>
        <method signature="LongSumTest.testSum(long, long, long)[pri:0, instance:javatest.com.epam.cdp.testngtests.LongSumTest@2db0f6b2]" name="testSum" class="javatest.com.epam.cdp.testngtests.LongSumTest"/>
        <method signature="MultTest.DoubleMultTest(double, double, double)[pri:0, instance:javatest.com.epam.cdp.testngtests.MultTest@3c679bde]" name="DoubleMultTest" class="javatest.com.epam.cdp.testngtests.MultTest"/>
        <method signature="MultTest.LongMultTest(long, long, long)[pri:0, instance:javatest.com.epam.cdp.testngtests.MultTest@3c679bde]" name="LongMultTest" class="javatest.com.epam.cdp.testngtests.MultTest"/>
        <method signature="PowSqrtTest.testPowByInt()[pri:0, instance:javatest.com.epam.cdp.testngtests.PowSqrtTest@424c0bc4]" name="testPowByInt" class="javatest.com.epam.cdp.testngtests.PowSqrtTest"/>
        <method signature="PowSqrtTest.testPowByZero()[pri:0, instance:javatest.com.epam.cdp.testngtests.PowSqrtTest@424c0bc4]" name="testPowByZero" class="javatest.com.epam.cdp.testngtests.PowSqrtTest"/>
        <method signature="PowSqrtTest.testSqrtOfInt()[pri:0, instance:javatest.com.epam.cdp.testngtests.PowSqrtTest@424c0bc4]" name="testSqrtOfInt" class="javatest.com.epam.cdp.testngtests.PowSqrtTest"/>
        <method signature="PowSqrtTest.testSqrtOfOne()[pri:0, instance:javatest.com.epam.cdp.testngtests.PowSqrtTest@424c0bc4]" name="testSqrtOfOne" class="javatest.com.epam.cdp.testngtests.PowSqrtTest"/>
        <method signature="SubTest.doubleSub(double, double, double)[pri:0, instance:javatest.com.epam.cdp.testngtests.SubTest@1996cd68]" name="doubleSub" class="javatest.com.epam.cdp.testngtests.SubTest"/>
        <method signature="SubTest.longSub(long, long, long)[pri:0, instance:javatest.com.epam.cdp.testngtests.SubTest@1996cd68]" name="longSub" class="javatest.com.epam.cdp.testngtests.SubTest"/>
        <method signature="TrigonometryTest.cos0()[pri:0, instance:javatest.com.epam.cdp.testngtests.TrigonometryTest@5f8ed237]" name="cos0" class="javatest.com.epam.cdp.testngtests.TrigonometryTest"/>
        <method signature="TrigonometryTest.ctg45()[pri:0, instance:javatest.com.epam.cdp.testngtests.TrigonometryTest@5f8ed237]" name="ctg45" class="javatest.com.epam.cdp.testngtests.TrigonometryTest"/>
        <method signature="TrigonometryTest.sin90()[pri:0, instance:javatest.com.epam.cdp.testngtests.TrigonometryTest@5f8ed237]" name="sin90" class="javatest.com.epam.cdp.testngtests.TrigonometryTest"/>
        <method signature="TrigonometryTest.tg45()[pri:0, instance:javatest.com.epam.cdp.testngtests.TrigonometryTest@5f8ed237]" name="tg45" class="javatest.com.epam.cdp.testngtests.TrigonometryTest"/>
        <method signature="DoubleDivTest.testDivByOne()[pri:0, instance:javatest.com.epam.cdp.testngtests.DoubleDivTest@24273305]" name="testDivByOne" class="javatest.com.epam.cdp.testngtests.DoubleDivTest"/>
        <method signature="DoubleDivTest.testDivByZero()[pri:0, instance:javatest.com.epam.cdp.testngtests.DoubleDivTest@24273305]" name="testDivByZero" class="javatest.com.epam.cdp.testngtests.DoubleDivTest"/>
        <method signature="DoubleSumTest.testSum(double, double, double)[pri:0, instance:javatest.com.epam.cdp.testngtests.DoubleSumTest@5b1d2887]" name="testSum" class="javatest.com.epam.cdp.testngtests.DoubleSumTest"/>
        <method signature="LongDivTest.testDivByLong()[pri:0, instance:javatest.com.epam.cdp.testngtests.LongDivTest@42f30e0a]" name="testDivByLong" class="javatest.com.epam.cdp.testngtests.LongDivTest"/>
        <method signature="LongDivTest.testDivByOne()[pri:0, instance:javatest.com.epam.cdp.testngtests.LongDivTest@42f30e0a]" name="testDivByOne" class="javatest.com.epam.cdp.testngtests.LongDivTest"/>
        <method signature="LongDivTest.testDivByZero()[pri:0, instance:javatest.com.epam.cdp.testngtests.LongDivTest@42f30e0a]" name="testDivByZero" class="javatest.com.epam.cdp.testngtests.LongDivTest"/>
        <method signature="LongSumTest.testSum(long, long, long)[pri:0, instance:javatest.com.epam.cdp.testngtests.LongSumTest@66133adc]" name="testSum" class="javatest.com.epam.cdp.testngtests.LongSumTest"/>
        <method signature="MultTest.DoubleMultTest(double, double, double)[pri:0, instance:javatest.com.epam.cdp.testngtests.MultTest@18e8568]" name="DoubleMultTest" class="javatest.com.epam.cdp.testngtests.MultTest"/>
        <method signature="MultTest.LongMultTest(long, long, long)[pri:0, instance:javatest.com.epam.cdp.testngtests.MultTest@18e8568]" name="LongMultTest" class="javatest.com.epam.cdp.testngtests.MultTest"/>
        <method signature="PowSqrtTest.testPowByInt()[pri:0, instance:javatest.com.epam.cdp.testngtests.PowSqrtTest@1c2c22f3]" name="testPowByInt" class="javatest.com.epam.cdp.testngtests.PowSqrtTest"/>
        <method signature="PowSqrtTest.testPowByZero()[pri:0, instance:javatest.com.epam.cdp.testngtests.PowSqrtTest@1c2c22f3]" name="testPowByZero" class="javatest.com.epam.cdp.testngtests.PowSqrtTest"/>
        <method signature="PowSqrtTest.testSqrtOfInt()[pri:0, instance:javatest.com.epam.cdp.testngtests.PowSqrtTest@1c2c22f3]" name="testSqrtOfInt" class="javatest.com.epam.cdp.testngtests.PowSqrtTest"/>
        <method signature="PowSqrtTest.testSqrtOfOne()[pri:0, instance:javatest.com.epam.cdp.testngtests.PowSqrtTest@1c2c22f3]" name="testSqrtOfOne" class="javatest.com.epam.cdp.testngtests.PowSqrtTest"/>
        <method signature="SubTest.doubleSub(double, double, double)[pri:0, instance:javatest.com.epam.cdp.testngtests.SubTest@7bfcd12c]" name="doubleSub" class="javatest.com.epam.cdp.testngtests.SubTest"/>
        <method signature="SubTest.longSub(long, long, long)[pri:0, instance:javatest.com.epam.cdp.testngtests.SubTest@7bfcd12c]" name="longSub" class="javatest.com.epam.cdp.testngtests.SubTest"/>
        <method signature="TrigonometryTest.cos0()[pri:0, instance:javatest.com.epam.cdp.testngtests.TrigonometryTest@27082746]" name="cos0" class="javatest.com.epam.cdp.testngtests.TrigonometryTest"/>
        <method signature="TrigonometryTest.ctg45()[pri:0, instance:javatest.com.epam.cdp.testngtests.TrigonometryTest@27082746]" name="ctg45" class="javatest.com.epam.cdp.testngtests.TrigonometryTest"/>
        <method signature="TrigonometryTest.sin90()[pri:0, instance:javatest.com.epam.cdp.testngtests.TrigonometryTest@27082746]" name="sin90" class="javatest.com.epam.cdp.testngtests.TrigonometryTest"/>
        <method signature="TrigonometryTest.tg45()[pri:0, instance:javatest.com.epam.cdp.testngtests.TrigonometryTest@27082746]" name="tg45" class="javatest.com.epam.cdp.testngtests.TrigonometryTest"/>
      </group> <!-- CP -->
    </groups>
    <test name="Calculator - CP" duration-ms="107" started-at="2017-06-23T23:12:43Z" finished-at="2017-06-23T23:12:43Z">
      <class name="javatest.com.epam.cdp.testngtests.PowSqrtTest">
        <test-method status="PASS" signature="setUp()[pri:0, instance:javatest.com.epam.cdp.testngtests.PowSqrtTest@424c0bc4]" name="setUp" is-config="true" duration-ms="1" started-at="2017-06-23T16:12:43Z" finished-at="2017-06-23T16:12:43Z">
          <reporter-output>
          </reporter-output>
        </test-method> <!-- setUp -->
        <test-method status="PASS" signature="testPowByInt()[pri:0, instance:javatest.com.epam.cdp.testngtests.PowSqrtTest@424c0bc4]" name="testPowByInt" duration-ms="0" started-at="2017-06-23T16:12:43Z" finished-at="2017-06-23T16:12:43Z">
          <reporter-output>
          </reporter-output>
        </test-method> <!-- testPowByInt -->
        <test-method status="PASS" signature="setUp()[pri:0, instance:javatest.com.epam.cdp.testngtests.PowSqrtTest@424c0bc4]" name="setUp" is-config="true" duration-ms="1" started-at="2017-06-23T16:12:43Z" finished-at="2017-06-23T16:12:43Z">
          <reporter-output>
          </reporter-output>
        </test-method> <!-- setUp -->
        <test-method status="PASS" signature="setUp()[pri:0, instance:javatest.com.epam.cdp.testngtests.PowSqrtTest@424c0bc4]" name="setUp" is-config="true" duration-ms="0" started-at="2017-06-23T16:12:43Z" finished-at="2017-06-23T16:12:43Z">
          <reporter-output>
          </reporter-output>
        </test-method> <!-- setUp -->
        <test-method status="PASS" signature="testSqrtOfInt()[pri:0, instance:javatest.com.epam.cdp.testngtests.PowSqrtTest@424c0bc4]" name="testSqrtOfInt" duration-ms="0" started-at="2017-06-23T16:12:43Z" finished-at="2017-06-23T16:12:43Z">
          <reporter-output>
          </reporter-output>
        </test-method> <!-- testSqrtOfInt -->
        <test-method status="PASS" signature="testPowByZero()[pri:0, instance:javatest.com.epam.cdp.testngtests.PowSqrtTest@424c0bc4]" name="testPowByZero" duration-ms="0" started-at="2017-06-23T16:12:43Z" finished-at="2017-06-23T16:12:43Z">
          <reporter-output>
          </reporter-output>
        </test-method> <!-- testPowByZero -->
        <test-method status="PASS" signature="setUp()[pri:0, instance:javatest.com.epam.cdp.testngtests.PowSqrtTest@424c0bc4]" name="setUp" is-config="true" duration-ms="0" started-at="2017-06-23T16:12:43Z" finished-at="2017-06-23T16:12:43Z">
          <reporter-output>
          </reporter-output>
        </test-method> <!-- setUp -->
        <test-method status="PASS" signature="testSqrtOfOne()[pri:0, instance:javatest.com.epam.cdp.testngtests.PowSqrtTest@424c0bc4]" name="testSqrtOfOne" duration-ms="0" started-at="2017-06-23T16:12:43Z" finished-at="2017-06-23T16:12:43Z">
          <reporter-output>
          </reporter-output>
        </test-method> <!-- testSqrtOfOne -->
      </class> <!-- javatest.com.epam.cdp.testngtests.PowSqrtTest -->
      <class name="javatest.com.epam.cdp.testngtests.LongSumTest">
        <test-method status="PASS" signature="setUp()[pri:0, instance:javatest.com.epam.cdp.testngtests.LongSumTest@2db0f6b2]" name="setUp" is-config="true" duration-ms="17" started-at="2017-06-23T16:12:43Z" finished-at="2017-06-23T16:12:43Z">
          <reporter-output>
          </reporter-output>
        </test-method> <!-- setUp -->
        <test-method status="PASS" signature="testSum(long, long, long)[pri:0, instance:javatest.com.epam.cdp.testngtests.LongSumTest@2db0f6b2]" name="testSum" duration-ms="3" started-at="2017-06-23T16:12:43Z" data-provider="sumDataProvider" finished-at="2017-06-23T16:12:43Z">
          <params>
            <param index="0">
              <value>
                <![CDATA[1000]]>
              </value>
            </param>
            <param index="1">
              <value>
                <![CDATA[3500]]>
              </value>
            </param>
            <param index="2">
              <value>
                <![CDATA[4500]]>
              </value>
            </param>
          </params>
          <reporter-output>
          </reporter-output>
        </test-method> <!-- testSum -->
        <test-method status="PASS" signature="setUp()[pri:0, instance:javatest.com.epam.cdp.testngtests.LongSumTest@2db0f6b2]" name="setUp" is-config="true" duration-ms="0" started-at="2017-06-23T16:12:43Z" finished-at="2017-06-23T16:12:43Z">
          <reporter-output>
          </reporter-output>
        </test-method> <!-- setUp -->
        <test-method status="PASS" signature="testSum(long, long, long)[pri:0, instance:javatest.com.epam.cdp.testngtests.LongSumTest@2db0f6b2]" name="testSum" duration-ms="0" started-at="2017-06-23T16:12:43Z" data-provider="sumDataProvider" finished-at="2017-06-23T16:12:43Z">
          <params>
            <param index="0">
              <value>
                <![CDATA[-100]]>
              </value>
            </param>
            <param index="1">
              <value>
                <![CDATA[250]]>
              </value>
            </param>
            <param index="2">
              <value>
                <![CDATA[150]]>
              </value>
            </param>
          </params>
          <reporter-output>
          </reporter-output>
        </test-method> <!-- testSum -->
        <test-method status="PASS" signature="setUp()[pri:0, instance:javatest.com.epam.cdp.testngtests.LongSumTest@2db0f6b2]" name="setUp" is-config="true" duration-ms="1" started-at="2017-06-23T16:12:43Z" finished-at="2017-06-23T16:12:43Z">
          <reporter-output>
          </reporter-output>
        </test-method> <!-- setUp -->
        <test-method status="PASS" signature="setUp()[pri:0, instance:javatest.com.epam.cdp.testngtests.LongSumTest@2db0f6b2]" name="setUp" is-config="true" duration-ms="0" started-at="2017-06-23T16:12:43Z" finished-at="2017-06-23T16:12:43Z">
          <reporter-output>
          </reporter-output>
        </test-method> <!-- setUp -->
        <test-method status="PASS" signature="testSum(long, long, long)[pri:0, instance:javatest.com.epam.cdp.testngtests.LongSumTest@2db0f6b2]" name="testSum" duration-ms="0" started-at="2017-06-23T16:12:43Z" data-provider="sumDataProvider" finished-at="2017-06-23T16:12:43Z">
          <params>
            <param index="0">
              <value>
                <![CDATA[300]]>
              </value>
            </param>
            <param index="1">
              <value>
                <![CDATA[0]]>
              </value>
            </param>
            <param index="2">
              <value>
                <![CDATA[300]]>
              </value>
            </param>
          </params>
          <reporter-output>
          </reporter-output>
        </test-method> <!-- testSum -->
        <test-method status="PASS" signature="testSum(long, long, long)[pri:0, instance:javatest.com.epam.cdp.testngtests.LongSumTest@2db0f6b2]" name="testSum" duration-ms="0" started-at="2017-06-23T16:12:43Z" data-provider="sumDataProvider" finished-at="2017-06-23T16:12:43Z">
          <params>
            <param index="0">
              <value>
                <![CDATA[100]]>
              </value>
            </param>
            <param index="1">
              <value>
                <![CDATA[-100]]>
              </value>
            </param>
            <param index="2">
              <value>
                <![CDATA[0]]>
              </value>
            </param>
          </params>
          <reporter-output>
          </reporter-output>
        </test-method> <!-- testSum -->
        <test-method status="PASS" signature="setUp()[pri:0, instance:javatest.com.epam.cdp.testngtests.LongSumTest@2db0f6b2]" name="setUp" is-config="true" duration-ms="0" started-at="2017-06-23T16:12:43Z" finished-at="2017-06-23T16:12:43Z">
          <reporter-output>
          </reporter-output>
        </test-method> <!-- setUp -->
        <test-method status="PASS" signature="testSum(long, long, long)[pri:0, instance:javatest.com.epam.cdp.testngtests.LongSumTest@2db0f6b2]" name="testSum" duration-ms="0" started-at="2017-06-23T16:12:43Z" data-provider="sumDataProvider" finished-at="2017-06-23T16:12:43Z">
          <params>
            <param index="0">
              <value>
                <![CDATA[0]]>
              </value>
            </param>
            <param index="1">
              <value>
                <![CDATA[0]]>
              </value>
            </param>
            <param index="2">
              <value>
                <![CDATA[0]]>
              </value>
            </param>
          </params>
          <reporter-output>
          </reporter-output>
        </test-method> <!-- testSum -->
      </class> <!-- javatest.com.epam.cdp.testngtests.LongSumTest -->
      <class name="javatest.com.epam.cdp.testngtests.MultTest">
        <test-method status="FAIL" signature="DoubleMultTest(double, double, double)[pri:0, instance:javatest.com.epam.cdp.testngtests.MultTest@3c679bde]" name="DoubleMultTest" duration-ms="1" started-at="2017-06-23T16:12:43Z" data-provider="doubleDataProvider" finished-at="2017-06-23T16:12:43Z">
          <params>
            <param index="0">
              <value>
                <![CDATA[0]]>
              </value>
            </param>
            <param index="1">
              <value>
                <![CDATA[10.2]]>
              </value>
            </param>
            <param index="2">
              <value>
                <![CDATA[0]]>
              </value>
            </param>
          </params>
          <exception class="java.lang.NullPointerException">
            <full-stacktrace>
              <![CDATA[java.lang.NullPointerException
	at javatest.com.epam.cdp.testngtests.MultTest.DoubleMultTest(MultTest.java:40)
	at sun.reflect.NativeMethodAccessorImpl.invoke0(Native Method)
	at sun.reflect.NativeMethodAccessorImpl.invoke(NativeMethodAccessorImpl.java:62)
	at sun.reflect.DelegatingMethodAccessorImpl.invoke(DelegatingMethodAccessorImpl.java:43)
	at java.lang.reflect.Method.invoke(Method.java:497)
	at org.testng.internal.MethodInvocationHelper.invokeMethod(MethodInvocationHelper.java:80)
	at org.testng.internal.Invoker.invokeMethod(Invoker.java:714)
	at org.testng.internal.Invoker.invokeTestMethod(Invoker.java:901)
	at org.testng.internal.Invoker.invokeTestMethods(Invoker.java:1231)
	at org.testng.internal.TestMethodWorker.invokeTestMethods(TestMethodWorker.java:127)
	at org.testng.internal.TestMethodWorker.run(TestMethodWorker.java:111)
	at org.testng.TestRunner.privateRun(TestRunner.java:767)
	at org.testng.TestRunner.run(TestRunner.java:617)
	at org.testng.SuiteRunner.runTest(SuiteRunner.java:334)
	at org.testng.SuiteRunner.runSequentially(SuiteRunner.java:329)
	at org.testng.SuiteRunner.privateRun(SuiteRunner.java:291)
	at org.testng.SuiteRunner.run(SuiteRunner.java:240)
	at org.testng.SuiteRunnerWorker.runSuite(SuiteRunnerWorker.java:52)
	at org.testng.SuiteRunnerWorker.run(SuiteRunnerWorker.java:86)
	at org.testng.TestNG.runSuitesSequentially(TestNG.java:1198)
	at org.testng.TestNG.runSuitesSequentially(TestNG.java:1194)
	at org.testng.TestNG.runSuitesLocally(TestNG.java:1123)
	at org.testng.TestNG.run(TestNG.java:1031)
	at javatest.com.epam.cdp.testngtests.TestRunner.main(TestRunner.java:28)
]]>
            </full-stacktrace>
          </exception> <!-- java.lang.NullPointerException -->
          <reporter-output>
          </reporter-output>
        </test-method> <!-- DoubleMultTest -->
        <test-method status="FAIL" signature="DoubleMultTest(double, double, double)[pri:0, instance:javatest.com.epam.cdp.testngtests.MultTest@3c679bde]" name="DoubleMultTest" duration-ms="0" started-at="2017-06-23T16:12:43Z" data-provider="doubleDataProvider" finished-at="2017-06-23T16:12:43Z">
          <params>
            <param index="0">
              <value>
                <![CDATA[0.25]]>
              </value>
            </param>
            <param index="1">
              <value>
                <![CDATA[5]]>
              </value>
            </param>
            <param index="2">
              <value>
                <![CDATA[1]]>
              </value>
            </param>
          </params>
          <exception class="java.lang.NullPointerException">
            <full-stacktrace>
              <![CDATA[java.lang.NullPointerException
	at javatest.com.epam.cdp.testngtests.MultTest.DoubleMultTest(MultTest.java:40)
	at sun.reflect.NativeMethodAccessorImpl.invoke0(Native Method)
	at sun.reflect.NativeMethodAccessorImpl.invoke(NativeMethodAccessorImpl.java:62)
	at sun.reflect.DelegatingMethodAccessorImpl.invoke(DelegatingMethodAccessorImpl.java:43)
	at java.lang.reflect.Method.invoke(Method.java:497)
	at org.testng.internal.MethodInvocationHelper.invokeMethod(MethodInvocationHelper.java:80)
	at org.testng.internal.Invoker.invokeMethod(Invoker.java:714)
	at org.testng.internal.Invoker.invokeTestMethod(Invoker.java:901)
	at org.testng.internal.Invoker.invokeTestMethods(Invoker.java:1231)
	at org.testng.internal.TestMethodWorker.invokeTestMethods(TestMethodWorker.java:127)
	at org.testng.internal.TestMethodWorker.run(TestMethodWorker.java:111)
	at org.testng.TestRunner.privateRun(TestRunner.java:767)
	at org.testng.TestRunner.run(TestRunner.java:617)
	at org.testng.SuiteRunner.runTest(SuiteRunner.java:334)
	at org.testng.SuiteRunner.runSequentially(SuiteRunner.java:329)
	at org.testng.SuiteRunner.privateRun(SuiteRunner.java:291)
	at org.testng.SuiteRunner.run(SuiteRunner.java:240)
	at org.testng.SuiteRunnerWorker.runSuite(SuiteRunnerWorker.java:52)
	at org.testng.SuiteRunnerWorker.run(SuiteRunnerWorker.java:86)
	at org.testng.TestNG.runSuitesSequentially(TestNG.java:1198)
	at org.testng.TestNG.runSuitesSequentially(TestNG.java:1194)
	at org.testng.TestNG.runSuitesLocally(TestNG.java:1123)
	at org.testng.TestNG.run(TestNG.java:1031)
	at javatest.com.epam.cdp.testngtests.TestRunner.main(TestRunner.java:28)
]]>
            </full-stacktrace>
          </exception> <!-- java.lang.NullPointerException -->
          <reporter-output>
          </reporter-output>
        </test-method> <!-- DoubleMultTest -->
        <test-method status="FAIL" signature="DoubleMultTest(double, double, double)[pri:0, instance:javatest.com.epam.cdp.testngtests.MultTest@3c679bde]" name="DoubleMultTest" duration-ms="0" started-at="2017-06-23T16:12:43Z" data-provider="doubleDataProvider" finished-at="2017-06-23T16:12:43Z">
          <params>
            <param index="0">
              <value>
                <![CDATA[0.25]]>
              </value>
            </param>
            <param index="1">
              <value>
                <![CDATA[100]]>
              </value>
            </param>
            <param index="2">
              <value>
                <![CDATA[25]]>
              </value>
            </param>
          </params>
          <exception class="java.lang.NullPointerException">
            <full-stacktrace>
              <![CDATA[java.lang.NullPointerException
	at javatest.com.epam.cdp.testngtests.MultTest.DoubleMultTest(MultTest.java:40)
	at sun.reflect.NativeMethodAccessorImpl.invoke0(Native Method)
	at sun.reflect.NativeMethodAccessorImpl.invoke(NativeMethodAccessorImpl.java:62)
	at sun.reflect.DelegatingMethodAccessorImpl.invoke(DelegatingMethodAccessorImpl.java:43)
	at java.lang.reflect.Method.invoke(Method.java:497)
	at org.testng.internal.MethodInvocationHelper.invokeMethod(MethodInvocationHelper.java:80)
	at org.testng.internal.Invoker.invokeMethod(Invoker.java:714)
	at org.testng.internal.Invoker.invokeTestMethod(Invoker.java:901)
	at org.testng.internal.Invoker.invokeTestMethods(Invoker.java:1231)
	at org.testng.internal.TestMethodWorker.invokeTestMethods(TestMethodWorker.java:127)
	at org.testng.internal.TestMethodWorker.run(TestMethodWorker.java:111)
	at org.testng.TestRunner.privateRun(TestRunner.java:767)
	at org.testng.TestRunner.run(TestRunner.java:617)
	at org.testng.SuiteRunner.runTest(SuiteRunner.java:334)
	at org.testng.SuiteRunner.runSequentially(SuiteRunner.java:329)
	at org.testng.SuiteRunner.privateRun(SuiteRunner.java:291)
	at org.testng.SuiteRunner.run(SuiteRunner.java:240)
	at org.testng.SuiteRunnerWorker.runSuite(SuiteRunnerWorker.java:52)
	at org.testng.SuiteRunnerWorker.run(SuiteRunnerWorker.java:86)
	at org.testng.TestNG.runSuitesSequentially(TestNG.java:1198)
	at org.testng.TestNG.runSuitesSequentially(TestNG.java:1194)
	at org.testng.TestNG.runSuitesLocally(TestNG.java:1123)
	at org.testng.TestNG.run(TestNG.java:1031)
	at javatest.com.epam.cdp.testngtests.TestRunner.main(TestRunner.java:28)
]]>
            </full-stacktrace>
          </exception> <!-- java.lang.NullPointerException -->
          <reporter-output>
          </reporter-output>
        </test-method> <!-- DoubleMultTest -->
        <test-method status="FAIL" signature="DoubleMultTest(double, double, double)[pri:0, instance:javatest.com.epam.cdp.testngtests.MultTest@3c679bde]" name="DoubleMultTest" duration-ms="0" started-at="2017-06-23T16:12:43Z" data-provider="doubleDataProvider" finished-at="2017-06-23T16:12:43Z">
          <params>
            <param index="0">
              <value>
                <![CDATA[-1]]>
              </value>
            </param>
            <param index="1">
              <value>
                <![CDATA[0.34]]>
              </value>
            </param>
            <param index="2">
              <value>
                <![CDATA[-0.34]]>
              </value>
            </param>
          </params>
          <exception class="java.lang.NullPointerException">
            <full-stacktrace>
              <![CDATA[java.lang.NullPointerException
	at javatest.com.epam.cdp.testngtests.MultTest.DoubleMultTest(MultTest.java:40)
	at sun.reflect.NativeMethodAccessorImpl.invoke0(Native Method)
	at sun.reflect.NativeMethodAccessorImpl.invoke(NativeMethodAccessorImpl.java:62)
	at sun.reflect.DelegatingMethodAccessorImpl.invoke(DelegatingMethodAccessorImpl.java:43)
	at java.lang.reflect.Method.invoke(Method.java:497)
	at org.testng.internal.MethodInvocationHelper.invokeMethod(MethodInvocationHelper.java:80)
	at org.testng.internal.Invoker.invokeMethod(Invoker.java:714)
	at org.testng.internal.Invoker.invokeTestMethod(Invoker.java:901)
	at org.testng.internal.Invoker.invokeTestMethods(Invoker.java:1231)
	at org.testng.internal.TestMethodWorker.invokeTestMethods(TestMethodWorker.java:127)
	at org.testng.internal.TestMethodWorker.run(TestMethodWorker.java:111)
	at org.testng.TestRunner.privateRun(TestRunner.java:767)
	at org.testng.TestRunner.run(TestRunner.java:617)
	at org.testng.SuiteRunner.runTest(SuiteRunner.java:334)
	at org.testng.SuiteRunner.runSequentially(SuiteRunner.java:329)
	at org.testng.SuiteRunner.privateRun(SuiteRunner.java:291)
	at org.testng.SuiteRunner.run(SuiteRunner.java:240)
	at org.testng.SuiteRunnerWorker.runSuite(SuiteRunnerWorker.java:52)
	at org.testng.SuiteRunnerWorker.run(SuiteRunnerWorker.java:86)
	at org.testng.TestNG.runSuitesSequentially(TestNG.java:1198)
	at org.testng.TestNG.runSuitesSequentially(TestNG.java:1194)
	at org.testng.TestNG.runSuitesLocally(TestNG.java:1123)
	at org.testng.TestNG.run(TestNG.java:1031)
	at javatest.com.epam.cdp.testngtests.TestRunner.main(TestRunner.java:28)
]]>
            </full-stacktrace>
          </exception> <!-- java.lang.NullPointerException -->
          <reporter-output>
          </reporter-output>
        </test-method> <!-- DoubleMultTest -->
        <test-method status="FAIL" signature="LongMultTest(long, long, long)[pri:0, instance:javatest.com.epam.cdp.testngtests.MultTest@3c679bde]" name="LongMultTest" duration-ms="5" started-at="2017-06-23T16:12:43Z" data-provider="longDataProvider" finished-at="2017-06-23T16:12:43Z">
          <params>
            <param index="0">
              <value>
                <![CDATA[0]]>
              </value>
            </param>
            <param index="1">
              <value>
                <![CDATA[100]]>
              </value>
            </param>
            <param index="2">
              <value>
                <![CDATA[0]]>
              </value>
            </param>
          </params>
          <exception class="java.lang.NullPointerException">
            <full-stacktrace>
              <![CDATA[java.lang.NullPointerException
	at javatest.com.epam.cdp.testngtests.MultTest.LongMultTest(MultTest.java:23)
	at sun.reflect.NativeMethodAccessorImpl.invoke0(Native Method)
	at sun.reflect.NativeMethodAccessorImpl.invoke(NativeMethodAccessorImpl.java:62)
	at sun.reflect.DelegatingMethodAccessorImpl.invoke(DelegatingMethodAccessorImpl.java:43)
	at java.lang.reflect.Method.invoke(Method.java:497)
	at org.testng.internal.MethodInvocationHelper.invokeMethod(MethodInvocationHelper.java:80)
	at org.testng.internal.Invoker.invokeMethod(Invoker.java:714)
	at org.testng.internal.Invoker.invokeTestMethod(Invoker.java:901)
	at org.testng.internal.Invoker.invokeTestMethods(Invoker.java:1231)
	at org.testng.internal.TestMethodWorker.invokeTestMethods(TestMethodWorker.java:127)
	at org.testng.internal.TestMethodWorker.run(TestMethodWorker.java:111)
	at org.testng.TestRunner.privateRun(TestRunner.java:767)
	at org.testng.TestRunner.run(TestRunner.java:617)
	at org.testng.SuiteRunner.runTest(SuiteRunner.java:334)
	at org.testng.SuiteRunner.runSequentially(SuiteRunner.java:329)
	at org.testng.SuiteRunner.privateRun(SuiteRunner.java:291)
	at org.testng.SuiteRunner.run(SuiteRunner.java:240)
	at org.testng.SuiteRunnerWorker.runSuite(SuiteRunnerWorker.java:52)
	at org.testng.SuiteRunnerWorker.run(SuiteRunnerWorker.java:86)
	at org.testng.TestNG.runSuitesSequentially(TestNG.java:1198)
	at org.testng.TestNG.runSuitesSequentially(TestNG.java:1194)
	at org.testng.TestNG.runSuitesLocally(TestNG.java:1123)
	at org.testng.TestNG.run(TestNG.java:1031)
	at javatest.com.epam.cdp.testngtests.TestRunner.main(TestRunner.java:28)
]]>
            </full-stacktrace>
          </exception> <!-- java.lang.NullPointerException -->
          <reporter-output>
          </reporter-output>
        </test-method> <!-- LongMultTest -->
        <test-method status="FAIL" signature="LongMultTest(long, long, long)[pri:0, instance:javatest.com.epam.cdp.testngtests.MultTest@3c679bde]" name="LongMultTest" duration-ms="1" started-at="2017-06-23T16:12:43Z" data-provider="longDataProvider" finished-at="2017-06-23T16:12:43Z">
          <params>
            <param index="0">
              <value>
                <![CDATA[200]]>
              </value>
            </param>
            <param index="1">
              <value>
                <![CDATA[0]]>
              </value>
            </param>
            <param index="2">
              <value>
                <![CDATA[0]]>
              </value>
            </param>
          </params>
          <exception class="java.lang.NullPointerException">
            <full-stacktrace>
              <![CDATA[java.lang.NullPointerException
	at javatest.com.epam.cdp.testngtests.MultTest.LongMultTest(MultTest.java:23)
	at sun.reflect.NativeMethodAccessorImpl.invoke0(Native Method)
	at sun.reflect.NativeMethodAccessorImpl.invoke(NativeMethodAccessorImpl.java:62)
	at sun.reflect.DelegatingMethodAccessorImpl.invoke(DelegatingMethodAccessorImpl.java:43)
	at java.lang.reflect.Method.invoke(Method.java:497)
	at org.testng.internal.MethodInvocationHelper.invokeMethod(MethodInvocationHelper.java:80)
	at org.testng.internal.Invoker.invokeMethod(Invoker.java:714)
	at org.testng.internal.Invoker.invokeTestMethod(Invoker.java:901)
	at org.testng.internal.Invoker.invokeTestMethods(Invoker.java:1231)
	at org.testng.internal.TestMethodWorker.invokeTestMethods(TestMethodWorker.java:127)
	at org.testng.internal.TestMethodWorker.run(TestMethodWorker.java:111)
	at org.testng.TestRunner.privateRun(TestRunner.java:767)
	at org.testng.TestRunner.run(TestRunner.java:617)
	at org.testng.SuiteRunner.runTest(SuiteRunner.java:334)
	at org.testng.SuiteRunner.runSequentially(SuiteRunner.java:329)
	at org.testng.SuiteRunner.privateRun(SuiteRunner.java:291)
	at org.testng.SuiteRunner.run(SuiteRunner.java:240)
	at org.testng.SuiteRunnerWorker.runSuite(SuiteRunnerWorker.java:52)
	at org.testng.SuiteRunnerWorker.run(SuiteRunnerWorker.java:86)
	at org.testng.TestNG.runSuitesSequentially(TestNG.java:1198)
	at org.testng.TestNG.runSuitesSequentially(TestNG.java:1194)
	at org.testng.TestNG.runSuitesLocally(TestNG.java:1123)
	at org.testng.TestNG.run(TestNG.java:1031)
	at javatest.com.epam.cdp.testngtests.TestRunner.main(TestRunner.java:28)
]]>
            </full-stacktrace>
          </exception> <!-- java.lang.NullPointerException -->
          <reporter-output>
          </reporter-output>
        </test-method> <!-- LongMultTest -->
        <test-method status="FAIL" signature="LongMultTest(long, long, long)[pri:0, instance:javatest.com.epam.cdp.testngtests.MultTest@3c679bde]" name="LongMultTest" duration-ms="0" started-at="2017-06-23T16:12:43Z" data-provider="longDataProvider" finished-at="2017-06-23T16:12:43Z">
          <params>
            <param index="0">
              <value>
                <![CDATA[-100]]>
              </value>
            </param>
            <param index="1">
              <value>
                <![CDATA[25]]>
              </value>
            </param>
            <param index="2">
              <value>
                <![CDATA[-2500]]>
              </value>
            </param>
          </params>
          <exception class="java.lang.NullPointerException">
            <full-stacktrace>
              <![CDATA[java.lang.NullPointerException
	at javatest.com.epam.cdp.testngtests.MultTest.LongMultTest(MultTest.java:23)
	at sun.reflect.NativeMethodAccessorImpl.invoke0(Native Method)
	at sun.reflect.NativeMethodAccessorImpl.invoke(NativeMethodAccessorImpl.java:62)
	at sun.reflect.DelegatingMethodAccessorImpl.invoke(DelegatingMethodAccessorImpl.java:43)
	at java.lang.reflect.Method.invoke(Method.java:497)
	at org.testng.internal.MethodInvocationHelper.invokeMethod(MethodInvocationHelper.java:80)
	at org.testng.internal.Invoker.invokeMethod(Invoker.java:714)
	at org.testng.internal.Invoker.invokeTestMethod(Invoker.java:901)
	at org.testng.internal.Invoker.invokeTestMethods(Invoker.java:1231)
	at org.testng.internal.TestMethodWorker.invokeTestMethods(TestMethodWorker.java:127)
	at org.testng.internal.TestMethodWorker.run(TestMethodWorker.java:111)
	at org.testng.TestRunner.privateRun(TestRunner.java:767)
	at org.testng.TestRunner.run(TestRunner.java:617)
	at org.testng.SuiteRunner.runTest(SuiteRunner.java:334)
	at org.testng.SuiteRunner.runSequentially(SuiteRunner.java:329)
	at org.testng.SuiteRunner.privateRun(SuiteRunner.java:291)
	at org.testng.SuiteRunner.run(SuiteRunner.java:240)
	at org.testng.SuiteRunnerWorker.runSuite(SuiteRunnerWorker.java:52)
	at org.testng.SuiteRunnerWorker.run(SuiteRunnerWorker.java:86)
	at org.testng.TestNG.runSuitesSequentially(TestNG.java:1198)
	at org.testng.TestNG.runSuitesSequentially(TestNG.java:1194)
	at org.testng.TestNG.runSuitesLocally(TestNG.java:1123)
	at org.testng.TestNG.run(TestNG.java:1031)
	at javatest.com.epam.cdp.testngtests.TestRunner.main(TestRunner.java:28)
]]>
            </full-stacktrace>
          </exception> <!-- java.lang.NullPointerException -->
          <reporter-output>
          </reporter-output>
        </test-method> <!-- LongMultTest -->
        <test-method status="FAIL" signature="LongMultTest(long, long, long)[pri:0, instance:javatest.com.epam.cdp.testngtests.MultTest@3c679bde]" name="LongMultTest" duration-ms="2" started-at="2017-06-23T16:12:43Z" data-provider="longDataProvider" finished-at="2017-06-23T16:12:43Z">
          <params>
            <param index="0">
              <value>
                <![CDATA[1000]]>
              </value>
            </param>
            <param index="1">
              <value>
                <![CDATA[3000]]>
              </value>
            </param>
            <param index="2">
              <value>
                <![CDATA[3000000]]>
              </value>
            </param>
          </params>
          <exception class="java.lang.NullPointerException">
            <full-stacktrace>
              <![CDATA[java.lang.NullPointerException
	at javatest.com.epam.cdp.testngtests.MultTest.LongMultTest(MultTest.java:23)
	at sun.reflect.NativeMethodAccessorImpl.invoke0(Native Method)
	at sun.reflect.NativeMethodAccessorImpl.invoke(NativeMethodAccessorImpl.java:62)
	at sun.reflect.DelegatingMethodAccessorImpl.invoke(DelegatingMethodAccessorImpl.java:43)
	at java.lang.reflect.Method.invoke(Method.java:497)
	at org.testng.internal.MethodInvocationHelper.invokeMethod(MethodInvocationHelper.java:80)
	at org.testng.internal.Invoker.invokeMethod(Invoker.java:714)
	at org.testng.internal.Invoker.invokeTestMethod(Invoker.java:901)
	at org.testng.internal.Invoker.invokeTestMethods(Invoker.java:1231)
	at org.testng.internal.TestMethodWorker.invokeTestMethods(TestMethodWorker.java:127)
	at org.testng.internal.TestMethodWorker.run(TestMethodWorker.java:111)
	at org.testng.TestRunner.privateRun(TestRunner.java:767)
	at org.testng.TestRunner.run(TestRunner.java:617)
	at org.testng.SuiteRunner.runTest(SuiteRunner.java:334)
	at org.testng.SuiteRunner.runSequentially(SuiteRunner.java:329)
	at org.testng.SuiteRunner.privateRun(SuiteRunner.java:291)
	at org.testng.SuiteRunner.run(SuiteRunner.java:240)
	at org.testng.SuiteRunnerWorker.runSuite(SuiteRunnerWorker.java:52)
	at org.testng.SuiteRunnerWorker.run(SuiteRunnerWorker.java:86)
	at org.testng.TestNG.runSuitesSequentially(TestNG.java:1198)
	at org.testng.TestNG.runSuitesSequentially(TestNG.java:1194)
	at org.testng.TestNG.runSuitesLocally(TestNG.java:1123)
	at org.testng.TestNG.run(TestNG.java:1031)
	at javatest.com.epam.cdp.testngtests.TestRunner.main(TestRunner.java:28)
]]>
            </full-stacktrace>
          </exception> <!-- java.lang.NullPointerException -->
          <reporter-output>
          </reporter-output>
        </test-method> <!-- LongMultTest -->
        <test-method status="FAIL" signature="LongMultTest(long, long, long)[pri:0, instance:javatest.com.epam.cdp.testngtests.MultTest@3c679bde]" name="LongMultTest" duration-ms="0" started-at="2017-06-23T16:12:43Z" data-provider="longDataProvider" finished-at="2017-06-23T16:12:43Z">
          <params>
            <param index="0">
              <value>
                <![CDATA[1]]>
              </value>
            </param>
            <param index="1">
              <value>
                <![CDATA[500]]>
              </value>
            </param>
            <param index="2">
              <value>
                <![CDATA[500]]>
              </value>
            </param>
          </params>
          <exception class="java.lang.NullPointerException">
            <full-stacktrace>
              <![CDATA[java.lang.NullPointerException
	at javatest.com.epam.cdp.testngtests.MultTest.LongMultTest(MultTest.java:23)
	at sun.reflect.NativeMethodAccessorImpl.invoke0(Native Method)
	at sun.reflect.NativeMethodAccessorImpl.invoke(NativeMethodAccessorImpl.java:62)
	at sun.reflect.DelegatingMethodAccessorImpl.invoke(DelegatingMethodAccessorImpl.java:43)
	at java.lang.reflect.Method.invoke(Method.java:497)
	at org.testng.internal.MethodInvocationHelper.invokeMethod(MethodInvocationHelper.java:80)
	at org.testng.internal.Invoker.invokeMethod(Invoker.java:714)
	at org.testng.internal.Invoker.invokeTestMethod(Invoker.java:901)
	at org.testng.internal.Invoker.invokeTestMethods(Invoker.java:1231)
	at org.testng.internal.TestMethodWorker.invokeTestMethods(TestMethodWorker.java:127)
	at org.testng.internal.TestMethodWorker.run(TestMethodWorker.java:111)
	at org.testng.TestRunner.privateRun(TestRunner.java:767)
	at org.testng.TestRunner.run(TestRunner.java:617)
	at org.testng.SuiteRunner.runTest(SuiteRunner.java:334)
	at org.testng.SuiteRunner.runSequentially(SuiteRunner.java:329)
	at org.testng.SuiteRunner.privateRun(SuiteRunner.java:291)
	at org.testng.SuiteRunner.run(SuiteRunner.java:240)
	at org.testng.SuiteRunnerWorker.runSuite(SuiteRunnerWorker.java:52)
	at org.testng.SuiteRunnerWorker.run(SuiteRunnerWorker.java:86)
	at org.testng.TestNG.runSuitesSequentially(TestNG.java:1198)
	at org.testng.TestNG.runSuitesSequentially(TestNG.java:1194)
	at org.testng.TestNG.runSuitesLocally(TestNG.java:1123)
	at org.testng.TestNG.run(TestNG.java:1031)
	at javatest.com.epam.cdp.testngtests.TestRunner.main(TestRunner.java:28)
]]>
            </full-stacktrace>
          </exception> <!-- java.lang.NullPointerException -->
          <reporter-output>
          </reporter-output>
        </test-method> <!-- LongMultTest -->
      </class> <!-- javatest.com.epam.cdp.testngtests.MultTest -->
      <class name="javatest.com.epam.cdp.testngtests.LongDivTest">
        <test-method status="PASS" signature="setUp()[pri:0, instance:javatest.com.epam.cdp.testngtests.LongDivTest@3339ad8e]" name="setUp" is-config="true" duration-ms="2" started-at="2017-06-23T16:12:43Z" finished-at="2017-06-23T16:12:43Z">
          <reporter-output>
          </reporter-output>
        </test-method> <!-- setUp -->
        <test-method status="FAIL" signature="testDivByLong()[pri:0, instance:javatest.com.epam.cdp.testngtests.LongDivTest@3339ad8e]" name="testDivByLong" duration-ms="2" started-at="2017-06-23T16:12:43Z" finished-at="2017-06-23T16:12:43Z">
          <exception class="java.lang.AssertionError">
            <message>
              <![CDATA[expected [1.33] but found [1.0]]]>
            </message>
            <full-stacktrace>
              <![CDATA[java.lang.AssertionError: expected [1.33] but found [1.0]
	at org.testng.Assert.fail(Assert.java:94)
	at org.testng.Assert.failNotEquals(Assert.java:494)
	at org.testng.Assert.assertEquals(Assert.java:123)
	at org.testng.Assert.assertEquals(Assert.java:165)
	at javatest.com.epam.cdp.testngtests.LongDivTest.testDivByLong(LongDivTest.java:30)
	at sun.reflect.NativeMethodAccessorImpl.invoke0(Native Method)
	at sun.reflect.NativeMethodAccessorImpl.invoke(NativeMethodAccessorImpl.java:62)
	at sun.reflect.DelegatingMethodAccessorImpl.invoke(DelegatingMethodAccessorImpl.java:43)
	at java.lang.reflect.Method.invoke(Method.java:497)
	at org.testng.internal.MethodInvocationHelper.invokeMethod(MethodInvocationHelper.java:80)
	at org.testng.internal.Invoker.invokeMethod(Invoker.java:714)
	at org.testng.internal.Invoker.invokeTestMethod(Invoker.java:901)
	at org.testng.internal.Invoker.invokeTestMethods(Invoker.java:1231)
	at org.testng.internal.TestMethodWorker.invokeTestMethods(TestMethodWorker.java:127)
	at org.testng.internal.TestMethodWorker.run(TestMethodWorker.java:111)
	at org.testng.TestRunner.privateRun(TestRunner.java:767)
	at org.testng.TestRunner.run(TestRunner.java:617)
	at org.testng.SuiteRunner.runTest(SuiteRunner.java:334)
	at org.testng.SuiteRunner.runSequentially(SuiteRunner.java:329)
	at org.testng.SuiteRunner.privateRun(SuiteRunner.java:291)
	at org.testng.SuiteRunner.run(SuiteRunner.java:240)
	at org.testng.SuiteRunnerWorker.runSuite(SuiteRunnerWorker.java:52)
	at org.testng.SuiteRunnerWorker.run(SuiteRunnerWorker.java:86)
	at org.testng.TestNG.runSuitesSequentially(TestNG.java:1198)
	at org.testng.TestNG.runSuitesSequentially(TestNG.java:1194)
	at org.testng.TestNG.runSuitesLocally(TestNG.java:1123)
	at org.testng.TestNG.run(TestNG.java:1031)
	at javatest.com.epam.cdp.testngtests.TestRunner.main(TestRunner.java:28)
]]>
            </full-stacktrace>
          </exception> <!-- java.lang.AssertionError -->
          <reporter-output>
          </reporter-output>
        </test-method> <!-- testDivByLong -->
        <test-method status="PASS" signature="setUp()[pri:0, instance:javatest.com.epam.cdp.testngtests.LongDivTest@3339ad8e]" name="setUp" is-config="true" duration-ms="1" started-at="2017-06-23T16:12:43Z" finished-at="2017-06-23T16:12:43Z">
          <reporter-output>
          </reporter-output>
        </test-method> <!-- setUp -->
        <test-method status="FAIL" signature="testDivByOne()[pri:0, instance:javatest.com.epam.cdp.testngtests.LongDivTest@3339ad8e]" name="testDivByOne" duration-ms="1" started-at="2017-06-23T16:12:43Z" finished-at="2017-06-23T16:12:43Z">
          <exception class="java.lang.AssertionError">
            <message>
              <![CDATA[expected [340] but found [340.0]]]>
            </message>
            <full-stacktrace>
              <![CDATA[java.lang.AssertionError: expected [340] but found [340.0]
	at org.testng.Assert.fail(Assert.java:94)
	at org.testng.Assert.failNotEquals(Assert.java:494)
	at org.testng.Assert.assertEquals(Assert.java:123)
	at org.testng.Assert.assertEquals(Assert.java:165)
	at javatest.com.epam.cdp.testngtests.LongDivTest.testDivByOne(LongDivTest.java:18)
	at sun.reflect.NativeMethodAccessorImpl.invoke0(Native Method)
	at sun.reflect.NativeMethodAccessorImpl.invoke(NativeMethodAccessorImpl.java:62)
	at sun.reflect.DelegatingMethodAccessorImpl.invoke(DelegatingMethodAccessorImpl.java:43)
	at java.lang.reflect.Method.invoke(Method.java:497)
	at org.testng.internal.MethodInvocationHelper.invokeMethod(MethodInvocationHelper.java:80)
	at org.testng.internal.Invoker.invokeMethod(Invoker.java:714)
	at org.testng.internal.Invoker.invokeTestMethod(Invoker.java:901)
	at org.testng.internal.Invoker.invokeTestMethods(Invoker.java:1231)
	at org.testng.internal.TestMethodWorker.invokeTestMethods(TestMethodWorker.java:127)
	at org.testng.internal.TestMethodWorker.run(TestMethodWorker.java:111)
	at org.testng.TestRunner.privateRun(TestRunner.java:767)
	at org.testng.TestRunner.run(TestRunner.java:617)
	at org.testng.SuiteRunner.runTest(SuiteRunner.java:334)
	at org.testng.SuiteRunner.runSequentially(SuiteRunner.java:329)
	at org.testng.SuiteRunner.privateRun(SuiteRunner.java:291)
	at org.testng.SuiteRunner.run(SuiteRunner.java:240)
	at org.testng.SuiteRunnerWorker.runSuite(SuiteRunnerWorker.java:52)
	at org.testng.SuiteRunnerWorker.run(SuiteRunnerWorker.java:86)
	at org.testng.TestNG.runSuitesSequentially(TestNG.java:1198)
	at org.testng.TestNG.runSuitesSequentially(TestNG.java:1194)
	at org.testng.TestNG.runSuitesLocally(TestNG.java:1123)
	at org.testng.TestNG.run(TestNG.java:1031)
	at javatest.com.epam.cdp.testngtests.TestRunner.main(TestRunner.java:28)
]]>
            </full-stacktrace>
          </exception> <!-- java.lang.AssertionError -->
          <reporter-output>
          </reporter-output>
        </test-method> <!-- testDivByOne -->
        <test-method status="PASS" signature="setUp()[pri:0, instance:javatest.com.epam.cdp.testngtests.LongDivTest@3339ad8e]" name="setUp" is-config="true" duration-ms="1" started-at="2017-06-23T16:12:43Z" finished-at="2017-06-23T16:12:43Z">
          <reporter-output>
          </reporter-output>
        </test-method> <!-- setUp -->
        <test-method status="PASS" signature="testDivByZero()[pri:0, instance:javatest.com.epam.cdp.testngtests.LongDivTest@3339ad8e]" name="testDivByZero" duration-ms="0" started-at="2017-06-23T16:12:43Z" finished-at="2017-06-23T16:12:43Z">
          <exception class="java.lang.NumberFormatException">
            <message>
              <![CDATA[Attempt to divide by zero]]>
            </message>
            <full-stacktrace>
              <![CDATA[java.lang.NumberFormatException: Attempt to divide by zero
	at com.epam.tat.module4.Calculator.div(Calculator.java:34)
	at javatest.com.epam.cdp.testngtests.LongDivTest.testDivByZero(LongDivTest.java:12)
	at sun.reflect.NativeMethodAccessorImpl.invoke0(Native Method)
	at sun.reflect.NativeMethodAccessorImpl.invoke(NativeMethodAccessorImpl.java:62)
	at sun.reflect.DelegatingMethodAccessorImpl.invoke(DelegatingMethodAccessorImpl.java:43)
	at java.lang.reflect.Method.invoke(Method.java:497)
	at org.testng.internal.MethodInvocationHelper.invokeMethod(MethodInvocationHelper.java:80)
	at org.testng.internal.Invoker.invokeMethod(Invoker.java:714)
	at org.testng.internal.Invoker.invokeTestMethod(Invoker.java:901)
	at org.testng.internal.Invoker.invokeTestMethods(Invoker.java:1231)
	at org.testng.internal.TestMethodWorker.invokeTestMethods(TestMethodWorker.java:127)
	at org.testng.internal.TestMethodWorker.run(TestMethodWorker.java:111)
	at org.testng.TestRunner.privateRun(TestRunner.java:767)
	at org.testng.TestRunner.run(TestRunner.java:617)
	at org.testng.SuiteRunner.runTest(SuiteRunner.java:334)
	at org.testng.SuiteRunner.runSequentially(SuiteRunner.java:329)
	at org.testng.SuiteRunner.privateRun(SuiteRunner.java:291)
	at org.testng.SuiteRunner.run(SuiteRunner.java:240)
	at org.testng.SuiteRunnerWorker.runSuite(SuiteRunnerWorker.java:52)
	at org.testng.SuiteRunnerWorker.run(SuiteRunnerWorker.java:86)
	at org.testng.TestNG.runSuitesSequentially(TestNG.java:1198)
	at org.testng.TestNG.runSuitesSequentially(TestNG.java:1194)
	at org.testng.TestNG.runSuitesLocally(TestNG.java:1123)
	at org.testng.TestNG.run(TestNG.java:1031)
	at javatest.com.epam.cdp.testngtests.TestRunner.main(TestRunner.java:28)
]]>
            </full-stacktrace>
          </exception> <!-- java.lang.NumberFormatException -->
          <reporter-output>
          </reporter-output>
        </test-method> <!-- testDivByZero -->
      </class> <!-- javatest.com.epam.cdp.testngtests.LongDivTest -->
      <class name="javatest.com.epam.cdp.testngtests.SubTest">
        <test-method status="PASS" signature="doubleSub(double, double, double)[pri:0, instance:javatest.com.epam.cdp.testngtests.SubTest@1996cd68]" name="doubleSub" duration-ms="0" started-at="2017-06-23T16:12:43Z" data-provider="doubleDataProvider" finished-at="2017-06-23T16:12:43Z">
          <params>
            <param index="0">
              <value>
                <![CDATA[2.34789]]>
              </value>
            </param>
            <param index="1">
              <value>
                <![CDATA[5.6600099]]>
              </value>
            </param>
            <param index="2">
              <value>
                <![CDATA[-3.3121199]]>
              </value>
            </param>
          </params>
          <reporter-output>
          </reporter-output>
        </test-method> <!-- doubleSub -->
        <test-method status="PASS" signature="setUp()[pri:0, instance:javatest.com.epam.cdp.testngtests.SubTest@1996cd68]" name="setUp" is-config="true" duration-ms="0" started-at="2017-06-23T16:12:43Z" finished-at="2017-06-23T16:12:43Z">
          <reporter-output>
          </reporter-output>
        </test-method> <!-- setUp -->
        <test-method status="PASS" signature="setUp()[pri:0, instance:javatest.com.epam.cdp.testngtests.SubTest@1996cd68]" name="setUp" is-config="true" duration-ms="6" started-at="2017-06-23T16:12:43Z" finished-at="2017-06-23T16:12:43Z">
          <reporter-output>
          </reporter-output>
        </test-method> <!-- setUp -->
        <test-method status="PASS" signature="setUp()[pri:0, instance:javatest.com.epam.cdp.testngtests.SubTest@1996cd68]" name="setUp" is-config="true" duration-ms="1" started-at="2017-06-23T16:12:43Z" finished-at="2017-06-23T16:12:43Z">
          <reporter-output>
          </reporter-output>
        </test-method> <!-- setUp -->
        <test-method status="PASS" signature="doubleSub(double, double, double)[pri:0, instance:javatest.com.epam.cdp.testngtests.SubTest@1996cd68]" name="doubleSub" duration-ms="0" started-at="2017-06-23T16:12:43Z" data-provider="doubleDataProvider" finished-at="2017-06-23T16:12:43Z">
          <params>
            <param index="0">
              <value>
                <![CDATA[4.55]]>
              </value>
            </param>
            <param index="1">
              <value>
                <![CDATA[0]]>
              </value>
            </param>
            <param index="2">
              <value>
                <![CDATA[4.55]]>
              </value>
            </param>
          </params>
          <reporter-output>
          </reporter-output>
        </test-method> <!-- doubleSub -->
        <test-method status="PASS" signature="doubleSub(double, double, double)[pri:0, instance:javatest.com.epam.cdp.testngtests.SubTest@1996cd68]" name="doubleSub" duration-ms="0" started-at="2017-06-23T16:12:43Z" data-provider="doubleDataProvider" finished-at="2017-06-23T16:12:43Z">
          <params>
            <param index="0">
              <value>
                <![CDATA[1.23]]>
              </value>
            </param>
            <param index="1">
              <value>
                <![CDATA[1]]>
              </value>
            </param>
            <param index="2">
              <value>
                <![CDATA[0.23]]>
              </value>
            </param>
          </params>
          <reporter-output>
          </reporter-output>
        </test-method> <!-- doubleSub -->
        <test-method status="PASS" signature="setUp()[pri:0, instance:javatest.com.epam.cdp.testngtests.SubTest@1996cd68]" name="setUp" is-config="true" duration-ms="0" started-at="2017-06-23T16:12:43Z" finished-at="2017-06-23T16:12:43Z">
          <reporter-output>
          </reporter-output>
        </test-method> <!-- setUp -->
        <test-method status="PASS" signature="setUp()[pri:0, instance:javatest.com.epam.cdp.testngtests.SubTest@1996cd68]" name="setUp" is-config="true" duration-ms="0" started-at="2017-06-23T16:12:43Z" finished-at="2017-06-23T16:12:43Z">
          <reporter-output>
          </reporter-output>
        </test-method> <!-- setUp -->
        <test-method status="PASS" signature="doubleSub(double, double, double)[pri:0, instance:javatest.com.epam.cdp.testngtests.SubTest@1996cd68]" name="doubleSub" duration-ms="0" started-at="2017-06-23T16:12:43Z" data-provider="doubleDataProvider" finished-at="2017-06-23T16:12:43Z">
          <params>
            <param index="0">
              <value>
                <![CDATA[5.67]]>
              </value>
            </param>
            <param index="1">
              <value>
                <![CDATA[-3]]>
              </value>
            </param>
            <param index="2">
              <value>
                <![CDATA[8.67]]>
              </value>
            </param>
          </params>
          <reporter-output>
          </reporter-output>
        </test-method> <!-- doubleSub -->
        <test-method status="PASS" signature="doubleSub(double, double, double)[pri:0, instance:javatest.com.epam.cdp.testngtests.SubTest@1996cd68]" name="doubleSub" duration-ms="0" started-at="2017-06-23T16:12:43Z" data-provider="doubleDataProvider" finished-at="2017-06-23T16:12:43Z">
          <params>
            <param index="0">
              <value>
                <![CDATA[14.5666666]]>
              </value>
            </param>
            <param index="1">
              <value>
                <![CDATA[14.5666666]]>
              </value>
            </param>
            <param index="2">
              <value>
                <![CDATA[0]]>
              </value>
            </param>
          </params>
          <reporter-output>
          </reporter-output>
        </test-method> <!-- doubleSub -->
        <test-method status="PASS" signature="setUp()[pri:0, instance:javatest.com.epam.cdp.testngtests.SubTest@1996cd68]" name="setUp" is-config="true" duration-ms="0" started-at="2017-06-23T16:12:43Z" finished-at="2017-06-23T16:12:43Z">
          <reporter-output>
          </reporter-output>
        </test-method> <!-- setUp -->
        <test-method status="PASS" signature="longSub(long, long, long)[pri:0, instance:javatest.com.epam.cdp.testngtests.SubTest@1996cd68]" name="longSub" duration-ms="1" started-at="2017-06-23T16:12:43Z" data-provider="longDataProvider" finished-at="2017-06-23T16:12:43Z">
          <params>
            <param index="0">
              <value>
                <![CDATA[1000]]>
              </value>
            </param>
            <param index="1">
              <value>
                <![CDATA[3500]]>
              </value>
            </param>
            <param index="2">
              <value>
                <![CDATA[-2500]]>
              </value>
            </param>
          </params>
          <reporter-output>
          </reporter-output>
        </test-method> <!-- longSub -->
        <test-method status="PASS" signature="setUp()[pri:0, instance:javatest.com.epam.cdp.testngtests.SubTest@1996cd68]" name="setUp" is-config="true" duration-ms="0" started-at="2017-06-23T16:12:43Z" finished-at="2017-06-23T16:12:43Z">
          <reporter-output>
          </reporter-output>
        </test-method> <!-- setUp -->
        <test-method status="PASS" signature="setUp()[pri:0, instance:javatest.com.epam.cdp.testngtests.SubTest@1996cd68]" name="setUp" is-config="true" duration-ms="1" started-at="2017-06-23T16:12:43Z" finished-at="2017-06-23T16:12:43Z">
          <reporter-output>
          </reporter-output>
        </test-method> <!-- setUp -->
        <test-method status="PASS" signature="longSub(long, long, long)[pri:0, instance:javatest.com.epam.cdp.testngtests.SubTest@1996cd68]" name="longSub" duration-ms="0" started-at="2017-06-23T16:12:43Z" data-provider="longDataProvider" finished-at="2017-06-23T16:12:43Z">
          <params>
            <param index="0">
              <value>
                <![CDATA[-100]]>
              </value>
            </param>
            <param index="1">
              <value>
                <![CDATA[250]]>
              </value>
            </param>
            <param index="2">
              <value>
                <![CDATA[-350]]>
              </value>
            </param>
          </params>
          <reporter-output>
          </reporter-output>
        </test-method> <!-- longSub -->
        <test-method status="PASS" signature="longSub(long, long, long)[pri:0, instance:javatest.com.epam.cdp.testngtests.SubTest@1996cd68]" name="longSub" duration-ms="0" started-at="2017-06-23T16:12:43Z" data-provider="longDataProvider" finished-at="2017-06-23T16:12:43Z">
          <params>
            <param index="0">
              <value>
                <![CDATA[0]]>
              </value>
            </param>
            <param index="1">
              <value>
                <![CDATA[0]]>
              </value>
            </param>
            <param index="2">
              <value>
                <![CDATA[0]]>
              </value>
            </param>
          </params>
          <reporter-output>
          </reporter-output>
        </test-method> <!-- longSub -->
        <test-method status="PASS" signature="longSub(long, long, long)[pri:0, instance:javatest.com.epam.cdp.testngtests.SubTest@1996cd68]" name="longSub" duration-ms="1" started-at="2017-06-23T16:12:43Z" data-provider="longDataProvider" finished-at="2017-06-23T16:12:43Z">
          <params>
            <param index="0">
              <value>
                <![CDATA[100]]>
              </value>
            </param>
            <param index="1">
              <value>
                <![CDATA[-100]]>
              </value>
            </param>
            <param index="2">
              <value>
                <![CDATA[200]]>
              </value>
            </param>
          </params>
          <reporter-output>
          </reporter-output>
        </test-method> <!-- longSub -->
        <test-method status="PASS" signature="setUp()[pri:0, instance:javatest.com.epam.cdp.testngtests.SubTest@1996cd68]" name="setUp" is-config="true" duration-ms="0" started-at="2017-06-23T16:12:43Z" finished-at="2017-06-23T16:12:43Z">
          <reporter-output>
          </reporter-output>
        </test-method> <!-- setUp -->
        <test-method status="PASS" signature="setUp()[pri:0, instance:javatest.com.epam.cdp.testngtests.SubTest@1996cd68]" name="setUp" is-config="true" duration-ms="0" started-at="2017-06-23T16:12:43Z" finished-at="2017-06-23T16:12:43Z">
          <reporter-output>
          </reporter-output>
        </test-method> <!-- setUp -->
        <test-method status="PASS" signature="longSub(long, long, long)[pri:0, instance:javatest.com.epam.cdp.testngtests.SubTest@1996cd68]" name="longSub" duration-ms="1" started-at="2017-06-23T16:12:43Z" data-provider="longDataProvider" finished-at="2017-06-23T16:12:43Z">
          <params>
            <param index="0">
              <value>
                <![CDATA[300]]>
              </value>
            </param>
            <param index="1">
              <value>
                <![CDATA[0]]>
              </value>
            </param>
            <param index="2">
              <value>
                <![CDATA[300]]>
              </value>
            </param>
          </params>
          <reporter-output>
          </reporter-output>
        </test-method> <!-- longSub -->
        <test-method status="PASS" signature="setUp()[pri:0, instance:javatest.com.epam.cdp.testngtests.SubTest@1996cd68]" name="setUp" is-config="true" duration-ms="0" started-at="2017-06-23T16:12:43Z" finished-at="2017-06-23T16:12:43Z">
          <reporter-output>
          </reporter-output>
        </test-method> <!-- setUp -->
        <test-method status="PASS" signature="setUp()[pri:0, instance:javatest.com.epam.cdp.testngtests.SubTest@1996cd68]" name="setUp" is-config="true" duration-ms="0" started-at="2017-06-23T16:12:43Z" finished-at="2017-06-23T16:12:43Z">
          <reporter-output>
          </reporter-output>
        </test-method> <!-- setUp -->
        <test-method status="PASS" signature="longSub(long, long, long)[pri:0, instance:javatest.com.epam.cdp.testngtests.SubTest@1996cd68]" name="longSub" duration-ms="0" started-at="2017-06-23T16:12:43Z" data-provider="longDataProvider" finished-at="2017-06-23T16:12:43Z">
          <params>
            <param index="0">
              <value>
                <![CDATA[50]]>
              </value>
            </param>
            <param index="1">
              <value>
                <![CDATA[200]]>
              </value>
            </param>
            <param index="2">
              <value>
                <![CDATA[-150]]>
              </value>
            </param>
          </params>
          <reporter-output>
          </reporter-output>
        </test-method> <!-- longSub -->
        <test-method status="PASS" signature="longSub(long, long, long)[pri:0, instance:javatest.com.epam.cdp.testngtests.SubTest@1996cd68]" name="longSub" duration-ms="1" started-at="2017-06-23T16:12:43Z" data-provider="longDataProvider" finished-at="2017-06-23T16:12:43Z">
          <params>
            <param index="0">
              <value>
                <![CDATA[10]]>
              </value>
            </param>
            <param index="1">
              <value>
                <![CDATA[1]]>
              </value>
            </param>
            <param index="2">
              <value>
                <![CDATA[9]]>
              </value>
            </param>
          </params>
          <reporter-output>
          </reporter-output>
        </test-method> <!-- longSub -->
      </class> <!-- javatest.com.epam.cdp.testngtests.SubTest -->
      <class name="javatest.com.epam.cdp.testngtests.TrigonometryTest">
        <test-method status="PASS" signature="setUp()[pri:0, instance:javatest.com.epam.cdp.testngtests.TrigonometryTest@5f8ed237]" name="setUp" is-config="true" duration-ms="1" started-at="2017-06-23T16:12:43Z" finished-at="2017-06-23T16:12:43Z">
          <reporter-output>
          </reporter-output>
        </test-method> <!-- setUp -->
        <test-method status="FAIL" signature="cos0()[pri:0, instance:javatest.com.epam.cdp.testngtests.TrigonometryTest@5f8ed237]" name="cos0" duration-ms="0" started-at="2017-06-23T16:12:43Z" finished-at="2017-06-23T16:12:43Z">
          <exception class="java.lang.AssertionError">
            <message>
              <![CDATA[expected [1.0] but found [0.0]]]>
            </message>
            <full-stacktrace>
              <![CDATA[java.lang.AssertionError: expected [1.0] but found [0.0]
	at org.testng.Assert.fail(Assert.java:94)
	at org.testng.Assert.failNotEquals(Assert.java:494)
	at org.testng.Assert.assertEquals(Assert.java:123)
	at org.testng.Assert.assertEquals(Assert.java:165)
	at javatest.com.epam.cdp.testngtests.TrigonometryTest.cos0(TrigonometryTest.java:33)
	at sun.reflect.NativeMethodAccessorImpl.invoke0(Native Method)
	at sun.reflect.NativeMethodAccessorImpl.invoke(NativeMethodAccessorImpl.java:62)
	at sun.reflect.DelegatingMethodAccessorImpl.invoke(DelegatingMethodAccessorImpl.java:43)
	at java.lang.reflect.Method.invoke(Method.java:497)
	at org.testng.internal.MethodInvocationHelper.invokeMethod(MethodInvocationHelper.java:80)
	at org.testng.internal.Invoker.invokeMethod(Invoker.java:714)
	at org.testng.internal.Invoker.invokeTestMethod(Invoker.java:901)
	at org.testng.internal.Invoker.invokeTestMethods(Invoker.java:1231)
	at org.testng.internal.TestMethodWorker.invokeTestMethods(TestMethodWorker.java:127)
	at org.testng.internal.TestMethodWorker.run(TestMethodWorker.java:111)
	at org.testng.TestRunner.privateRun(TestRunner.java:767)
	at org.testng.TestRunner.run(TestRunner.java:617)
	at org.testng.SuiteRunner.runTest(SuiteRunner.java:334)
	at org.testng.SuiteRunner.runSequentially(SuiteRunner.java:329)
	at org.testng.SuiteRunner.privateRun(SuiteRunner.java:291)
	at org.testng.SuiteRunner.run(SuiteRunner.java:240)
	at org.testng.SuiteRunnerWorker.runSuite(SuiteRunnerWorker.java:52)
	at org.testng.SuiteRunnerWorker.run(SuiteRunnerWorker.java:86)
	at org.testng.TestNG.runSuitesSequentially(TestNG.java:1198)
	at org.testng.TestNG.runSuitesSequentially(TestNG.java:1194)
	at org.testng.TestNG.runSuitesLocally(TestNG.java:1123)
	at org.testng.TestNG.run(TestNG.java:1031)
	at javatest.com.epam.cdp.testngtests.TestRunner.main(TestRunner.java:28)
]]>
            </full-stacktrace>
          </exception> <!-- java.lang.AssertionError -->
          <reporter-output>
          </reporter-output>
        </test-method> <!-- cos0 -->
        <test-method status="PASS" signature="setUp()[pri:0, instance:javatest.com.epam.cdp.testngtests.TrigonometryTest@5f8ed237]" name="setUp" is-config="true" duration-ms="1" started-at="2017-06-23T16:12:43Z" finished-at="2017-06-23T16:12:43Z">
          <reporter-output>
          </reporter-output>
        </test-method> <!-- setUp -->
        <test-method status="PASS" signature="setUp()[pri:0, instance:javatest.com.epam.cdp.testngtests.TrigonometryTest@5f8ed237]" name="setUp" is-config="true" duration-ms="2" started-at="2017-06-23T16:12:43Z" finished-at="2017-06-23T16:12:43Z">
          <reporter-output>
          </reporter-output>
        </test-method> <!-- setUp -->
        <test-method status="PASS" signature="ctg45()[pri:0, instance:javatest.com.epam.cdp.testngtests.TrigonometryTest@5f8ed237]" name="ctg45" duration-ms="0" started-at="2017-06-23T16:12:43Z" finished-at="2017-06-23T16:12:43Z">
          <reporter-output>
          </reporter-output>
        </test-method> <!-- ctg45 -->
        <test-method status="FAIL" signature="sin90()[pri:0, instance:javatest.com.epam.cdp.testngtests.TrigonometryTest@5f8ed237]" name="sin90" duration-ms="3" started-at="2017-06-23T16:12:43Z" finished-at="2017-06-23T16:12:43Z">
          <exception class="java.lang.AssertionError">
            <message>
              <![CDATA[expected [1.0] but found [0.8939966636005579]]]>
            </message>
            <full-stacktrace>
              <![CDATA[java.lang.AssertionError: expected [1.0] but found [0.8939966636005579]
	at org.testng.Assert.fail(Assert.java:94)
	at org.testng.Assert.failNotEquals(Assert.java:494)
	at org.testng.Assert.assertEquals(Assert.java:123)
	at org.testng.Assert.assertEquals(Assert.java:165)
	at javatest.com.epam.cdp.testngtests.TrigonometryTest.sin90(TrigonometryTest.java:27)
	at sun.reflect.NativeMethodAccessorImpl.invoke0(Native Method)
	at sun.reflect.NativeMethodAccessorImpl.invoke(NativeMethodAccessorImpl.java:62)
	at sun.reflect.DelegatingMethodAccessorImpl.invoke(DelegatingMethodAccessorImpl.java:43)
	at java.lang.reflect.Method.invoke(Method.java:497)
	at org.testng.internal.MethodInvocationHelper.invokeMethod(MethodInvocationHelper.java:80)
	at org.testng.internal.Invoker.invokeMethod(Invoker.java:714)
	at org.testng.internal.Invoker.invokeTestMethod(Invoker.java:901)
	at org.testng.internal.Invoker.invokeTestMethods(Invoker.java:1231)
	at org.testng.internal.TestMethodWorker.invokeTestMethods(TestMethodWorker.java:127)
	at org.testng.internal.TestMethodWorker.run(TestMethodWorker.java:111)
	at org.testng.TestRunner.privateRun(TestRunner.java:767)
	at org.testng.TestRunner.run(TestRunner.java:617)
	at org.testng.SuiteRunner.runTest(SuiteRunner.java:334)
	at org.testng.SuiteRunner.runSequentially(SuiteRunner.java:329)
	at org.testng.SuiteRunner.privateRun(SuiteRunner.java:291)
	at org.testng.SuiteRunner.run(SuiteRunner.java:240)
	at org.testng.SuiteRunnerWorker.runSuite(SuiteRunnerWorker.java:52)
	at org.testng.SuiteRunnerWorker.run(SuiteRunnerWorker.java:86)
	at org.testng.TestNG.runSuitesSequentially(TestNG.java:1198)
	at org.testng.TestNG.runSuitesSequentially(TestNG.java:1194)
	at org.testng.TestNG.runSuitesLocally(TestNG.java:1123)
	at org.testng.TestNG.run(TestNG.java:1031)
	at javatest.com.epam.cdp.testngtests.TestRunner.main(TestRunner.java:28)
]]>
            </full-stacktrace>
          </exception> <!-- java.lang.AssertionError -->
          <reporter-output>
          </reporter-output>
        </test-method> <!-- sin90 -->
        <test-method status="PASS" signature="setUp()[pri:0, instance:javatest.com.epam.cdp.testngtests.TrigonometryTest@5f8ed237]" name="setUp" is-config="true" duration-ms="1" started-at="2017-06-23T16:12:43Z" finished-at="2017-06-23T16:12:43Z">
          <reporter-output>
          </reporter-output>
        </test-method> <!-- setUp -->
        <test-method status="PASS" signature="tg45()[pri:0, instance:javatest.com.epam.cdp.testngtests.TrigonometryTest@5f8ed237]" name="tg45" duration-ms="0" started-at="2017-06-23T16:12:43Z" finished-at="2017-06-23T16:12:43Z">
          <reporter-output>
          </reporter-output>
        </test-method> <!-- tg45 -->
      </class> <!-- javatest.com.epam.cdp.testngtests.TrigonometryTest -->
      <class name="javatest.com.epam.cdp.testngtests.DoubleDivTest">
        <test-method status="PASS" signature="setUp()[pri:0, instance:javatest.com.epam.cdp.testngtests.DoubleDivTest@6d1e7682]" name="setUp" is-config="true" duration-ms="1" started-at="2017-06-23T16:12:43Z" finished-at="2017-06-23T16:12:43Z">
          <reporter-output>
          </reporter-output>
        </test-method> <!-- setUp -->
        <test-method status="PASS" signature="testDivByOne()[pri:0, instance:javatest.com.epam.cdp.testngtests.DoubleDivTest@6d1e7682]" name="testDivByOne" duration-ms="0" started-at="2017-06-23T16:12:43Z" finished-at="2017-06-23T16:12:43Z">
          <reporter-output>
          </reporter-output>
        </test-method> <!-- testDivByOne -->
        <test-method status="PASS" signature="setUp()[pri:0, instance:javatest.com.epam.cdp.testngtests.DoubleDivTest@6d1e7682]" name="setUp" is-config="true" duration-ms="1" started-at="2017-06-23T16:12:43Z" finished-at="2017-06-23T16:12:43Z">
          <reporter-output>
          </reporter-output>
        </test-method> <!-- setUp -->
        <test-method status="PASS" signature="testDivByZero()[pri:0, instance:javatest.com.epam.cdp.testngtests.DoubleDivTest@6d1e7682]" name="testDivByZero" duration-ms="2" started-at="2017-06-23T16:12:43Z" finished-at="2017-06-23T16:12:43Z">
          <exception class="java.lang.NumberFormatException">
            <message>
              <![CDATA[Attempt to divide by zero]]>
            </message>
            <full-stacktrace>
              <![CDATA[java.lang.NumberFormatException: Attempt to divide by zero
	at com.epam.tat.module4.Calculator.div(Calculator.java:34)
	at javatest.com.epam.cdp.testngtests.DoubleDivTest.testDivByZero(DoubleDivTest.java:17)
	at sun.reflect.NativeMethodAccessorImpl.invoke0(Native Method)
	at sun.reflect.NativeMethodAccessorImpl.invoke(NativeMethodAccessorImpl.java:62)
	at sun.reflect.DelegatingMethodAccessorImpl.invoke(DelegatingMethodAccessorImpl.java:43)
	at java.lang.reflect.Method.invoke(Method.java:497)
	at org.testng.internal.MethodInvocationHelper.invokeMethod(MethodInvocationHelper.java:80)
	at org.testng.internal.Invoker.invokeMethod(Invoker.java:714)
	at org.testng.internal.Invoker.invokeTestMethod(Invoker.java:901)
	at org.testng.internal.Invoker.invokeTestMethods(Invoker.java:1231)
	at org.testng.internal.TestMethodWorker.invokeTestMethods(TestMethodWorker.java:127)
	at org.testng.internal.TestMethodWorker.run(TestMethodWorker.java:111)
	at org.testng.TestRunner.privateRun(TestRunner.java:767)
	at org.testng.TestRunner.run(TestRunner.java:617)
	at org.testng.SuiteRunner.runTest(SuiteRunner.java:334)
	at org.testng.SuiteRunner.runSequentially(SuiteRunner.java:329)
	at org.testng.SuiteRunner.privateRun(SuiteRunner.java:291)
	at org.testng.SuiteRunner.run(SuiteRunner.java:240)
	at org.testng.SuiteRunnerWorker.runSuite(SuiteRunnerWorker.java:52)
	at org.testng.SuiteRunnerWorker.run(SuiteRunnerWorker.java:86)
	at org.testng.TestNG.runSuitesSequentially(TestNG.java:1198)
	at org.testng.TestNG.runSuitesSequentially(TestNG.java:1194)
	at org.testng.TestNG.runSuitesLocally(TestNG.java:1123)
	at org.testng.TestNG.run(TestNG.java:1031)
	at javatest.com.epam.cdp.testngtests.TestRunner.main(TestRunner.java:28)
]]>
            </full-stacktrace>
          </exception> <!-- java.lang.NumberFormatException -->
          <reporter-output>
          </reporter-output>
        </test-method> <!-- testDivByZero -->
      </class> <!-- javatest.com.epam.cdp.testngtests.DoubleDivTest -->
      <class name="javatest.com.epam.cdp.testngtests.DoubleSumTest">
        <test-method status="PASS" signature="setUp()[pri:0, instance:javatest.com.epam.cdp.testngtests.DoubleSumTest@555590]" name="setUp" is-config="true" duration-ms="0" started-at="2017-06-23T16:12:43Z" finished-at="2017-06-23T16:12:43Z">
          <reporter-output>
          </reporter-output>
        </test-method> <!-- setUp -->
        <test-method status="PASS" signature="testSum(double, double, double)[pri:0, instance:javatest.com.epam.cdp.testngtests.DoubleSumTest@555590]" name="testSum" duration-ms="0" started-at="2017-06-23T16:12:43Z" data-provider="sumDataProvider" finished-at="2017-06-23T16:12:43Z">
          <params>
            <param index="0">
              <value>
                <![CDATA[2.34]]>
              </value>
            </param>
            <param index="1">
              <value>
                <![CDATA[5.66]]>
              </value>
            </param>
            <param index="2">
              <value>
                <![CDATA[8]]>
              </value>
            </param>
          </params>
          <reporter-output>
          </reporter-output>
        </test-method> <!-- testSum -->
        <test-method status="PASS" signature="setUp()[pri:0, instance:javatest.com.epam.cdp.testngtests.DoubleSumTest@555590]" name="setUp" is-config="true" duration-ms="1" started-at="2017-06-23T16:12:43Z" finished-at="2017-06-23T16:12:43Z">
          <reporter-output>
          </reporter-output>
        </test-method> <!-- setUp -->
        <test-method status="PASS" signature="setUp()[pri:0, instance:javatest.com.epam.cdp.testngtests.DoubleSumTest@555590]" name="setUp" is-config="true" duration-ms="1" started-at="2017-06-23T16:12:43Z" finished-at="2017-06-23T16:12:43Z">
          <reporter-output>
          </reporter-output>
        </test-method> <!-- setUp -->
        <test-method status="PASS" signature="testSum(double, double, double)[pri:0, instance:javatest.com.epam.cdp.testngtests.DoubleSumTest@555590]" name="testSum" duration-ms="0" started-at="2017-06-23T16:12:43Z" data-provider="sumDataProvider" finished-at="2017-06-23T16:12:43Z">
          <params>
            <param index="0">
              <value>
                <![CDATA[4.55]]>
              </value>
            </param>
            <param index="1">
              <value>
                <![CDATA[0]]>
              </value>
            </param>
            <param index="2">
              <value>
                <![CDATA[4.55]]>
              </value>
            </param>
          </params>
          <reporter-output>
          </reporter-output>
        </test-method> <!-- testSum -->
        <test-method status="PASS" signature="setUp()[pri:0, instance:javatest.com.epam.cdp.testngtests.DoubleSumTest@555590]" name="setUp" is-config="true" duration-ms="0" started-at="2017-06-23T16:12:43Z" finished-at="2017-06-23T16:12:43Z">
          <reporter-output>
          </reporter-output>
        </test-method> <!-- setUp -->
        <test-method status="PASS" signature="testSum(double, double, double)[pri:0, instance:javatest.com.epam.cdp.testngtests.DoubleSumTest@555590]" name="testSum" duration-ms="0" started-at="2017-06-23T16:12:43Z" data-provider="sumDataProvider" finished-at="2017-06-23T16:12:43Z">
          <params>
            <param index="0">
              <value>
                <![CDATA[1.23]]>
              </value>
            </param>
            <param index="1">
              <value>
                <![CDATA[4.55]]>
              </value>
            </param>
            <param index="2">
              <value>
                <![CDATA[5.78]]>
              </value>
            </param>
          </params>
          <reporter-output>
          </reporter-output>
        </test-method> <!-- testSum -->
        <test-method status="PASS" signature="testSum(double, double, double)[pri:0, instance:javatest.com.epam.cdp.testngtests.DoubleSumTest@555590]" name="testSum" duration-ms="0" started-at="2017-06-23T16:12:43Z" data-provider="sumDataProvider" finished-at="2017-06-23T16:12:43Z">
          <params>
            <param index="0">
              <value>
                <![CDATA[5.67]]>
              </value>
            </param>
            <param index="1">
              <value>
                <![CDATA[-3]]>
              </value>
            </param>
            <param index="2">
              <value>
                <![CDATA[2.67]]>
              </value>
            </param>
          </params>
          <reporter-output>
          </reporter-output>
        </test-method> <!-- testSum -->
        <test-method status="PASS" signature="setUp()[pri:0, instance:javatest.com.epam.cdp.testngtests.DoubleSumTest@555590]" name="setUp" is-config="true" duration-ms="0" started-at="2017-06-23T16:12:43Z" finished-at="2017-06-23T16:12:43Z">
          <reporter-output>
          </reporter-output>
        </test-method> <!-- setUp -->
        <test-method status="PASS" signature="testSum(double, double, double)[pri:0, instance:javatest.com.epam.cdp.testngtests.DoubleSumTest@555590]" name="testSum" duration-ms="0" started-at="2017-06-23T16:12:43Z" data-provider="sumDataProvider" finished-at="2017-06-23T16:12:43Z">
          <params>
            <param index="0">
              <value>
                <![CDATA[0]]>
              </value>
            </param>
            <param index="1">
              <value>
                <![CDATA[0]]>
              </value>
            </param>
            <param index="2">
              <value>
                <![CDATA[0]]>
              </value>
            </param>
          </params>
          <reporter-output>
          </reporter-output>
        </test-method> <!-- testSum -->
      </class> <!-- javatest.com.epam.cdp.testngtests.DoubleSumTest -->
    </test> <!-- Calculator - CP -->
    <test name="Calculator - all-tests" duration-ms="53" started-at="2017-06-23T23:12:43Z" finished-at="2017-06-23T23:12:43Z">
      <class name="javatest.com.epam.cdp.testngtests.PowSqrtTest">
        <test-method status="PASS" signature="setUp()[pri:0, instance:javatest.com.epam.cdp.testngtests.PowSqrtTest@1c2c22f3]" name="setUp" is-config="true" duration-ms="1" started-at="2017-06-23T16:12:43Z" finished-at="2017-06-23T16:12:43Z">
          <reporter-output>
          </reporter-output>
        </test-method> <!-- setUp -->
        <test-method status="PASS" signature="testPowByDouble()[pri:0, instance:javatest.com.epam.cdp.testngtests.PowSqrtTest@1c2c22f3]" name="testPowByDouble" duration-ms="0" started-at="2017-06-23T16:12:43Z" finished-at="2017-06-23T16:12:43Z">
          <reporter-output>
          </reporter-output>
        </test-method> <!-- testPowByDouble -->
        <test-method status="PASS" signature="setUp()[pri:0, instance:javatest.com.epam.cdp.testngtests.PowSqrtTest@1c2c22f3]" name="setUp" is-config="true" duration-ms="0" started-at="2017-06-23T16:12:43Z" finished-at="2017-06-23T16:12:43Z">
          <reporter-output>
          </reporter-output>
        </test-method> <!-- setUp -->
        <test-method status="PASS" signature="testPowByInt()[pri:0, instance:javatest.com.epam.cdp.testngtests.PowSqrtTest@1c2c22f3]" name="testPowByInt" duration-ms="0" started-at="2017-06-23T16:12:43Z" finished-at="2017-06-23T16:12:43Z">
          <reporter-output>
          </reporter-output>
        </test-method> <!-- testPowByInt -->
        <test-method status="PASS" signature="testPowByNeg()[pri:0, instance:javatest.com.epam.cdp.testngtests.PowSqrtTest@1c2c22f3]" name="testPowByNeg" duration-ms="0" started-at="2017-06-23T16:12:43Z" finished-at="2017-06-23T16:12:43Z">
          <reporter-output>
          </reporter-output>
        </test-method> <!-- testPowByNeg -->
        <test-method status="PASS" signature="setUp()[pri:0, instance:javatest.com.epam.cdp.testngtests.PowSqrtTest@1c2c22f3]" name="setUp" is-config="true" duration-ms="0" started-at="2017-06-23T16:12:43Z" finished-at="2017-06-23T16:12:43Z">
          <reporter-output>
          </reporter-output>
        </test-method> <!-- setUp -->
        <test-method status="PASS" signature="testPowByOne()[pri:0, instance:javatest.com.epam.cdp.testngtests.PowSqrtTest@1c2c22f3]" name="testPowByOne" duration-ms="0" started-at="2017-06-23T16:12:43Z" finished-at="2017-06-23T16:12:43Z">
          <reporter-output>
          </reporter-output>
        </test-method> <!-- testPowByOne -->
        <test-method status="PASS" signature="setUp()[pri:0, instance:javatest.com.epam.cdp.testngtests.PowSqrtTest@1c2c22f3]" name="setUp" is-config="true" duration-ms="1" started-at="2017-06-23T16:12:43Z" finished-at="2017-06-23T16:12:43Z">
          <reporter-output>
          </reporter-output>
        </test-method> <!-- setUp -->
        <test-method status="PASS" signature="setUp()[pri:0, instance:javatest.com.epam.cdp.testngtests.PowSqrtTest@1c2c22f3]" name="setUp" is-config="true" duration-ms="0" started-at="2017-06-23T16:12:43Z" finished-at="2017-06-23T16:12:43Z">
          <reporter-output>
          </reporter-output>
        </test-method> <!-- setUp -->
        <test-method status="PASS" signature="testSqrtOfDouble()[pri:0, instance:javatest.com.epam.cdp.testngtests.PowSqrtTest@1c2c22f3]" name="testSqrtOfDouble" duration-ms="0" started-at="2017-06-23T16:12:43Z" finished-at="2017-06-23T16:12:43Z">
          <reporter-output>
          </reporter-output>
        </test-method> <!-- testSqrtOfDouble -->
        <test-method status="PASS" signature="setUp()[pri:0, instance:javatest.com.epam.cdp.testngtests.PowSqrtTest@1c2c22f3]" name="setUp" is-config="true" duration-ms="0" started-at="2017-06-23T16:12:43Z" finished-at="2017-06-23T16:12:43Z">
          <reporter-output>
          </reporter-output>
        </test-method> <!-- setUp -->
        <test-method status="PASS" signature="testPowByZero()[pri:0, instance:javatest.com.epam.cdp.testngtests.PowSqrtTest@1c2c22f3]" name="testPowByZero" duration-ms="0" started-at="2017-06-23T16:12:43Z" finished-at="2017-06-23T16:12:43Z">
          <reporter-output>
          </reporter-output>
        </test-method> <!-- testPowByZero -->
        <test-method status="PASS" signature="testSqrtOfInt()[pri:0, instance:javatest.com.epam.cdp.testngtests.PowSqrtTest@1c2c22f3]" name="testSqrtOfInt" duration-ms="0" started-at="2017-06-23T16:12:43Z" finished-at="2017-06-23T16:12:43Z">
          <reporter-output>
          </reporter-output>
        </test-method> <!-- testSqrtOfInt -->
        <test-method status="PASS" signature="setUp()[pri:0, instance:javatest.com.epam.cdp.testngtests.PowSqrtTest@1c2c22f3]" name="setUp" is-config="true" duration-ms="0" started-at="2017-06-23T16:12:43Z" finished-at="2017-06-23T16:12:43Z">
          <reporter-output>
          </reporter-output>
        </test-method> <!-- setUp -->
        <test-method status="FAIL" signature="testSqrtOfNeg()[pri:0, instance:javatest.com.epam.cdp.testngtests.PowSqrtTest@1c2c22f3]" name="testSqrtOfNeg" duration-ms="1" started-at="2017-06-23T16:12:43Z" finished-at="2017-06-23T16:12:43Z">
          <exception class="java.lang.AssertionError">
            <message>
              <![CDATA[expected [-1.732] but found [1.732]]]>
            </message>
            <full-stacktrace>
              <![CDATA[java.lang.AssertionError: expected [-1.732] but found [1.732]
	at org.testng.Assert.fail(Assert.java:94)
	at org.testng.Assert.failNotEquals(Assert.java:494)
	at org.testng.Assert.assertEquals(Assert.java:123)
	at org.testng.Assert.assertEquals(Assert.java:165)
	at javatest.com.epam.cdp.testngtests.PowSqrtTest.testSqrtOfNeg(PowSqrtTest.java:69)
	at sun.reflect.NativeMethodAccessorImpl.invoke0(Native Method)
	at sun.reflect.NativeMethodAccessorImpl.invoke(NativeMethodAccessorImpl.java:62)
	at sun.reflect.DelegatingMethodAccessorImpl.invoke(DelegatingMethodAccessorImpl.java:43)
	at java.lang.reflect.Method.invoke(Method.java:497)
	at org.testng.internal.MethodInvocationHelper.invokeMethod(MethodInvocationHelper.java:80)
	at org.testng.internal.Invoker.invokeMethod(Invoker.java:714)
	at org.testng.internal.Invoker.invokeTestMethod(Invoker.java:901)
	at org.testng.internal.Invoker.invokeTestMethods(Invoker.java:1231)
	at org.testng.internal.TestMethodWorker.invokeTestMethods(TestMethodWorker.java:127)
	at org.testng.internal.TestMethodWorker.run(TestMethodWorker.java:111)
	at org.testng.TestRunner.privateRun(TestRunner.java:767)
	at org.testng.TestRunner.run(TestRunner.java:617)
	at org.testng.SuiteRunner.runTest(SuiteRunner.java:334)
	at org.testng.SuiteRunner.runSequentially(SuiteRunner.java:329)
	at org.testng.SuiteRunner.privateRun(SuiteRunner.java:291)
	at org.testng.SuiteRunner.run(SuiteRunner.java:240)
	at org.testng.SuiteRunnerWorker.runSuite(SuiteRunnerWorker.java:52)
	at org.testng.SuiteRunnerWorker.run(SuiteRunnerWorker.java:86)
	at org.testng.TestNG.runSuitesSequentially(TestNG.java:1198)
	at org.testng.TestNG.runSuitesSequentially(TestNG.java:1194)
	at org.testng.TestNG.runSuitesLocally(TestNG.java:1123)
	at org.testng.TestNG.run(TestNG.java:1031)
	at javatest.com.epam.cdp.testngtests.TestRunner.main(TestRunner.java:28)
]]>
            </full-stacktrace>
          </exception> <!-- java.lang.AssertionError -->
          <reporter-output>
          </reporter-output>
        </test-method> <!-- testSqrtOfNeg -->
        <test-method status="PASS" signature="setUp()[pri:0, instance:javatest.com.epam.cdp.testngtests.PowSqrtTest@1c2c22f3]" name="setUp" is-config="true" duration-ms="0" started-at="2017-06-23T16:12:43Z" finished-at="2017-06-23T16:12:43Z">
          <reporter-output>
          </reporter-output>
        </test-method> <!-- setUp -->
        <test-method status="PASS" signature="testSqrtOfOne()[pri:0, instance:javatest.com.epam.cdp.testngtests.PowSqrtTest@1c2c22f3]" name="testSqrtOfOne" duration-ms="0" started-at="2017-06-23T16:12:43Z" finished-at="2017-06-23T16:12:43Z">
          <reporter-output>
          </reporter-output>
        </test-method> <!-- testSqrtOfOne -->
        <test-method status="PASS" signature="setUp()[pri:0, instance:javatest.com.epam.cdp.testngtests.PowSqrtTest@1c2c22f3]" name="setUp" is-config="true" duration-ms="0" started-at="2017-06-23T16:12:43Z" finished-at="2017-06-23T16:12:43Z">
          <reporter-output>
          </reporter-output>
        </test-method> <!-- setUp -->
        <test-method status="PASS" signature="testSqrtOfZero()[pri:0, instance:javatest.com.epam.cdp.testngtests.PowSqrtTest@1c2c22f3]" name="testSqrtOfZero" duration-ms="0" started-at="2017-06-23T16:12:43Z" finished-at="2017-06-23T16:12:43Z">
          <reporter-output>
          </reporter-output>
        </test-method> <!-- testSqrtOfZero -->
        <test-method status="PASS" signature="setUp()[pri:0, instance:javatest.com.epam.cdp.testngtests.PowSqrtTest@1c2c22f3]" name="setUp" is-config="true" duration-ms="0" started-at="2017-06-23T16:12:43Z" finished-at="2017-06-23T16:12:43Z">
          <reporter-output>
          </reporter-output>
        </test-method> <!-- setUp -->
      </class> <!-- javatest.com.epam.cdp.testngtests.PowSqrtTest -->
      <class name="javatest.com.epam.cdp.testngtests.MultTest">
        <test-method status="PASS" signature="setUp()[pri:0, instance:javatest.com.epam.cdp.testngtests.MultTest@18e8568]" name="setUp" is-config="true" duration-ms="1" started-at="2017-06-23T16:12:43Z" finished-at="2017-06-23T16:12:43Z">
          <reporter-output>
          </reporter-output>
        </test-method> <!-- setUp -->
        <test-method status="PASS" signature="DoubleMultTest(double, double, double)[pri:0, instance:javatest.com.epam.cdp.testngtests.MultTest@18e8568]" name="DoubleMultTest" duration-ms="0" started-at="2017-06-23T16:12:43Z" data-provider="doubleDataProvider" finished-at="2017-06-23T16:12:43Z">
          <params>
            <param index="0">
              <value>
                <![CDATA[0]]>
              </value>
            </param>
            <param index="1">
              <value>
                <![CDATA[10.2]]>
              </value>
            </param>
            <param index="2">
              <value>
                <![CDATA[0]]>
              </value>
            </param>
          </params>
          <reporter-output>
          </reporter-output>
        </test-method> <!-- DoubleMultTest -->
        <test-method status="PASS" signature="setUp()[pri:0, instance:javatest.com.epam.cdp.testngtests.MultTest@18e8568]" name="setUp" is-config="true" duration-ms="0" started-at="2017-06-23T16:12:43Z" finished-at="2017-06-23T16:12:43Z">
          <reporter-output>
          </reporter-output>
        </test-method> <!-- setUp -->
        <test-method status="FAIL" signature="DoubleMultTest(double, double, double)[pri:0, instance:javatest.com.epam.cdp.testngtests.MultTest@18e8568]" name="DoubleMultTest" duration-ms="0" started-at="2017-06-23T16:12:43Z" data-provider="doubleDataProvider" finished-at="2017-06-23T16:12:43Z">
          <params>
            <param index="0">
              <value>
                <![CDATA[-1]]>
              </value>
            </param>
            <param index="1">
              <value>
                <![CDATA[0.34]]>
              </value>
            </param>
            <param index="2">
              <value>
                <![CDATA[-0.34]]>
              </value>
            </param>
          </params>
          <exception class="java.lang.AssertionError">
            <message>
              <![CDATA[expected [-0.34] but found [-1.0]]]>
            </message>
            <full-stacktrace>
              <![CDATA[java.lang.AssertionError: expected [-0.34] but found [-1.0]
	at org.testng.Assert.fail(Assert.java:94)
	at org.testng.Assert.failNotEquals(Assert.java:494)
	at org.testng.Assert.assertEquals(Assert.java:123)
	at org.testng.Assert.assertEquals(Assert.java:165)
	at javatest.com.epam.cdp.testngtests.MultTest.DoubleMultTest(MultTest.java:41)
	at sun.reflect.NativeMethodAccessorImpl.invoke0(Native Method)
	at sun.reflect.NativeMethodAccessorImpl.invoke(NativeMethodAccessorImpl.java:62)
	at sun.reflect.DelegatingMethodAccessorImpl.invoke(DelegatingMethodAccessorImpl.java:43)
	at java.lang.reflect.Method.invoke(Method.java:497)
	at org.testng.internal.MethodInvocationHelper.invokeMethod(MethodInvocationHelper.java:80)
	at org.testng.internal.Invoker.invokeMethod(Invoker.java:714)
	at org.testng.internal.Invoker.invokeTestMethod(Invoker.java:901)
	at org.testng.internal.Invoker.invokeTestMethods(Invoker.java:1231)
	at org.testng.internal.TestMethodWorker.invokeTestMethods(TestMethodWorker.java:127)
	at org.testng.internal.TestMethodWorker.run(TestMethodWorker.java:111)
	at org.testng.TestRunner.privateRun(TestRunner.java:767)
	at org.testng.TestRunner.run(TestRunner.java:617)
	at org.testng.SuiteRunner.runTest(SuiteRunner.java:334)
	at org.testng.SuiteRunner.runSequentially(SuiteRunner.java:329)
	at org.testng.SuiteRunner.privateRun(SuiteRunner.java:291)
	at org.testng.SuiteRunner.run(SuiteRunner.java:240)
	at org.testng.SuiteRunnerWorker.runSuite(SuiteRunnerWorker.java:52)
	at org.testng.SuiteRunnerWorker.run(SuiteRunnerWorker.java:86)
	at org.testng.TestNG.runSuitesSequentially(TestNG.java:1198)
	at org.testng.TestNG.runSuitesSequentially(TestNG.java:1194)
	at org.testng.TestNG.runSuitesLocally(TestNG.java:1123)
	at org.testng.TestNG.run(TestNG.java:1031)
	at javatest.com.epam.cdp.testngtests.TestRunner.main(TestRunner.java:28)
]]>
            </full-stacktrace>
          </exception> <!-- java.lang.AssertionError -->
          <reporter-output>
          </reporter-output>
        </test-method> <!-- DoubleMultTest -->
        <test-method status="PASS" signature="DoubleMultTest(double, double, double)[pri:0, instance:javatest.com.epam.cdp.testngtests.MultTest@18e8568]" name="DoubleMultTest" duration-ms="0" started-at="2017-06-23T16:12:43Z" data-provider="doubleDataProvider" finished-at="2017-06-23T16:12:43Z">
          <params>
            <param index="0">
              <value>
                <![CDATA[0.25]]>
              </value>
            </param>
            <param index="1">
              <value>
                <![CDATA[5]]>
              </value>
            </param>
            <param index="2">
              <value>
                <![CDATA[1]]>
              </value>
            </param>
          </params>
          <reporter-output>
          </reporter-output>
        </test-method> <!-- DoubleMultTest -->
        <test-method status="PASS" signature="setUp()[pri:0, instance:javatest.com.epam.cdp.testngtests.MultTest@18e8568]" name="setUp" is-config="true" duration-ms="0" started-at="2017-06-23T16:12:43Z" finished-at="2017-06-23T16:12:43Z">
          <reporter-output>
          </reporter-output>
        </test-method> <!-- setUp -->
        <test-method status="PASS" signature="DoubleMultTest(double, double, double)[pri:0, instance:javatest.com.epam.cdp.testngtests.MultTest@18e8568]" name="DoubleMultTest" duration-ms="0" started-at="2017-06-23T16:12:43Z" data-provider="doubleDataProvider" finished-at="2017-06-23T16:12:43Z">
          <params>
            <param index="0">
              <value>
                <![CDATA[0.25]]>
              </value>
            </param>
            <param index="1">
              <value>
                <![CDATA[100]]>
              </value>
            </param>
            <param index="2">
              <value>
                <![CDATA[25]]>
              </value>
            </param>
          </params>
          <reporter-output>
          </reporter-output>
        </test-method> <!-- DoubleMultTest -->
        <test-method status="PASS" signature="setUp()[pri:0, instance:javatest.com.epam.cdp.testngtests.MultTest@18e8568]" name="setUp" is-config="true" duration-ms="0" started-at="2017-06-23T16:12:43Z" finished-at="2017-06-23T16:12:43Z">
          <reporter-output>
          </reporter-output>
        </test-method> <!-- setUp -->
        <test-method status="PASS" signature="setUp()[pri:0, instance:javatest.com.epam.cdp.testngtests.MultTest@18e8568]" name="setUp" is-config="true" duration-ms="0" started-at="2017-06-23T16:12:43Z" finished-at="2017-06-23T16:12:43Z">
          <reporter-output>
          </reporter-output>
        </test-method> <!-- setUp -->
        <test-method status="PASS" signature="LongMultTest(long, long, long)[pri:0, instance:javatest.com.epam.cdp.testngtests.MultTest@18e8568]" name="LongMultTest" duration-ms="0" started-at="2017-06-23T16:12:43Z" data-provider="longDataProvider" finished-at="2017-06-23T16:12:43Z">
          <params>
            <param index="0">
              <value>
                <![CDATA[0]]>
              </value>
            </param>
            <param index="1">
              <value>
                <![CDATA[100]]>
              </value>
            </param>
            <param index="2">
              <value>
                <![CDATA[0]]>
              </value>
            </param>
          </params>
          <reporter-output>
          </reporter-output>
        </test-method> <!-- LongMultTest -->
        <test-method status="PASS" signature="setUp()[pri:0, instance:javatest.com.epam.cdp.testngtests.MultTest@18e8568]" name="setUp" is-config="true" duration-ms="0" started-at="2017-06-23T16:12:43Z" finished-at="2017-06-23T16:12:43Z">
          <reporter-output>
          </reporter-output>
        </test-method> <!-- setUp -->
        <test-method status="PASS" signature="LongMultTest(long, long, long)[pri:0, instance:javatest.com.epam.cdp.testngtests.MultTest@18e8568]" name="LongMultTest" duration-ms="1" started-at="2017-06-23T16:12:43Z" data-provider="longDataProvider" finished-at="2017-06-23T16:12:43Z">
          <params>
            <param index="0">
              <value>
                <![CDATA[-100]]>
              </value>
            </param>
            <param index="1">
              <value>
                <![CDATA[25]]>
              </value>
            </param>
            <param index="2">
              <value>
                <![CDATA[-2500]]>
              </value>
            </param>
          </params>
          <reporter-output>
          </reporter-output>
        </test-method> <!-- LongMultTest -->
        <test-method status="PASS" signature="setUp()[pri:0, instance:javatest.com.epam.cdp.testngtests.MultTest@18e8568]" name="setUp" is-config="true" duration-ms="0" started-at="2017-06-23T16:12:43Z" finished-at="2017-06-23T16:12:43Z">
          <reporter-output>
          </reporter-output>
        </test-method> <!-- setUp -->
        <test-method status="PASS" signature="setUp()[pri:0, instance:javatest.com.epam.cdp.testngtests.MultTest@18e8568]" name="setUp" is-config="true" duration-ms="0" started-at="2017-06-23T16:12:43Z" finished-at="2017-06-23T16:12:43Z">
          <reporter-output>
          </reporter-output>
        </test-method> <!-- setUp -->
        <test-method status="PASS" signature="LongMultTest(long, long, long)[pri:0, instance:javatest.com.epam.cdp.testngtests.MultTest@18e8568]" name="LongMultTest" duration-ms="1" started-at="2017-06-23T16:12:43Z" data-provider="longDataProvider" finished-at="2017-06-23T16:12:43Z">
          <params>
            <param index="0">
              <value>
                <![CDATA[1]]>
              </value>
            </param>
            <param index="1">
              <value>
                <![CDATA[500]]>
              </value>
            </param>
            <param index="2">
              <value>
                <![CDATA[500]]>
              </value>
            </param>
          </params>
          <reporter-output>
          </reporter-output>
        </test-method> <!-- LongMultTest -->
        <test-method status="PASS" signature="LongMultTest(long, long, long)[pri:0, instance:javatest.com.epam.cdp.testngtests.MultTest@18e8568]" name="LongMultTest" duration-ms="0" started-at="2017-06-23T16:12:43Z" data-provider="longDataProvider" finished-at="2017-06-23T16:12:43Z">
          <params>
            <param index="0">
              <value>
                <![CDATA[200]]>
              </value>
            </param>
            <param index="1">
              <value>
                <![CDATA[0]]>
              </value>
            </param>
            <param index="2">
              <value>
                <![CDATA[0]]>
              </value>
            </param>
          </params>
          <reporter-output>
          </reporter-output>
        </test-method> <!-- LongMultTest -->
        <test-method status="PASS" signature="LongMultTest(long, long, long)[pri:0, instance:javatest.com.epam.cdp.testngtests.MultTest@18e8568]" name="LongMultTest" duration-ms="0" started-at="2017-06-23T16:12:43Z" data-provider="longDataProvider" finished-at="2017-06-23T16:12:43Z">
          <params>
            <param index="0">
              <value>
                <![CDATA[1000]]>
              </value>
            </param>
            <param index="1">
              <value>
                <![CDATA[3000]]>
              </value>
            </param>
            <param index="2">
              <value>
                <![CDATA[3000000]]>
              </value>
            </param>
          </params>
          <reporter-output>
          </reporter-output>
        </test-method> <!-- LongMultTest -->
        <test-method status="PASS" signature="setUp()[pri:0, instance:javatest.com.epam.cdp.testngtests.MultTest@18e8568]" name="setUp" is-config="true" duration-ms="0" started-at="2017-06-23T16:12:43Z" finished-at="2017-06-23T16:12:43Z">
          <reporter-output>
          </reporter-output>
        </test-method> <!-- setUp -->
      </class> <!-- javatest.com.epam.cdp.testngtests.MultTest -->
      <class name="javatest.com.epam.cdp.testngtests.LongSumTest">
        <test-method status="PASS" signature="afterMethod()[pri:0, instance:javatest.com.epam.cdp.testngtests.LongSumTest@66133adc]" name="afterMethod" is-config="true" duration-ms="0" started-at="2017-06-23T16:12:43Z" finished-at="2017-06-23T16:12:43Z">
          <reporter-output>
          </reporter-output>
        </test-method> <!-- afterMethod -->
        <test-method status="PASS" signature="testSum(long, long, long)[pri:0, instance:javatest.com.epam.cdp.testngtests.LongSumTest@66133adc]" name="testSum" duration-ms="0" started-at="2017-06-23T16:12:43Z" data-provider="sumDataProvider" finished-at="2017-06-23T16:12:43Z">
          <params>
            <param index="0">
              <value>
                <![CDATA[1000]]>
              </value>
            </param>
            <param index="1">
              <value>
                <![CDATA[3500]]>
              </value>
            </param>
            <param index="2">
              <value>
                <![CDATA[4500]]>
              </value>
            </param>
          </params>
          <reporter-output>
          </reporter-output>
        </test-method> <!-- testSum -->
        <test-method status="PASS" signature="setUp()[pri:0, instance:javatest.com.epam.cdp.testngtests.LongSumTest@66133adc]" name="setUp" is-config="true" duration-ms="1" started-at="2017-06-23T16:12:43Z" finished-at="2017-06-23T16:12:43Z">
          <reporter-output>
          </reporter-output>
        </test-method> <!-- setUp -->
        <test-method status="PASS" signature="setUp()[pri:0, instance:javatest.com.epam.cdp.testngtests.LongSumTest@66133adc]" name="setUp" is-config="true" duration-ms="0" started-at="2017-06-23T16:12:43Z" finished-at="2017-06-23T16:12:43Z">
          <reporter-output>
          </reporter-output>
        </test-method> <!-- setUp -->
        <test-method status="PASS" signature="testSum(long, long, long)[pri:0, instance:javatest.com.epam.cdp.testngtests.LongSumTest@66133adc]" name="testSum" duration-ms="1" started-at="2017-06-23T16:12:43Z" data-provider="sumDataProvider" finished-at="2017-06-23T16:12:43Z">
          <params>
            <param index="0">
              <value>
                <![CDATA[-100]]>
              </value>
            </param>
            <param index="1">
              <value>
                <![CDATA[250]]>
              </value>
            </param>
            <param index="2">
              <value>
                <![CDATA[150]]>
              </value>
            </param>
          </params>
          <reporter-output>
          </reporter-output>
        </test-method> <!-- testSum -->
        <test-method status="PASS" signature="afterMethod()[pri:0, instance:javatest.com.epam.cdp.testngtests.LongSumTest@66133adc]" name="afterMethod" is-config="true" duration-ms="1" started-at="2017-06-23T16:12:43Z" finished-at="2017-06-23T16:12:43Z">
          <reporter-output>
          </reporter-output>
        </test-method> <!-- afterMethod -->
        <test-method status="PASS" signature="afterMethod()[pri:0, instance:javatest.com.epam.cdp.testngtests.LongSumTest@66133adc]" name="afterMethod" is-config="true" duration-ms="0" started-at="2017-06-23T16:12:43Z" finished-at="2017-06-23T16:12:43Z">
          <reporter-output>
          </reporter-output>
        </test-method> <!-- afterMethod -->
        <test-method status="PASS" signature="testSum(long, long, long)[pri:0, instance:javatest.com.epam.cdp.testngtests.LongSumTest@66133adc]" name="testSum" duration-ms="0" started-at="2017-06-23T16:12:43Z" data-provider="sumDataProvider" finished-at="2017-06-23T16:12:43Z">
          <params>
            <param index="0">
              <value>
                <![CDATA[0]]>
              </value>
            </param>
            <param index="1">
              <value>
                <![CDATA[0]]>
              </value>
            </param>
            <param index="2">
              <value>
                <![CDATA[0]]>
              </value>
            </param>
          </params>
          <reporter-output>
          </reporter-output>
        </test-method> <!-- testSum -->
        <test-method status="PASS" signature="setUp()[pri:0, instance:javatest.com.epam.cdp.testngtests.LongSumTest@66133adc]" name="setUp" is-config="true" duration-ms="1" started-at="2017-06-23T16:12:43Z" finished-at="2017-06-23T16:12:43Z">
          <reporter-output>
          </reporter-output>
        </test-method> <!-- setUp -->
        <test-method status="PASS" signature="setUp()[pri:0, instance:javatest.com.epam.cdp.testngtests.LongSumTest@66133adc]" name="setUp" is-config="true" duration-ms="0" started-at="2017-06-23T16:12:43Z" finished-at="2017-06-23T16:12:43Z">
          <reporter-output>
          </reporter-output>
        </test-method> <!-- setUp -->
        <test-method status="PASS" signature="testSum(long, long, long)[pri:0, instance:javatest.com.epam.cdp.testngtests.LongSumTest@66133adc]" name="testSum" duration-ms="0" started-at="2017-06-23T16:12:43Z" data-provider="sumDataProvider" finished-at="2017-06-23T16:12:43Z">
          <params>
            <param index="0">
              <value>
                <![CDATA[100]]>
              </value>
            </param>
            <param index="1">
              <value>
                <![CDATA[-100]]>
              </value>
            </param>
            <param index="2">
              <value>
                <![CDATA[0]]>
              </value>
            </param>
          </params>
          <reporter-output>
          </reporter-output>
        </test-method> <!-- testSum -->
        <test-method status="PASS" signature="setUp()[pri:0, instance:javatest.com.epam.cdp.testngtests.LongSumTest@66133adc]" name="setUp" is-config="true" duration-ms="0" started-at="2017-06-23T16:12:43Z" finished-at="2017-06-23T16:12:43Z">
          <reporter-output>
          </reporter-output>
        </test-method> <!-- setUp -->
        <test-method status="PASS" signature="afterMethod()[pri:0, instance:javatest.com.epam.cdp.testngtests.LongSumTest@66133adc]" name="afterMethod" is-config="true" duration-ms="0" started-at="2017-06-23T16:12:43Z" finished-at="2017-06-23T16:12:43Z">
          <reporter-output>
          </reporter-output>
        </test-method> <!-- afterMethod -->
        <test-method status="PASS" signature="testSum(long, long, long)[pri:0, instance:javatest.com.epam.cdp.testngtests.LongSumTest@66133adc]" name="testSum" duration-ms="1" started-at="2017-06-23T16:12:43Z" data-provider="sumDataProvider" finished-at="2017-06-23T16:12:43Z">
          <params>
            <param index="0">
              <value>
                <![CDATA[300]]>
              </value>
            </param>
            <param index="1">
              <value>
                <![CDATA[0]]>
              </value>
            </param>
            <param index="2">
              <value>
                <![CDATA[300]]>
              </value>
            </param>
          </params>
          <reporter-output>
          </reporter-output>
        </test-method> <!-- testSum -->
        <test-method status="PASS" signature="afterMethod()[pri:0, instance:javatest.com.epam.cdp.testngtests.LongSumTest@66133adc]" name="afterMethod" is-config="true" duration-ms="0" started-at="2017-06-23T16:12:43Z" finished-at="2017-06-23T16:12:43Z">
          <reporter-output>
          </reporter-output>
        </test-method> <!-- afterMethod -->
      </class> <!-- javatest.com.epam.cdp.testngtests.LongSumTest -->
      <class name="javatest.com.epam.cdp.testngtests.LongDivTest">
        <test-method status="PASS" signature="setUp()[pri:0, instance:javatest.com.epam.cdp.testngtests.LongDivTest@42f30e0a]" name="setUp" is-config="true" duration-ms="0" started-at="2017-06-23T16:12:43Z" finished-at="2017-06-23T16:12:43Z">
          <reporter-output>
          </reporter-output>
        </test-method> <!-- setUp -->
        <test-method status="FAIL" signature="testDivByInt()[pri:0, instance:javatest.com.epam.cdp.testngtests.LongDivTest@42f30e0a]" name="testDivByInt" duration-ms="0" started-at="2017-06-23T16:12:43Z" finished-at="2017-06-23T16:12:43Z">
          <exception class="java.lang.AssertionError">
            <message>
              <![CDATA[expected [75] but found [75.0]]]>
            </message>
            <full-stacktrace>
              <![CDATA[java.lang.AssertionError: expected [75] but found [75.0]
	at org.testng.Assert.fail(Assert.java:94)
	at org.testng.Assert.failNotEquals(Assert.java:494)
	at org.testng.Assert.assertEquals(Assert.java:123)
	at org.testng.Assert.assertEquals(Assert.java:165)
	at javatest.com.epam.cdp.testngtests.LongDivTest.testDivByInt(LongDivTest.java:24)
	at sun.reflect.NativeMethodAccessorImpl.invoke0(Native Method)
	at sun.reflect.NativeMethodAccessorImpl.invoke(NativeMethodAccessorImpl.java:62)
	at sun.reflect.DelegatingMethodAccessorImpl.invoke(DelegatingMethodAccessorImpl.java:43)
	at java.lang.reflect.Method.invoke(Method.java:497)
	at org.testng.internal.MethodInvocationHelper.invokeMethod(MethodInvocationHelper.java:80)
	at org.testng.internal.Invoker.invokeMethod(Invoker.java:714)
	at org.testng.internal.Invoker.invokeTestMethod(Invoker.java:901)
	at org.testng.internal.Invoker.invokeTestMethods(Invoker.java:1231)
	at org.testng.internal.TestMethodWorker.invokeTestMethods(TestMethodWorker.java:127)
	at org.testng.internal.TestMethodWorker.run(TestMethodWorker.java:111)
	at org.testng.TestRunner.privateRun(TestRunner.java:767)
	at org.testng.TestRunner.run(TestRunner.java:617)
	at org.testng.SuiteRunner.runTest(SuiteRunner.java:334)
	at org.testng.SuiteRunner.runSequentially(SuiteRunner.java:329)
	at org.testng.SuiteRunner.privateRun(SuiteRunner.java:291)
	at org.testng.SuiteRunner.run(SuiteRunner.java:240)
	at org.testng.SuiteRunnerWorker.runSuite(SuiteRunnerWorker.java:52)
	at org.testng.SuiteRunnerWorker.run(SuiteRunnerWorker.java:86)
	at org.testng.TestNG.runSuitesSequentially(TestNG.java:1198)
	at org.testng.TestNG.runSuitesSequentially(TestNG.java:1194)
	at org.testng.TestNG.runSuitesLocally(TestNG.java:1123)
	at org.testng.TestNG.run(TestNG.java:1031)
	at javatest.com.epam.cdp.testngtests.TestRunner.main(TestRunner.java:28)
]]>
            </full-stacktrace>
          </exception> <!-- java.lang.AssertionError -->
          <reporter-output>
          </reporter-output>
        </test-method> <!-- testDivByInt -->
        <test-method status="PASS" signature="setUp()[pri:0, instance:javatest.com.epam.cdp.testngtests.LongDivTest@42f30e0a]" name="setUp" is-config="true" duration-ms="1" started-at="2017-06-23T16:12:43Z" finished-at="2017-06-23T16:12:43Z">
          <reporter-output>
          </reporter-output>
        </test-method> <!-- setUp -->
        <test-method status="PASS" signature="setUp()[pri:0, instance:javatest.com.epam.cdp.testngtests.LongDivTest@42f30e0a]" name="setUp" is-config="true" duration-ms="1" started-at="2017-06-23T16:12:43Z" finished-at="2017-06-23T16:12:43Z">
          <reporter-output>
          </reporter-output>
        </test-method> <!-- setUp -->
        <test-method status="FAIL" signature="testDivByLong()[pri:0, instance:javatest.com.epam.cdp.testngtests.LongDivTest@42f30e0a]" name="testDivByLong" duration-ms="0" started-at="2017-06-23T16:12:43Z" finished-at="2017-06-23T16:12:43Z">
          <exception class="java.lang.AssertionError">
            <message>
              <![CDATA[expected [1.33] but found [1.0]]]>
            </message>
            <full-stacktrace>
              <![CDATA[java.lang.AssertionError: expected [1.33] but found [1.0]
	at org.testng.Assert.fail(Assert.java:94)
	at org.testng.Assert.failNotEquals(Assert.java:494)
	at org.testng.Assert.assertEquals(Assert.java:123)
	at org.testng.Assert.assertEquals(Assert.java:165)
	at javatest.com.epam.cdp.testngtests.LongDivTest.testDivByLong(LongDivTest.java:30)
	at sun.reflect.NativeMethodAccessorImpl.invoke0(Native Method)
	at sun.reflect.NativeMethodAccessorImpl.invoke(NativeMethodAccessorImpl.java:62)
	at sun.reflect.DelegatingMethodAccessorImpl.invoke(DelegatingMethodAccessorImpl.java:43)
	at java.lang.reflect.Method.invoke(Method.java:497)
	at org.testng.internal.MethodInvocationHelper.invokeMethod(MethodInvocationHelper.java:80)
	at org.testng.internal.Invoker.invokeMethod(Invoker.java:714)
	at org.testng.internal.Invoker.invokeTestMethod(Invoker.java:901)
	at org.testng.internal.Invoker.invokeTestMethods(Invoker.java:1231)
	at org.testng.internal.TestMethodWorker.invokeTestMethods(TestMethodWorker.java:127)
	at org.testng.internal.TestMethodWorker.run(TestMethodWorker.java:111)
	at org.testng.TestRunner.privateRun(TestRunner.java:767)
	at org.testng.TestRunner.run(TestRunner.java:617)
	at org.testng.SuiteRunner.runTest(SuiteRunner.java:334)
	at org.testng.SuiteRunner.runSequentially(SuiteRunner.java:329)
	at org.testng.SuiteRunner.privateRun(SuiteRunner.java:291)
	at org.testng.SuiteRunner.run(SuiteRunner.java:240)
	at org.testng.SuiteRunnerWorker.runSuite(SuiteRunnerWorker.java:52)
	at org.testng.SuiteRunnerWorker.run(SuiteRunnerWorker.java:86)
	at org.testng.TestNG.runSuitesSequentially(TestNG.java:1198)
	at org.testng.TestNG.runSuitesSequentially(TestNG.java:1194)
	at org.testng.TestNG.runSuitesLocally(TestNG.java:1123)
	at org.testng.TestNG.run(TestNG.java:1031)
	at javatest.com.epam.cdp.testngtests.TestRunner.main(TestRunner.java:28)
]]>
            </full-stacktrace>
          </exception> <!-- java.lang.AssertionError -->
          <reporter-output>
          </reporter-output>
        </test-method> <!-- testDivByLong -->
        <test-method status="PASS" signature="setUp()[pri:0, instance:javatest.com.epam.cdp.testngtests.LongDivTest@42f30e0a]" name="setUp" is-config="true" duration-ms="0" started-at="2017-06-23T16:12:43Z" finished-at="2017-06-23T16:12:43Z">
          <reporter-output>
          </reporter-output>
        </test-method> <!-- setUp -->
        <test-method status="PASS" signature="testDivByNeg()[pri:0, instance:javatest.com.epam.cdp.testngtests.LongDivTest@42f30e0a]" name="testDivByNeg" duration-ms="0" started-at="2017-06-23T16:12:43Z" finished-at="2017-06-23T16:12:43Z">
          <reporter-output>
          </reporter-output>
        </test-method> <!-- testDivByNeg -->
        <test-method status="FAIL" signature="testDivByOne()[pri:0, instance:javatest.com.epam.cdp.testngtests.LongDivTest@42f30e0a]" name="testDivByOne" duration-ms="1" started-at="2017-06-23T16:12:43Z" finished-at="2017-06-23T16:12:43Z">
          <exception class="java.lang.AssertionError">
            <message>
              <![CDATA[expected [340] but found [340.0]]]>
            </message>
            <full-stacktrace>
              <![CDATA[java.lang.AssertionError: expected [340] but found [340.0]
	at org.testng.Assert.fail(Assert.java:94)
	at org.testng.Assert.failNotEquals(Assert.java:494)
	at org.testng.Assert.assertEquals(Assert.java:123)
	at org.testng.Assert.assertEquals(Assert.java:165)
	at javatest.com.epam.cdp.testngtests.LongDivTest.testDivByOne(LongDivTest.java:18)
	at sun.reflect.NativeMethodAccessorImpl.invoke0(Native Method)
	at sun.reflect.NativeMethodAccessorImpl.invoke(NativeMethodAccessorImpl.java:62)
	at sun.reflect.DelegatingMethodAccessorImpl.invoke(DelegatingMethodAccessorImpl.java:43)
	at java.lang.reflect.Method.invoke(Method.java:497)
	at org.testng.internal.MethodInvocationHelper.invokeMethod(MethodInvocationHelper.java:80)
	at org.testng.internal.Invoker.invokeMethod(Invoker.java:714)
	at org.testng.internal.Invoker.invokeTestMethod(Invoker.java:901)
	at org.testng.internal.Invoker.invokeTestMethods(Invoker.java:1231)
	at org.testng.internal.TestMethodWorker.invokeTestMethods(TestMethodWorker.java:127)
	at org.testng.internal.TestMethodWorker.run(TestMethodWorker.java:111)
	at org.testng.TestRunner.privateRun(TestRunner.java:767)
	at org.testng.TestRunner.run(TestRunner.java:617)
	at org.testng.SuiteRunner.runTest(SuiteRunner.java:334)
	at org.testng.SuiteRunner.runSequentially(SuiteRunner.java:329)
	at org.testng.SuiteRunner.privateRun(SuiteRunner.java:291)
	at org.testng.SuiteRunner.run(SuiteRunner.java:240)
	at org.testng.SuiteRunnerWorker.runSuite(SuiteRunnerWorker.java:52)
	at org.testng.SuiteRunnerWorker.run(SuiteRunnerWorker.java:86)
	at org.testng.TestNG.runSuitesSequentially(TestNG.java:1198)
	at org.testng.TestNG.runSuitesSequentially(TestNG.java:1194)
	at org.testng.TestNG.runSuitesLocally(TestNG.java:1123)
	at org.testng.TestNG.run(TestNG.java:1031)
	at javatest.com.epam.cdp.testngtests.TestRunner.main(TestRunner.java:28)
]]>
            </full-stacktrace>
          </exception> <!-- java.lang.AssertionError -->
          <reporter-output>
          </reporter-output>
        </test-method> <!-- testDivByOne -->
        <test-method status="PASS" signature="testDivByZero()[pri:0, instance:javatest.com.epam.cdp.testngtests.LongDivTest@42f30e0a]" name="testDivByZero" duration-ms="0" started-at="2017-06-23T16:12:43Z" finished-at="2017-06-23T16:12:43Z">
          <exception class="java.lang.NumberFormatException">
            <message>
              <![CDATA[Attempt to divide by zero]]>
            </message>
            <full-stacktrace>
              <![CDATA[java.lang.NumberFormatException: Attempt to divide by zero
	at com.epam.tat.module4.Calculator.div(Calculator.java:34)
	at javatest.com.epam.cdp.testngtests.LongDivTest.testDivByZero(LongDivTest.java:12)
	at sun.reflect.NativeMethodAccessorImpl.invoke0(Native Method)
	at sun.reflect.NativeMethodAccessorImpl.invoke(NativeMethodAccessorImpl.java:62)
	at sun.reflect.DelegatingMethodAccessorImpl.invoke(DelegatingMethodAccessorImpl.java:43)
	at java.lang.reflect.Method.invoke(Method.java:497)
	at org.testng.internal.MethodInvocationHelper.invokeMethod(MethodInvocationHelper.java:80)
	at org.testng.internal.Invoker.invokeMethod(Invoker.java:714)
	at org.testng.internal.Invoker.invokeTestMethod(Invoker.java:901)
	at org.testng.internal.Invoker.invokeTestMethods(Invoker.java:1231)
	at org.testng.internal.TestMethodWorker.invokeTestMethods(TestMethodWorker.java:127)
	at org.testng.internal.TestMethodWorker.run(TestMethodWorker.java:111)
	at org.testng.TestRunner.privateRun(TestRunner.java:767)
	at org.testng.TestRunner.run(TestRunner.java:617)
	at org.testng.SuiteRunner.runTest(SuiteRunner.java:334)
	at org.testng.SuiteRunner.runSequentially(SuiteRunner.java:329)
	at org.testng.SuiteRunner.privateRun(SuiteRunner.java:291)
	at org.testng.SuiteRunner.run(SuiteRunner.java:240)
	at org.testng.SuiteRunnerWorker.runSuite(SuiteRunnerWorker.java:52)
	at org.testng.SuiteRunnerWorker.run(SuiteRunnerWorker.java:86)
	at org.testng.TestNG.runSuitesSequentially(TestNG.java:1198)
	at org.testng.TestNG.runSuitesSequentially(TestNG.java:1194)
	at org.testng.TestNG.runSuitesLocally(TestNG.java:1123)
	at org.testng.TestNG.run(TestNG.java:1031)
	at javatest.com.epam.cdp.testngtests.TestRunner.main(TestRunner.java:28)
]]>
            </full-stacktrace>
          </exception> <!-- java.lang.NumberFormatException -->
          <reporter-output>
          </reporter-output>
        </test-method> <!-- testDivByZero -->
        <test-method status="PASS" signature="setUp()[pri:0, instance:javatest.com.epam.cdp.testngtests.LongDivTest@42f30e0a]" name="setUp" is-config="true" duration-ms="0" started-at="2017-06-23T16:12:43Z" finished-at="2017-06-23T16:12:43Z">
          <reporter-output>
          </reporter-output>
        </test-method> <!-- setUp -->
      </class> <!-- javatest.com.epam.cdp.testngtests.LongDivTest -->
      <class name="javatest.com.epam.cdp.testngtests.DoubleDivTest">
        <test-method status="PASS" signature="setUp()[pri:0, instance:javatest.com.epam.cdp.testngtests.DoubleDivTest@24273305]" name="setUp" is-config="true" duration-ms="0" started-at="2017-06-23T16:12:43Z" finished-at="2017-06-23T16:12:43Z">
          <reporter-output>
          </reporter-output>
        </test-method> <!-- setUp -->
        <test-method status="PASS" signature="testDivByOne()[pri:0, instance:javatest.com.epam.cdp.testngtests.DoubleDivTest@24273305]" name="testDivByOne" duration-ms="0" started-at="2017-06-23T16:12:43Z" finished-at="2017-06-23T16:12:43Z">
          <reporter-output>
          </reporter-output>
        </test-method> <!-- testDivByOne -->
        <test-method status="PASS" signature="setUp()[pri:0, instance:javatest.com.epam.cdp.testngtests.DoubleDivTest@24273305]" name="setUp" is-config="true" duration-ms="0" started-at="2017-06-23T16:12:43Z" finished-at="2017-06-23T16:12:43Z">
          <reporter-output>
          </reporter-output>
        </test-method> <!-- setUp -->
        <test-method status="PASS" signature="testDivByZero()[pri:0, instance:javatest.com.epam.cdp.testngtests.DoubleDivTest@24273305]" name="testDivByZero" duration-ms="0" started-at="2017-06-23T16:12:43Z" finished-at="2017-06-23T16:12:43Z">
          <exception class="java.lang.NumberFormatException">
            <message>
              <![CDATA[Attempt to divide by zero]]>
            </message>
            <full-stacktrace>
              <![CDATA[java.lang.NumberFormatException: Attempt to divide by zero
	at com.epam.tat.module4.Calculator.div(Calculator.java:34)
	at javatest.com.epam.cdp.testngtests.DoubleDivTest.testDivByZero(DoubleDivTest.java:17)
	at sun.reflect.NativeMethodAccessorImpl.invoke0(Native Method)
	at sun.reflect.NativeMethodAccessorImpl.invoke(NativeMethodAccessorImpl.java:62)
	at sun.reflect.DelegatingMethodAccessorImpl.invoke(DelegatingMethodAccessorImpl.java:43)
	at java.lang.reflect.Method.invoke(Method.java:497)
	at org.testng.internal.MethodInvocationHelper.invokeMethod(MethodInvocationHelper.java:80)
	at org.testng.internal.Invoker.invokeMethod(Invoker.java:714)
	at org.testng.internal.Invoker.invokeTestMethod(Invoker.java:901)
	at org.testng.internal.Invoker.invokeTestMethods(Invoker.java:1231)
	at org.testng.internal.TestMethodWorker.invokeTestMethods(TestMethodWorker.java:127)
	at org.testng.internal.TestMethodWorker.run(TestMethodWorker.java:111)
	at org.testng.TestRunner.privateRun(TestRunner.java:767)
	at org.testng.TestRunner.run(TestRunner.java:617)
	at org.testng.SuiteRunner.runTest(SuiteRunner.java:334)
	at org.testng.SuiteRunner.runSequentially(SuiteRunner.java:329)
	at org.testng.SuiteRunner.privateRun(SuiteRunner.java:291)
	at org.testng.SuiteRunner.run(SuiteRunner.java:240)
	at org.testng.SuiteRunnerWorker.runSuite(SuiteRunnerWorker.java:52)
	at org.testng.SuiteRunnerWorker.run(SuiteRunnerWorker.java:86)
	at org.testng.TestNG.runSuitesSequentially(TestNG.java:1198)
	at org.testng.TestNG.runSuitesSequentially(TestNG.java:1194)
	at org.testng.TestNG.runSuitesLocally(TestNG.java:1123)
	at org.testng.TestNG.run(TestNG.java:1031)
	at javatest.com.epam.cdp.testngtests.TestRunner.main(TestRunner.java:28)
]]>
            </full-stacktrace>
          </exception> <!-- java.lang.NumberFormatException -->
          <reporter-output>
          </reporter-output>
        </test-method> <!-- testDivByZero -->
      </class> <!-- javatest.com.epam.cdp.testngtests.DoubleDivTest -->
      <class name="javatest.com.epam.cdp.testngtests.SubTest">
        <test-method status="PASS" signature="setUp()[pri:0, instance:javatest.com.epam.cdp.testngtests.SubTest@7bfcd12c]" name="setUp" is-config="true" duration-ms="1" started-at="2017-06-23T16:12:43Z" finished-at="2017-06-23T16:12:43Z">
          <reporter-output>
          </reporter-output>
        </test-method> <!-- setUp -->
        <test-method status="PASS" signature="doubleSub(double, double, double)[pri:0, instance:javatest.com.epam.cdp.testngtests.SubTest@7bfcd12c]" name="doubleSub" duration-ms="0" started-at="2017-06-23T16:12:43Z" data-provider="doubleDataProvider" finished-at="2017-06-23T16:12:43Z">
          <params>
            <param index="0">
              <value>
                <![CDATA[2.34789]]>
              </value>
            </param>
            <param index="1">
              <value>
                <![CDATA[5.6600099]]>
              </value>
            </param>
            <param index="2">
              <value>
                <![CDATA[-3.3121199]]>
              </value>
            </param>
          </params>
          <reporter-output>
          </reporter-output>
        </test-method> <!-- doubleSub -->
        <test-method status="PASS" signature="setUp()[pri:0, instance:javatest.com.epam.cdp.testngtests.SubTest@7bfcd12c]" name="setUp" is-config="true" duration-ms="1" started-at="2017-06-23T16:12:43Z" finished-at="2017-06-23T16:12:43Z">
          <reporter-output>
          </reporter-output>
        </test-method> <!-- setUp -->
        <test-method status="PASS" signature="setUp()[pri:0, instance:javatest.com.epam.cdp.testngtests.SubTest@7bfcd12c]" name="setUp" is-config="true" duration-ms="0" started-at="2017-06-23T16:12:43Z" finished-at="2017-06-23T16:12:43Z">
          <reporter-output>
          </reporter-output>
        </test-method> <!-- setUp -->
        <test-method status="PASS" signature="doubleSub(double, double, double)[pri:0, instance:javatest.com.epam.cdp.testngtests.SubTest@7bfcd12c]" name="doubleSub" duration-ms="0" started-at="2017-06-23T16:12:43Z" data-provider="doubleDataProvider" finished-at="2017-06-23T16:12:43Z">
          <params>
            <param index="0">
              <value>
                <![CDATA[1.23]]>
              </value>
            </param>
            <param index="1">
              <value>
                <![CDATA[1]]>
              </value>
            </param>
            <param index="2">
              <value>
                <![CDATA[0.23]]>
              </value>
            </param>
          </params>
          <reporter-output>
          </reporter-output>
        </test-method> <!-- doubleSub -->
        <test-method status="PASS" signature="setUp()[pri:0, instance:javatest.com.epam.cdp.testngtests.SubTest@7bfcd12c]" name="setUp" is-config="true" duration-ms="1" started-at="2017-06-23T16:12:43Z" finished-at="2017-06-23T16:12:43Z">
          <reporter-output>
          </reporter-output>
        </test-method> <!-- setUp -->
        <test-method status="PASS" signature="doubleSub(double, double, double)[pri:0, instance:javatest.com.epam.cdp.testngtests.SubTest@7bfcd12c]" name="doubleSub" duration-ms="0" started-at="2017-06-23T16:12:43Z" data-provider="doubleDataProvider" finished-at="2017-06-23T16:12:43Z">
          <params>
            <param index="0">
              <value>
                <![CDATA[4.55]]>
              </value>
            </param>
            <param index="1">
              <value>
                <![CDATA[0]]>
              </value>
            </param>
            <param index="2">
              <value>
                <![CDATA[4.55]]>
              </value>
            </param>
          </params>
          <reporter-output>
          </reporter-output>
        </test-method> <!-- doubleSub -->
        <test-method status="PASS" signature="doubleSub(double, double, double)[pri:0, instance:javatest.com.epam.cdp.testngtests.SubTest@7bfcd12c]" name="doubleSub" duration-ms="0" started-at="2017-06-23T16:12:43Z" data-provider="doubleDataProvider" finished-at="2017-06-23T16:12:43Z">
          <params>
            <param index="0">
              <value>
                <![CDATA[5.67]]>
              </value>
            </param>
            <param index="1">
              <value>
                <![CDATA[-3]]>
              </value>
            </param>
            <param index="2">
              <value>
                <![CDATA[8.67]]>
              </value>
            </param>
          </params>
          <reporter-output>
          </reporter-output>
        </test-method> <!-- doubleSub -->
        <test-method status="PASS" signature="setUp()[pri:0, instance:javatest.com.epam.cdp.testngtests.SubTest@7bfcd12c]" name="setUp" is-config="true" duration-ms="0" started-at="2017-06-23T16:12:43Z" finished-at="2017-06-23T16:12:43Z">
          <reporter-output>
          </reporter-output>
        </test-method> <!-- setUp -->
        <test-method status="PASS" signature="doubleSub(double, double, double)[pri:0, instance:javatest.com.epam.cdp.testngtests.SubTest@7bfcd12c]" name="doubleSub" duration-ms="0" started-at="2017-06-23T16:12:43Z" data-provider="doubleDataProvider" finished-at="2017-06-23T16:12:43Z">
          <params>
            <param index="0">
              <value>
                <![CDATA[14.5666666]]>
              </value>
            </param>
            <param index="1">
              <value>
                <![CDATA[14.5666666]]>
              </value>
            </param>
            <param index="2">
              <value>
                <![CDATA[0]]>
              </value>
            </param>
          </params>
          <reporter-output>
          </reporter-output>
        </test-method> <!-- doubleSub -->
        <test-method status="PASS" signature="setUp()[pri:0, instance:javatest.com.epam.cdp.testngtests.SubTest@7bfcd12c]" name="setUp" is-config="true" duration-ms="0" started-at="2017-06-23T16:12:43Z" finished-at="2017-06-23T16:12:43Z">
          <reporter-output>
          </reporter-output>
        </test-method> <!-- setUp -->
        <test-method status="PASS" signature="longSub(long, long, long)[pri:0, instance:javatest.com.epam.cdp.testngtests.SubTest@7bfcd12c]" name="longSub" duration-ms="0" started-at="2017-06-23T16:12:43Z" data-provider="longDataProvider" finished-at="2017-06-23T16:12:43Z">
          <params>
            <param index="0">
              <value>
                <![CDATA[-100]]>
              </value>
            </param>
            <param index="1">
              <value>
                <![CDATA[250]]>
              </value>
            </param>
            <param index="2">
              <value>
                <![CDATA[-350]]>
              </value>
            </param>
          </params>
          <reporter-output>
          </reporter-output>
        </test-method> <!-- longSub -->
        <test-method status="PASS" signature="setUp()[pri:0, instance:javatest.com.epam.cdp.testngtests.SubTest@7bfcd12c]" name="setUp" is-config="true" duration-ms="0" started-at="2017-06-23T16:12:43Z" finished-at="2017-06-23T16:12:43Z">
          <reporter-output>
          </reporter-output>
        </test-method> <!-- setUp -->
        <test-method status="PASS" signature="longSub(long, long, long)[pri:0, instance:javatest.com.epam.cdp.testngtests.SubTest@7bfcd12c]" name="longSub" duration-ms="0" started-at="2017-06-23T16:12:43Z" data-provider="longDataProvider" finished-at="2017-06-23T16:12:43Z">
          <params>
            <param index="0">
              <value>
                <![CDATA[1000]]>
              </value>
            </param>
            <param index="1">
              <value>
                <![CDATA[3500]]>
              </value>
            </param>
            <param index="2">
              <value>
                <![CDATA[-2500]]>
              </value>
            </param>
          </params>
          <reporter-output>
          </reporter-output>
        </test-method> <!-- longSub -->
        <test-method status="PASS" signature="longSub(long, long, long)[pri:0, instance:javatest.com.epam.cdp.testngtests.SubTest@7bfcd12c]" name="longSub" duration-ms="0" started-at="2017-06-23T16:12:43Z" data-provider="longDataProvider" finished-at="2017-06-23T16:12:43Z">
          <params>
            <param index="0">
              <value>
                <![CDATA[50]]>
              </value>
            </param>
            <param index="1">
              <value>
                <![CDATA[200]]>
              </value>
            </param>
            <param index="2">
              <value>
                <![CDATA[-150]]>
              </value>
            </param>
          </params>
          <reporter-output>
          </reporter-output>
        </test-method> <!-- longSub -->
        <test-method status="PASS" signature="setUp()[pri:0, instance:javatest.com.epam.cdp.testngtests.SubTest@7bfcd12c]" name="setUp" is-config="true" duration-ms="0" started-at="2017-06-23T16:12:43Z" finished-at="2017-06-23T16:12:43Z">
          <reporter-output>
          </reporter-output>
        </test-method> <!-- setUp -->
        <test-method status="PASS" signature="setUp()[pri:0, instance:javatest.com.epam.cdp.testngtests.SubTest@7bfcd12c]" name="setUp" is-config="true" duration-ms="0" started-at="2017-06-23T16:12:43Z" finished-at="2017-06-23T16:12:43Z">
          <reporter-output>
          </reporter-output>
        </test-method> <!-- setUp -->
        <test-method status="PASS" signature="setUp()[pri:0, instance:javatest.com.epam.cdp.testngtests.SubTest@7bfcd12c]" name="setUp" is-config="true" duration-ms="0" started-at="2017-06-23T16:12:43Z" finished-at="2017-06-23T16:12:43Z">
          <reporter-output>
          </reporter-output>
        </test-method> <!-- setUp -->
        <test-method status="PASS" signature="setUp()[pri:0, instance:javatest.com.epam.cdp.testngtests.SubTest@7bfcd12c]" name="setUp" is-config="true" duration-ms="0" started-at="2017-06-23T16:12:43Z" finished-at="2017-06-23T16:12:43Z">
          <reporter-output>
          </reporter-output>
        </test-method> <!-- setUp -->
        <test-method status="PASS" signature="longSub(long, long, long)[pri:0, instance:javatest.com.epam.cdp.testngtests.SubTest@7bfcd12c]" name="longSub" duration-ms="0" started-at="2017-06-23T16:12:43Z" data-provider="longDataProvider" finished-at="2017-06-23T16:12:43Z">
          <params>
            <param index="0">
              <value>
                <![CDATA[100]]>
              </value>
            </param>
            <param index="1">
              <value>
                <![CDATA[-100]]>
              </value>
            </param>
            <param index="2">
              <value>
                <![CDATA[200]]>
              </value>
            </param>
          </params>
          <reporter-output>
          </reporter-output>
        </test-method> <!-- longSub -->
        <test-method status="PASS" signature="longSub(long, long, long)[pri:0, instance:javatest.com.epam.cdp.testngtests.SubTest@7bfcd12c]" name="longSub" duration-ms="0" started-at="2017-06-23T16:12:43Z" data-provider="longDataProvider" finished-at="2017-06-23T16:12:43Z">
          <params>
            <param index="0">
              <value>
                <![CDATA[0]]>
              </value>
            </param>
            <param index="1">
              <value>
                <![CDATA[0]]>
              </value>
            </param>
            <param index="2">
              <value>
                <![CDATA[0]]>
              </value>
            </param>
          </params>
          <reporter-output>
          </reporter-output>
        </test-method> <!-- longSub -->
        <test-method status="PASS" signature="longSub(long, long, long)[pri:0, instance:javatest.com.epam.cdp.testngtests.SubTest@7bfcd12c]" name="longSub" duration-ms="0" started-at="2017-06-23T16:12:43Z" data-provider="longDataProvider" finished-at="2017-06-23T16:12:43Z">
          <params>
            <param index="0">
              <value>
                <![CDATA[300]]>
              </value>
            </param>
            <param index="1">
              <value>
                <![CDATA[0]]>
              </value>
            </param>
            <param index="2">
              <value>
                <![CDATA[300]]>
              </value>
            </param>
          </params>
          <reporter-output>
          </reporter-output>
        </test-method> <!-- longSub -->
        <test-method status="PASS" signature="longSub(long, long, long)[pri:0, instance:javatest.com.epam.cdp.testngtests.SubTest@7bfcd12c]" name="longSub" duration-ms="0" started-at="2017-06-23T16:12:43Z" data-provider="longDataProvider" finished-at="2017-06-23T16:12:43Z">
          <params>
            <param index="0">
              <value>
                <![CDATA[10]]>
              </value>
            </param>
            <param index="1">
              <value>
                <![CDATA[1]]>
              </value>
            </param>
            <param index="2">
              <value>
                <![CDATA[9]]>
              </value>
            </param>
          </params>
          <reporter-output>
          </reporter-output>
        </test-method> <!-- longSub -->
        <test-method status="PASS" signature="setUp()[pri:0, instance:javatest.com.epam.cdp.testngtests.SubTest@7bfcd12c]" name="setUp" is-config="true" duration-ms="0" started-at="2017-06-23T16:12:43Z" finished-at="2017-06-23T16:12:43Z">
          <reporter-output>
          </reporter-output>
        </test-method> <!-- setUp -->
      </class> <!-- javatest.com.epam.cdp.testngtests.SubTest -->
      <class name="javatest.com.epam.cdp.testngtests.TrigonometryTest">
        <test-method status="PASS" signature="setUp()[pri:0, instance:javatest.com.epam.cdp.testngtests.TrigonometryTest@27082746]" name="setUp" is-config="true" duration-ms="1" started-at="2017-06-23T16:12:43Z" finished-at="2017-06-23T16:12:43Z">
          <reporter-output>
          </reporter-output>
        </test-method> <!-- setUp -->
        <test-method status="PASS" signature="setUp()[pri:0, instance:javatest.com.epam.cdp.testngtests.TrigonometryTest@27082746]" name="setUp" is-config="true" duration-ms="1" started-at="2017-06-23T16:12:43Z" finished-at="2017-06-23T16:12:43Z">
          <reporter-output>
          </reporter-output>
        </test-method> <!-- setUp -->
        <test-method status="FAIL" signature="cos0()[pri:0, instance:javatest.com.epam.cdp.testngtests.TrigonometryTest@27082746]" name="cos0" duration-ms="0" started-at="2017-06-23T16:12:43Z" finished-at="2017-06-23T16:12:43Z">
          <exception class="java.lang.AssertionError">
            <message>
              <![CDATA[expected [1.0] but found [0.0]]]>
            </message>
            <full-stacktrace>
              <![CDATA[java.lang.AssertionError: expected [1.0] but found [0.0]
	at org.testng.Assert.fail(Assert.java:94)
	at org.testng.Assert.failNotEquals(Assert.java:494)
	at org.testng.Assert.assertEquals(Assert.java:123)
	at org.testng.Assert.assertEquals(Assert.java:165)
	at javatest.com.epam.cdp.testngtests.TrigonometryTest.cos0(TrigonometryTest.java:33)
	at sun.reflect.NativeMethodAccessorImpl.invoke0(Native Method)
	at sun.reflect.NativeMethodAccessorImpl.invoke(NativeMethodAccessorImpl.java:62)
	at sun.reflect.DelegatingMethodAccessorImpl.invoke(DelegatingMethodAccessorImpl.java:43)
	at java.lang.reflect.Method.invoke(Method.java:497)
	at org.testng.internal.MethodInvocationHelper.invokeMethod(MethodInvocationHelper.java:80)
	at org.testng.internal.Invoker.invokeMethod(Invoker.java:714)
	at org.testng.internal.Invoker.invokeTestMethod(Invoker.java:901)
	at org.testng.internal.Invoker.invokeTestMethods(Invoker.java:1231)
	at org.testng.internal.TestMethodWorker.invokeTestMethods(TestMethodWorker.java:127)
	at org.testng.internal.TestMethodWorker.run(TestMethodWorker.java:111)
	at org.testng.TestRunner.privateRun(TestRunner.java:767)
	at org.testng.TestRunner.run(TestRunner.java:617)
	at org.testng.SuiteRunner.runTest(SuiteRunner.java:334)
	at org.testng.SuiteRunner.runSequentially(SuiteRunner.java:329)
	at org.testng.SuiteRunner.privateRun(SuiteRunner.java:291)
	at org.testng.SuiteRunner.run(SuiteRunner.java:240)
	at org.testng.SuiteRunnerWorker.runSuite(SuiteRunnerWorker.java:52)
	at org.testng.SuiteRunnerWorker.run(SuiteRunnerWorker.java:86)
	at org.testng.TestNG.runSuitesSequentially(TestNG.java:1198)
	at org.testng.TestNG.runSuitesSequentially(TestNG.java:1194)
	at org.testng.TestNG.runSuitesLocally(TestNG.java:1123)
	at org.testng.TestNG.run(TestNG.java:1031)
	at javatest.com.epam.cdp.testngtests.TestRunner.main(TestRunner.java:28)
]]>
            </full-stacktrace>
          </exception> <!-- java.lang.AssertionError -->
          <reporter-output>
          </reporter-output>
        </test-method> <!-- cos0 -->
        <test-method status="PASS" signature="setUp()[pri:0, instance:javatest.com.epam.cdp.testngtests.TrigonometryTest@27082746]" name="setUp" is-config="true" duration-ms="1" started-at="2017-06-23T16:12:43Z" finished-at="2017-06-23T16:12:43Z">
          <reporter-output>
          </reporter-output>
        </test-method> <!-- setUp -->
        <test-method status="FAIL" signature="cos60()[pri:0, instance:javatest.com.epam.cdp.testngtests.TrigonometryTest@27082746]" name="cos60" duration-ms="0" started-at="2017-06-23T16:12:43Z" finished-at="2017-06-23T16:12:43Z">
          <exception class="java.lang.AssertionError">
            <message>
              <![CDATA[expected [0.5] but found [0.0]]]>
            </message>
            <full-stacktrace>
              <![CDATA[java.lang.AssertionError: expected [0.5] but found [0.0]
	at org.testng.Assert.fail(Assert.java:94)
	at org.testng.Assert.failNotEquals(Assert.java:494)
	at org.testng.Assert.assertEquals(Assert.java:123)
	at org.testng.Assert.assertEquals(Assert.java:165)
	at javatest.com.epam.cdp.testngtests.TrigonometryTest.cos60(TrigonometryTest.java:39)
	at sun.reflect.NativeMethodAccessorImpl.invoke0(Native Method)
	at sun.reflect.NativeMethodAccessorImpl.invoke(NativeMethodAccessorImpl.java:62)
	at sun.reflect.DelegatingMethodAccessorImpl.invoke(DelegatingMethodAccessorImpl.java:43)
	at java.lang.reflect.Method.invoke(Method.java:497)
	at org.testng.internal.MethodInvocationHelper.invokeMethod(MethodInvocationHelper.java:80)
	at org.testng.internal.Invoker.invokeMethod(Invoker.java:714)
	at org.testng.internal.Invoker.invokeTestMethod(Invoker.java:901)
	at org.testng.internal.Invoker.invokeTestMethods(Invoker.java:1231)
	at org.testng.internal.TestMethodWorker.invokeTestMethods(TestMethodWorker.java:127)
	at org.testng.internal.TestMethodWorker.run(TestMethodWorker.java:111)
	at org.testng.TestRunner.privateRun(TestRunner.java:767)
	at org.testng.TestRunner.run(TestRunner.java:617)
	at org.testng.SuiteRunner.runTest(SuiteRunner.java:334)
	at org.testng.SuiteRunner.runSequentially(SuiteRunner.java:329)
	at org.testng.SuiteRunner.privateRun(SuiteRunner.java:291)
	at org.testng.SuiteRunner.run(SuiteRunner.java:240)
	at org.testng.SuiteRunnerWorker.runSuite(SuiteRunnerWorker.java:52)
	at org.testng.SuiteRunnerWorker.run(SuiteRunnerWorker.java:86)
	at org.testng.TestNG.runSuitesSequentially(TestNG.java:1198)
	at org.testng.TestNG.runSuitesSequentially(TestNG.java:1194)
	at org.testng.TestNG.runSuitesLocally(TestNG.java:1123)
	at org.testng.TestNG.run(TestNG.java:1031)
	at javatest.com.epam.cdp.testngtests.TestRunner.main(TestRunner.java:28)
]]>
            </full-stacktrace>
          </exception> <!-- java.lang.AssertionError -->
          <reporter-output>
          </reporter-output>
        </test-method> <!-- cos60 -->
        <test-method status="FAIL" signature="ctg0()[pri:0, instance:javatest.com.epam.cdp.testngtests.TrigonometryTest@27082746]" name="ctg0" duration-ms="0" started-at="2017-06-23T16:12:43Z" finished-at="2017-06-23T16:12:43Z">
          <exception class="org.testng.TestException">
            <message>
              <![CDATA[
Expected exception java.lang.NumberFormatException but got org.testng.TestException: 
Method TrigonometryTest.ctg0()[pri:0, instance:javatest.com.epam.cdp.testngtests.TrigonometryTest@27082746] should have thrown an exception of class java.lang.NumberFormatException]]>
            </message>
            <full-stacktrace>
              <![CDATA[org.testng.TestException: 
Expected exception java.lang.NumberFormatException but got org.testng.TestException: 
Method TrigonometryTest.ctg0()[pri:0, instance:javatest.com.epam.cdp.testngtests.TrigonometryTest@27082746] should have thrown an exception of class java.lang.NumberFormatException
	at org.testng.internal.Invoker.handleInvocationResults(Invoker.java:1497)
	at org.testng.internal.Invoker.invokeTestMethods(Invoker.java:1245)
	at org.testng.internal.TestMethodWorker.invokeTestMethods(TestMethodWorker.java:127)
	at org.testng.internal.TestMethodWorker.run(TestMethodWorker.java:111)
	at org.testng.TestRunner.privateRun(TestRunner.java:767)
	at org.testng.TestRunner.run(TestRunner.java:617)
	at org.testng.SuiteRunner.runTest(SuiteRunner.java:334)
	at org.testng.SuiteRunner.runSequentially(SuiteRunner.java:329)
	at org.testng.SuiteRunner.privateRun(SuiteRunner.java:291)
	at org.testng.SuiteRunner.run(SuiteRunner.java:240)
	at org.testng.SuiteRunnerWorker.runSuite(SuiteRunnerWorker.java:52)
	at org.testng.SuiteRunnerWorker.run(SuiteRunnerWorker.java:86)
	at org.testng.TestNG.runSuitesSequentially(TestNG.java:1198)
	at org.testng.TestNG.runSuitesSequentially(TestNG.java:1194)
	at org.testng.TestNG.runSuitesLocally(TestNG.java:1123)
	at org.testng.TestNG.run(TestNG.java:1031)
	at javatest.com.epam.cdp.testngtests.TestRunner.main(TestRunner.java:28)
Caused by: org.testng.TestException: 
Method TrigonometryTest.ctg0()[pri:0, instance:javatest.com.epam.cdp.testngtests.TrigonometryTest@27082746] should have thrown an exception of class java.lang.NumberFormatException
	at org.testng.internal.Invoker.handleInvocationResults(Invoker.java:1512)
	at org.testng.internal.Invoker.invokeMethod(Invoker.java:754)
	at org.testng.internal.Invoker.invokeTestMethod(Invoker.java:901)
	at org.testng.internal.Invoker.invokeTestMethods(Invoker.java:1231)
	... 15 more
]]>
            </full-stacktrace>
          </exception> <!-- org.testng.TestException -->
          <reporter-output>
          </reporter-output>
        </test-method> <!-- ctg0 -->
        <test-method status="PASS" signature="setUp()[pri:0, instance:javatest.com.epam.cdp.testngtests.TrigonometryTest@27082746]" name="setUp" is-config="true" duration-ms="1" started-at="2017-06-23T16:12:43Z" finished-at="2017-06-23T16:12:43Z">
          <reporter-output>
          </reporter-output>
        </test-method> <!-- setUp -->
        <test-method status="PASS" signature="ctg45()[pri:0, instance:javatest.com.epam.cdp.testngtests.TrigonometryTest@27082746]" name="ctg45" duration-ms="0" started-at="2017-06-23T16:12:43Z" finished-at="2017-06-23T16:12:43Z">
          <reporter-output>
          </reporter-output>
        </test-method> <!-- ctg45 -->
        <test-method status="PASS" signature="setUp()[pri:0, instance:javatest.com.epam.cdp.testngtests.TrigonometryTest@27082746]" name="setUp" is-config="true" duration-ms="0" started-at="2017-06-23T16:12:43Z" finished-at="2017-06-23T16:12:43Z">
          <reporter-output>
          </reporter-output>
        </test-method> <!-- setUp -->
        <test-method status="PASS" signature="sin0()[pri:0, instance:javatest.com.epam.cdp.testngtests.TrigonometryTest@27082746]" name="sin0" duration-ms="0" started-at="2017-06-23T16:12:43Z" finished-at="2017-06-23T16:12:43Z">
          <reporter-output>
          </reporter-output>
        </test-method> <!-- sin0 -->
        <test-method status="PASS" signature="setUp()[pri:0, instance:javatest.com.epam.cdp.testngtests.TrigonometryTest@27082746]" name="setUp" is-config="true" duration-ms="1" started-at="2017-06-23T16:12:43Z" finished-at="2017-06-23T16:12:43Z">
          <reporter-output>
          </reporter-output>
        </test-method> <!-- setUp -->
        <test-method status="FAIL" signature="sin30()[pri:0, instance:javatest.com.epam.cdp.testngtests.TrigonometryTest@27082746]" name="sin30" duration-ms="0" started-at="2017-06-23T16:12:43Z" finished-at="2017-06-23T16:12:43Z">
          <exception class="java.lang.AssertionError">
            <message>
              <![CDATA[expected [0.5] but found [-0.9880316240928618]]]>
            </message>
            <full-stacktrace>
              <![CDATA[java.lang.AssertionError: expected [0.5] but found [-0.9880316240928618]
	at org.testng.Assert.fail(Assert.java:94)
	at org.testng.Assert.failNotEquals(Assert.java:494)
	at org.testng.Assert.assertEquals(Assert.java:123)
	at org.testng.Assert.assertEquals(Assert.java:165)
	at javatest.com.epam.cdp.testngtests.TrigonometryTest.sin30(TrigonometryTest.java:20)
	at sun.reflect.NativeMethodAccessorImpl.invoke0(Native Method)
	at sun.reflect.NativeMethodAccessorImpl.invoke(NativeMethodAccessorImpl.java:62)
	at sun.reflect.DelegatingMethodAccessorImpl.invoke(DelegatingMethodAccessorImpl.java:43)
	at java.lang.reflect.Method.invoke(Method.java:497)
	at org.testng.internal.MethodInvocationHelper.invokeMethod(MethodInvocationHelper.java:80)
	at org.testng.internal.Invoker.invokeMethod(Invoker.java:714)
	at org.testng.internal.Invoker.invokeTestMethod(Invoker.java:901)
	at org.testng.internal.Invoker.invokeTestMethods(Invoker.java:1231)
	at org.testng.internal.TestMethodWorker.invokeTestMethods(TestMethodWorker.java:127)
	at org.testng.internal.TestMethodWorker.run(TestMethodWorker.java:111)
	at org.testng.TestRunner.privateRun(TestRunner.java:767)
	at org.testng.TestRunner.run(TestRunner.java:617)
	at org.testng.SuiteRunner.runTest(SuiteRunner.java:334)
	at org.testng.SuiteRunner.runSequentially(SuiteRunner.java:329)
	at org.testng.SuiteRunner.privateRun(SuiteRunner.java:291)
	at org.testng.SuiteRunner.run(SuiteRunner.java:240)
	at org.testng.SuiteRunnerWorker.runSuite(SuiteRunnerWorker.java:52)
	at org.testng.SuiteRunnerWorker.run(SuiteRunnerWorker.java:86)
	at org.testng.TestNG.runSuitesSequentially(TestNG.java:1198)
	at org.testng.TestNG.runSuitesSequentially(TestNG.java:1194)
	at org.testng.TestNG.runSuitesLocally(TestNG.java:1123)
	at org.testng.TestNG.run(TestNG.java:1031)
	at javatest.com.epam.cdp.testngtests.TestRunner.main(TestRunner.java:28)
]]>
            </full-stacktrace>
          </exception> <!-- java.lang.AssertionError -->
          <reporter-output>
          </reporter-output>
        </test-method> <!-- sin30 -->
        <test-method status="PASS" signature="setUp()[pri:0, instance:javatest.com.epam.cdp.testngtests.TrigonometryTest@27082746]" name="setUp" is-config="true" duration-ms="1" started-at="2017-06-23T16:12:43Z" finished-at="2017-06-23T16:12:43Z">
          <reporter-output>
          </reporter-output>
        </test-method> <!-- setUp -->
        <test-method status="FAIL" signature="sin90()[pri:0, instance:javatest.com.epam.cdp.testngtests.TrigonometryTest@27082746]" name="sin90" duration-ms="0" started-at="2017-06-23T16:12:43Z" finished-at="2017-06-23T16:12:43Z">
          <exception class="java.lang.AssertionError">
            <message>
              <![CDATA[expected [1.0] but found [0.8939966636005579]]]>
            </message>
            <full-stacktrace>
              <![CDATA[java.lang.AssertionError: expected [1.0] but found [0.8939966636005579]
	at org.testng.Assert.fail(Assert.java:94)
	at org.testng.Assert.failNotEquals(Assert.java:494)
	at org.testng.Assert.assertEquals(Assert.java:123)
	at org.testng.Assert.assertEquals(Assert.java:165)
	at javatest.com.epam.cdp.testngtests.TrigonometryTest.sin90(TrigonometryTest.java:27)
	at sun.reflect.NativeMethodAccessorImpl.invoke0(Native Method)
	at sun.reflect.NativeMethodAccessorImpl.invoke(NativeMethodAccessorImpl.java:62)
	at sun.reflect.DelegatingMethodAccessorImpl.invoke(DelegatingMethodAccessorImpl.java:43)
	at java.lang.reflect.Method.invoke(Method.java:497)
	at org.testng.internal.MethodInvocationHelper.invokeMethod(MethodInvocationHelper.java:80)
	at org.testng.internal.Invoker.invokeMethod(Invoker.java:714)
	at org.testng.internal.Invoker.invokeTestMethod(Invoker.java:901)
	at org.testng.internal.Invoker.invokeTestMethods(Invoker.java:1231)
	at org.testng.internal.TestMethodWorker.invokeTestMethods(TestMethodWorker.java:127)
	at org.testng.internal.TestMethodWorker.run(TestMethodWorker.java:111)
	at org.testng.TestRunner.privateRun(TestRunner.java:767)
	at org.testng.TestRunner.run(TestRunner.java:617)
	at org.testng.SuiteRunner.runTest(SuiteRunner.java:334)
	at org.testng.SuiteRunner.runSequentially(SuiteRunner.java:329)
	at org.testng.SuiteRunner.privateRun(SuiteRunner.java:291)
	at org.testng.SuiteRunner.run(SuiteRunner.java:240)
	at org.testng.SuiteRunnerWorker.runSuite(SuiteRunnerWorker.java:52)
	at org.testng.SuiteRunnerWorker.run(SuiteRunnerWorker.java:86)
	at org.testng.TestNG.runSuitesSequentially(TestNG.java:1198)
	at org.testng.TestNG.runSuitesSequentially(TestNG.java:1194)
	at org.testng.TestNG.runSuitesLocally(TestNG.java:1123)
	at org.testng.TestNG.run(TestNG.java:1031)
	at javatest.com.epam.cdp.testngtests.TestRunner.main(TestRunner.java:28)
]]>
            </full-stacktrace>
          </exception> <!-- java.lang.AssertionError -->
          <reporter-output>
          </reporter-output>
        </test-method> <!-- sin90 -->
        <test-method status="PASS" signature="setUp()[pri:0, instance:javatest.com.epam.cdp.testngtests.TrigonometryTest@27082746]" name="setUp" is-config="true" duration-ms="0" started-at="2017-06-23T16:12:43Z" finished-at="2017-06-23T16:12:43Z">
          <reporter-output>
          </reporter-output>
        </test-method> <!-- setUp -->
        <test-method status="FAIL" signature="tg0()[pri:0, instance:javatest.com.epam.cdp.testngtests.TrigonometryTest@27082746]" name="tg0" duration-ms="0" started-at="2017-06-23T16:12:43Z" finished-at="2017-06-23T16:12:43Z">
          <exception class="java.lang.AssertionError">
            <message>
              <![CDATA[expected [0.0] but found [NaN]]]>
            </message>
            <full-stacktrace>
              <![CDATA[java.lang.AssertionError: expected [0.0] but found [NaN]
	at org.testng.Assert.fail(Assert.java:94)
	at org.testng.Assert.failNotEquals(Assert.java:494)
	at org.testng.Assert.assertEquals(Assert.java:123)
	at org.testng.Assert.assertEquals(Assert.java:165)
	at javatest.com.epam.cdp.testngtests.TrigonometryTest.tg0(TrigonometryTest.java:45)
	at sun.reflect.NativeMethodAccessorImpl.invoke0(Native Method)
	at sun.reflect.NativeMethodAccessorImpl.invoke(NativeMethodAccessorImpl.java:62)
	at sun.reflect.DelegatingMethodAccessorImpl.invoke(DelegatingMethodAccessorImpl.java:43)
	at java.lang.reflect.Method.invoke(Method.java:497)
	at org.testng.internal.MethodInvocationHelper.invokeMethod(MethodInvocationHelper.java:80)
	at org.testng.internal.Invoker.invokeMethod(Invoker.java:714)
	at org.testng.internal.Invoker.invokeTestMethod(Invoker.java:901)
	at org.testng.internal.Invoker.invokeTestMethods(Invoker.java:1231)
	at org.testng.internal.TestMethodWorker.invokeTestMethods(TestMethodWorker.java:127)
	at org.testng.internal.TestMethodWorker.run(TestMethodWorker.java:111)
	at org.testng.TestRunner.privateRun(TestRunner.java:767)
	at org.testng.TestRunner.run(TestRunner.java:617)
	at org.testng.SuiteRunner.runTest(SuiteRunner.java:334)
	at org.testng.SuiteRunner.runSequentially(SuiteRunner.java:329)
	at org.testng.SuiteRunner.privateRun(SuiteRunner.java:291)
	at org.testng.SuiteRunner.run(SuiteRunner.java:240)
	at org.testng.SuiteRunnerWorker.runSuite(SuiteRunnerWorker.java:52)
	at org.testng.SuiteRunnerWorker.run(SuiteRunnerWorker.java:86)
	at org.testng.TestNG.runSuitesSequentially(TestNG.java:1198)
	at org.testng.TestNG.runSuitesSequentially(TestNG.java:1194)
	at org.testng.TestNG.runSuitesLocally(TestNG.java:1123)
	at org.testng.TestNG.run(TestNG.java:1031)
	at javatest.com.epam.cdp.testngtests.TestRunner.main(TestRunner.java:28)
]]>
            </full-stacktrace>
          </exception> <!-- java.lang.AssertionError -->
          <reporter-output>
          </reporter-output>
        </test-method> <!-- tg0 -->
        <test-method status="PASS" signature="setUp()[pri:0, instance:javatest.com.epam.cdp.testngtests.TrigonometryTest@27082746]" name="setUp" is-config="true" duration-ms="1" started-at="2017-06-23T16:12:43Z" finished-at="2017-06-23T16:12:43Z">
          <reporter-output>
          </reporter-output>
        </test-method> <!-- setUp -->
        <test-method status="PASS" signature="tg45()[pri:0, instance:javatest.com.epam.cdp.testngtests.TrigonometryTest@27082746]" name="tg45" duration-ms="0" started-at="2017-06-23T16:12:43Z" finished-at="2017-06-23T16:12:43Z">
          <reporter-output>
          </reporter-output>
        </test-method> <!-- tg45 -->
        <test-method status="PASS" signature="setUp()[pri:0, instance:javatest.com.epam.cdp.testngtests.TrigonometryTest@27082746]" name="setUp" is-config="true" duration-ms="0" started-at="2017-06-23T16:12:43Z" finished-at="2017-06-23T16:12:43Z">
          <reporter-output>
          </reporter-output>
        </test-method> <!-- setUp -->
        <test-method status="FAIL" signature="tg90()[pri:0, instance:javatest.com.epam.cdp.testngtests.TrigonometryTest@27082746]" name="tg90" duration-ms="0" started-at="2017-06-23T16:12:43Z" finished-at="2017-06-23T16:12:43Z">
          <exception class="org.testng.TestException">
            <message>
              <![CDATA[
Expected exception java.lang.NumberFormatException but got org.testng.TestException: 
Method TrigonometryTest.tg90()[pri:0, instance:javatest.com.epam.cdp.testngtests.TrigonometryTest@27082746] should have thrown an exception of class java.lang.NumberFormatException]]>
            </message>
            <full-stacktrace>
              <![CDATA[org.testng.TestException: 
Expected exception java.lang.NumberFormatException but got org.testng.TestException: 
Method TrigonometryTest.tg90()[pri:0, instance:javatest.com.epam.cdp.testngtests.TrigonometryTest@27082746] should have thrown an exception of class java.lang.NumberFormatException
	at org.testng.internal.Invoker.handleInvocationResults(Invoker.java:1497)
	at org.testng.internal.Invoker.invokeTestMethods(Invoker.java:1245)
	at org.testng.internal.TestMethodWorker.invokeTestMethods(TestMethodWorker.java:127)
	at org.testng.internal.TestMethodWorker.run(TestMethodWorker.java:111)
	at org.testng.TestRunner.privateRun(TestRunner.java:767)
	at org.testng.TestRunner.run(TestRunner.java:617)
	at org.testng.SuiteRunner.runTest(SuiteRunner.java:334)
	at org.testng.SuiteRunner.runSequentially(SuiteRunner.java:329)
	at org.testng.SuiteRunner.privateRun(SuiteRunner.java:291)
	at org.testng.SuiteRunner.run(SuiteRunner.java:240)
	at org.testng.SuiteRunnerWorker.runSuite(SuiteRunnerWorker.java:52)
	at org.testng.SuiteRunnerWorker.run(SuiteRunnerWorker.java:86)
	at org.testng.TestNG.runSuitesSequentially(TestNG.java:1198)
	at org.testng.TestNG.runSuitesSequentially(TestNG.java:1194)
	at org.testng.TestNG.runSuitesLocally(TestNG.java:1123)
	at org.testng.TestNG.run(TestNG.java:1031)
	at javatest.com.epam.cdp.testngtests.TestRunner.main(TestRunner.java:28)
Caused by: org.testng.TestException: 
Method TrigonometryTest.tg90()[pri:0, instance:javatest.com.epam.cdp.testngtests.TrigonometryTest@27082746] should have thrown an exception of class java.lang.NumberFormatException
	at org.testng.internal.Invoker.handleInvocationResults(Invoker.java:1512)
	at org.testng.internal.Invoker.invokeMethod(Invoker.java:754)
	at org.testng.internal.Invoker.invokeTestMethod(Invoker.java:901)
	at org.testng.internal.Invoker.invokeTestMethods(Invoker.java:1231)
	... 15 more
]]>
            </full-stacktrace>
          </exception> <!-- org.testng.TestException -->
          <reporter-output>
          </reporter-output>
        </test-method> <!-- tg90 -->
      </class> <!-- javatest.com.epam.cdp.testngtests.TrigonometryTest -->
      <class name="javatest.com.epam.cdp.testngtests.DoubleSumTest">
        <test-method status="PASS" signature="testSum(double, double, double)[pri:0, instance:javatest.com.epam.cdp.testngtests.DoubleSumTest@5b1d2887]" name="testSum" duration-ms="0" started-at="2017-06-23T16:12:43Z" data-provider="sumDataProvider" finished-at="2017-06-23T16:12:43Z">
          <params>
            <param index="0">
              <value>
                <![CDATA[2.34]]>
              </value>
            </param>
            <param index="1">
              <value>
                <![CDATA[5.66]]>
              </value>
            </param>
            <param index="2">
              <value>
                <![CDATA[8]]>
              </value>
            </param>
          </params>
          <reporter-output>
          </reporter-output>
        </test-method> <!-- testSum -->
        <test-method status="PASS" signature="setUp()[pri:0, instance:javatest.com.epam.cdp.testngtests.DoubleSumTest@5b1d2887]" name="setUp" is-config="true" duration-ms="0" started-at="2017-06-23T16:12:43Z" finished-at="2017-06-23T16:12:43Z">
          <reporter-output>
          </reporter-output>
        </test-method> <!-- setUp -->
        <test-method status="PASS" signature="afterMethod()[pri:0, instance:javatest.com.epam.cdp.testngtests.DoubleSumTest@5b1d2887]" name="afterMethod" is-config="true" duration-ms="1" started-at="2017-06-23T16:12:43Z" finished-at="2017-06-23T16:12:43Z">
          <reporter-output>
          </reporter-output>
        </test-method> <!-- afterMethod -->
        <test-method status="PASS" signature="setUp()[pri:0, instance:javatest.com.epam.cdp.testngtests.DoubleSumTest@5b1d2887]" name="setUp" is-config="true" duration-ms="0" started-at="2017-06-23T16:12:43Z" finished-at="2017-06-23T16:12:43Z">
          <reporter-output>
          </reporter-output>
        </test-method> <!-- setUp -->
        <test-method status="PASS" signature="testSum(double, double, double)[pri:0, instance:javatest.com.epam.cdp.testngtests.DoubleSumTest@5b1d2887]" name="testSum" duration-ms="1" started-at="2017-06-23T16:12:43Z" data-provider="sumDataProvider" finished-at="2017-06-23T16:12:43Z">
          <params>
            <param index="0">
              <value>
                <![CDATA[1.23]]>
              </value>
            </param>
            <param index="1">
              <value>
                <![CDATA[4.55]]>
              </value>
            </param>
            <param index="2">
              <value>
                <![CDATA[5.78]]>
              </value>
            </param>
          </params>
          <reporter-output>
          </reporter-output>
        </test-method> <!-- testSum -->
        <test-method status="PASS" signature="afterMethod()[pri:0, instance:javatest.com.epam.cdp.testngtests.DoubleSumTest@5b1d2887]" name="afterMethod" is-config="true" duration-ms="0" started-at="2017-06-23T16:12:43Z" finished-at="2017-06-23T16:12:43Z">
          <reporter-output>
          </reporter-output>
        </test-method> <!-- afterMethod -->
        <test-method status="PASS" signature="setUp()[pri:0, instance:javatest.com.epam.cdp.testngtests.DoubleSumTest@5b1d2887]" name="setUp" is-config="true" duration-ms="1" started-at="2017-06-23T16:12:43Z" finished-at="2017-06-23T16:12:43Z">
          <reporter-output>
          </reporter-output>
        </test-method> <!-- setUp -->
        <test-method status="PASS" signature="testSum(double, double, double)[pri:0, instance:javatest.com.epam.cdp.testngtests.DoubleSumTest@5b1d2887]" name="testSum" duration-ms="1" started-at="2017-06-23T16:12:43Z" data-provider="sumDataProvider" finished-at="2017-06-23T16:12:43Z">
          <params>
            <param index="0">
              <value>
                <![CDATA[4.55]]>
              </value>
            </param>
            <param index="1">
              <value>
                <![CDATA[0]]>
              </value>
            </param>
            <param index="2">
              <value>
                <![CDATA[4.55]]>
              </value>
            </param>
          </params>
          <reporter-output>
          </reporter-output>
        </test-method> <!-- testSum -->
        <test-method status="PASS" signature="afterMethod()[pri:0, instance:javatest.com.epam.cdp.testngtests.DoubleSumTest@5b1d2887]" name="afterMethod" is-config="true" duration-ms="1" started-at="2017-06-23T16:12:43Z" finished-at="2017-06-23T16:12:43Z">
          <reporter-output>
          </reporter-output>
        </test-method> <!-- afterMethod -->
        <test-method status="PASS" signature="setUp()[pri:0, instance:javatest.com.epam.cdp.testngtests.DoubleSumTest@5b1d2887]" name="setUp" is-config="true" duration-ms="1" started-at="2017-06-23T16:12:43Z" finished-at="2017-06-23T16:12:43Z">
          <reporter-output>
          </reporter-output>
        </test-method> <!-- setUp -->
        <test-method status="PASS" signature="afterMethod()[pri:0, instance:javatest.com.epam.cdp.testngtests.DoubleSumTest@5b1d2887]" name="afterMethod" is-config="true" duration-ms="0" started-at="2017-06-23T16:12:43Z" finished-at="2017-06-23T16:12:43Z">
          <reporter-output>
          </reporter-output>
        </test-method> <!-- afterMethod -->
        <test-method status="PASS" signature="afterMethod()[pri:0, instance:javatest.com.epam.cdp.testngtests.DoubleSumTest@5b1d2887]" name="afterMethod" is-config="true" duration-ms="1" started-at="2017-06-23T16:12:43Z" finished-at="2017-06-23T16:12:43Z">
          <reporter-output>
          </reporter-output>
        </test-method> <!-- afterMethod -->
        <test-method status="PASS" signature="testSum(double, double, double)[pri:0, instance:javatest.com.epam.cdp.testngtests.DoubleSumTest@5b1d2887]" name="testSum" duration-ms="0" started-at="2017-06-23T16:12:43Z" data-provider="sumDataProvider" finished-at="2017-06-23T16:12:43Z">
          <params>
            <param index="0">
              <value>
                <![CDATA[0]]>
              </value>
            </param>
            <param index="1">
              <value>
                <![CDATA[0]]>
              </value>
            </param>
            <param index="2">
              <value>
                <![CDATA[0]]>
              </value>
            </param>
          </params>
          <reporter-output>
          </reporter-output>
        </test-method> <!-- testSum -->
        <test-method status="PASS" signature="setUp()[pri:0, instance:javatest.com.epam.cdp.testngtests.DoubleSumTest@5b1d2887]" name="setUp" is-config="true" duration-ms="0" started-at="2017-06-23T16:12:43Z" finished-at="2017-06-23T16:12:43Z">
          <reporter-output>
          </reporter-output>
        </test-method> <!-- setUp -->
        <test-method status="PASS" signature="testSum(double, double, double)[pri:0, instance:javatest.com.epam.cdp.testngtests.DoubleSumTest@5b1d2887]" name="testSum" duration-ms="0" started-at="2017-06-23T16:12:43Z" data-provider="sumDataProvider" finished-at="2017-06-23T16:12:43Z">
          <params>
            <param index="0">
              <value>
                <![CDATA[5.67]]>
              </value>
            </param>
            <param index="1">
              <value>
                <![CDATA[-3]]>
              </value>
            </param>
            <param index="2">
              <value>
                <![CDATA[2.67]]>
              </value>
            </param>
          </params>
          <reporter-output>
          </reporter-output>
        </test-method> <!-- testSum -->
      </class> <!-- javatest.com.epam.cdp.testngtests.DoubleSumTest -->
    </test> <!-- Calculator - all-tests -->
  </suite> <!-- CalculatorTestNG -->
</testng-results>
